OPEN "UTIL.LOG.CMD"
OPEN "UTIL.LOG.EVENT"
OPEN "UTIL.CONFIG"
ERRR "Unable to read [ldn-srv-ubnt01~util.properties]"
RCRD ""
OPEN "UTIL.CONFIG"
ERRR "Unable to read [ldn-srv-ubnt01~util.properties]"
RCRD ""
OPEN "UTIL.CONFIG"
ERRR "Unable to read [ldn-srv-ubnt01~util.properties]"
RCRD ""
OPEN "UTIL.CONFIG"
ERRR "Unable to read [ldn-srv-ubnt01~util.properties]"
RCRD ""
OPEN "UTIL.CONFIG"
ERRR "Unable to read [ldn-srv-ubnt01~util.properties]"
RCRD ""
OPEN "UTIL.CONFIG"
ERRR "Unable to read [ldn-srv-ubnt01~util.properties]"
RCRD ""
[K"20191220T105353","INFO","[[1mUNQ.ID         [m][c5ad8e51-a853-46c5-8481-e4e9cc3452d2]"
OPEN "UTIL.CONFIG"
ERRR "Unable to read [ldn-srv-ubnt01~util.properties]"
RCRD ""
OPEN "UTIL.CONFIG"
ERRR "Unable to read [ldn-srv-ubnt01~util.properties]"
RCRD ""
OPEN "UTIL.CONFIG"
ERRR "Unable to read [ldn-srv-ubnt01~util.properties]"
RCRD ""
OPEN "UTIL.CONFIG"
ERRR "Unable to read [ldn-srv-ubnt01~util.properties]"
RCRD ""
OPEN "UTIL.CONFIG"
ERRR "Unable to read [ldn-srv-ubnt01~util.properties]"
RCRD ""
OPEN "UTIL.CONFIG"
ERRR "Unable to read [ldn-srv-ubnt01~util.properties]"
RCRD ""
[K"20191220T105353","INFO","â”â”â”â”â”â”â”â”â”â”â”â”â”â”â”â”â”â”â”â”â”â”â”â”â”â”â”â”â”â”â”â”â”â”â”â”â”â”â”â”â”â”â”â”â”â”â”â”â”â”â”â”â”â”â”â”â”â”â”â”â”â”â”â”â”â”â”â”â”â”â”â”â”â”"
OPEN "UTIL.CONFIG"
ERRR "Unable to read [ldn-srv-ubnt01~util.properties]"
RCRD ""
OPEN "UTIL.CONFIG"
ERRR "Unable to read [ldn-srv-ubnt01~util.properties]"
RCRD ""
OPEN "UTIL.CONFIG"
ERRR "Unable to read [ldn-srv-ubnt01~util.properties]"
RCRD ""
OPEN "UTIL.CONFIG"
ERRR "Unable to read [ldn-srv-ubnt01~util.properties]"
RCRD ""
OPEN "UTIL.CONFIG"
ERRR "Unable to read [ldn-srv-ubnt01~util.properties]"
RCRD ""
[K"20191220T105353","INFO","+-+-+-+-+-+-+-+-+-+ +-+-+-+-+-+-+-+"
OPEN "UTIL.CONFIG"
ERRR "Unable to read [ldn-srv-ubnt01~util.properties]"
RCRD ""
OPEN "UTIL.CONFIG"
ERRR "Unable to read [ldn-srv-ubnt01~util.properties]"
RCRD ""
OPEN "UTIL.CONFIG"
ERRR "Unable to read [ldn-srv-ubnt01~util.properties]"
RCRD ""
OPEN "UTIL.CONFIG"
ERRR "Unable to read [ldn-srv-ubnt01~util.properties]"
RCRD ""
OPEN "UTIL.CONFIG"
ERRR "Unable to read [ldn-srv-ubnt01~util.properties]"
RCRD ""
[K"20191220T105353","INFO","|(|R|E|)|B|U|I|L|D| |F|I|L|E|(|S|)|"
OPEN "UTIL.CONFIG"
ERRR "Unable to read [ldn-srv-ubnt01~util.properties]"
RCRD ""
OPEN "UTIL.CONFIG"
ERRR "Unable to read [ldn-srv-ubnt01~util.properties]"
RCRD ""
OPEN "UTIL.CONFIG"
ERRR "Unable to read [ldn-srv-ubnt01~util.properties]"
RCRD ""
OPEN "UTIL.CONFIG"
ERRR "Unable to read [ldn-srv-ubnt01~util.properties]"
RCRD ""
OPEN "UTIL.CONFIG"
ERRR "Unable to read [ldn-srv-ubnt01~util.properties]"
RCRD ""
[K"20191220T105353","INFO","+-+-+-+-+-+-+-+-+-+ +-+-+-+-+-+-+-+"
OPEN "UTIL.CONFIG"
ERRR "Unable to read [ldn-srv-ubnt01~util.properties]"
RCRD ""
OPEN "UTIL.CONFIG"
ERRR "Unable to read [ldn-srv-ubnt01~util.properties]"
RCRD ""
OPEN "UTIL.CONFIG"
ERRR "Unable to read [ldn-srv-ubnt01~util.properties]"
RCRD ""
OPEN "UTIL.CONFIG"
ERRR "Unable to read [ldn-srv-ubnt01~util.properties]"
RCRD ""
OPEN "UTIL.CONFIG"
ERRR "Unable to read [ldn-srv-ubnt01~util.properties]"
RCRD ""
[K"20191220T105353","INFO","â”â”â”â”â”â”â”â”â”â”â”â”â”â”â”â”â”â”â”â”â”â”â”â”â”â”â”â”â”â”â”â”â”â”â”â”â”â”â”â”â”â”â”â”â”â”â”â”â”â”â”â”â”â”â”â”â”â”â”â”â”â”â”â”â”â”â”â”â”â”â”â”â”â”"
OPEN "UTIL.CONFIG"
OPEN "UTIL.FILE.DEFINITIONS"
OPEN "UTIL.CONFIG"
ERRR "Unable to read [ldn-srv-ubnt01~util.properties]"
RCRD ""
OPEN "UTIL.CONFIG"
ERRR "Unable to read [ldn-srv-ubnt01~util.properties]"
RCRD ""
OPEN "UTIL.CONFIG"
ERRR "Unable to read [ldn-srv-ubnt01~util.properties]"
RCRD ""
OPEN "UTIL.CONFIG"
ERRR "Unable to read [ldn-srv-ubnt01~util.properties]"
RCRD ""
OPEN "UTIL.CONFIG"
ERRR "Unable to read [ldn-srv-ubnt01~util.properties]"
RCRD ""
[K"20191220T105353","INFO","[[1mERROR          [m][Parameters [ALL, or specific i.e. UTIL/SIENA]]"
