[K"20200116T132001","INFO","â”â”â”â”â”â”â”â”â”â”â”â”â”â”â”â”â”â”â”â”â”â”â”â”â”â”â”â”â”â”â”â”â”â”â”â”â”â”â”â”â”â”â”â”â”â”â”â”â”â”â”â”â”â”â”â”â”â”â”â”â”â”â”â”â”â”â”â”â”â”â”â”â”â”"
[K"20200116T132001","INFO","+-+-+-+-+-+-+-+-+"
[K"20200116T132001","INFO","|S|I|E|N|A|.|D|O|"
[K"20200116T132001","INFO","+-+-+-+-+-+-+-+-+"
[K"20200116T132001","INFO","â”â”â”â”â”â”â”â”â”â”â”â”â”â”â”â”â”â”â”â”â”â”â”â”â”â”â”â”â”â”â”â”â”â”â”â”â”â”â”â”â”â”â”â”â”â”â”â”â”â”â”â”â”â”â”â”â”â”â”â”â”â”â”â”â”â”â”â”â”â”â”â”â”â”"
[K"20200116T132001","INFO","[[1mPROCESS        [m][CHECKIN]"
[K"20200116T132001","INFO","[[1mDO SUB         [m][SIENA.GIT.CHECKIN.HELPER]"
[K"20200116T132001","INFO","[[1mOS.COMMAND     [m][git add .]"
warning: CRLF will be replaced by LF in CRON_CHECKIN.log.
The file will have its original line endings in your working directory.
[K"20200116T132002","INFO","[[1mOS.COMMAND     [m][git commit -m "auto.20200116t132001"]"
Auto packing the repository in background for optimum performance.
See "git help gc" for manual housekeeping.
[master 0d8b4f72] auto.20200116t132001
 668 files changed, 61546 insertions(+), 430 deletions(-)
 copy SIENA.STAGING/RVMARKET => SIENA.PROCESSED/019314df-bd24-4198-948b-0feb50ccaeed (90%)
 create mode 100644 SIENA.PROCESSED/07b30197-409a-4321-bfb6-f5389b795e64
 create mode 100644 SIENA.PROCESSED/1317c97f-d6b7-42fc-97c8-58bb2b4d515e
 create mode 100644 SIENA.PROCESSED/13271f9b-20f0-41e0-bbb6-5e0da875ddac
 create mode 100644 SIENA.PROCESSED/147688bf-ab5e-46b4-8fbc-099b12dc7dc8
 create mode 100644 SIENA.PROCESSED/18822263-0bbd-4355-9225-17b7c1f5c702
 create mode 100644 SIENA.PROCESSED/18987454-e160-4357-a8c1-b48b35c52581
 copy SIENA.STAGING/RVMARKET!BCFWD => SIENA.PROCESSED/1be2e5cf-6075-4469-8e64-c7eb2e2b8a14 (90%)
 create mode 100644 SIENA.PROCESSED/23a48813-f4c2-40f6-8379-9271352b784e
 create mode 100644 SIENA.PROCESSED/27707091-22af-473f-8ee4-dbca00e4df2c
 create mode 100644 SIENA.PROCESSED/2a66e42a-273d-4e00-addf-c45c3a202012
 create mode 100644 SIENA.PROCESSED/32b9e967-73d1-4d4e-ac68-f178ff0c138e
 create mode 100644 SIENA.PROCESSED/35372948-4327-42d2-a8f0-a3d13d890d49
 create mode 100644 SIENA.PROCESSED/36025936-28fa-4092-9e0b-da2b8924eb60
 create mode 100644 SIENA.PROCESSED/3b0edd21-59bd-4755-afa3-f268fc3e4e19
 create mode 100644 SIENA.PROCESSED/3c56690e-e603-42a0-9888-4fbbc403fdb8
 create mode 100644 SIENA.PROCESSED/401cfe7e-3247-49e0-b573-7d1a0d466b49
 create mode 100644 SIENA.PROCESSED/4238be30-2021-4023-989b-ab3c7e837947
 create mode 100644 SIENA.PROCESSED/428a17bd-fce0-4808-bc46-f585d53c2f89
 create mode 100644 SIENA.PROCESSED/4369b268-3a59-4ffd-a4f0-dbe563a5033b
 create mode 100644 SIENA.PROCESSED/442adb46-17be-43ef-85c7-1842b022ec90
 create mode 100644 SIENA.PROCESSED/4b408df4-6d33-4833-ad4c-5bd64f494f2d
 create mode 100644 SIENA.PROCESSED/4e7c4c92-b73d-4fb6-814b-cb4968d1e8ce
 create mode 100644 SIENA.PROCESSED/4eee5d2e-7528-4ab3-999a-07c9967eef01
 create mode 100644 SIENA.PROCESSED/55a79a92-b9c5-43d6-9a89-b865c073a904
 create mode 100644 SIENA.PROCESSED/5885354e-a1a7-4111-8649-a23e6e6bc879
 create mode 100644 SIENA.PROCESSED/5e64b37d-71fc-4ca2-967d-0df41417eb4d
 create mode 100644 SIENA.PROCESSED/5e7dc23c-3245-4725-b134-27320b4a92d3
 create mode 100644 SIENA.PROCESSED/6bea9d0c-bf6f-4169-b74e-ae6d82798927
 create mode 100644 SIENA.PROCESSED/72e85e7f-5c37-4238-8218-9c8eaba91ac7
 create mode 100644 SIENA.PROCESSED/748fff98-c01f-4620-b268-50a673950a6c
 create mode 100644 SIENA.PROCESSED/7a4cfd9b-9b0b-492a-aa40-a20d76926112
 create mode 100644 SIENA.PROCESSED/81bb094f-4ccb-49a7-8705-4616fd20a5a3
 create mode 100644 SIENA.PROCESSED/8865a692-17a3-42c9-a077-421bcf47647c
 create mode 100644 SIENA.PROCESSED/9180d188-96a2-41b9-8aa7-0b1f1a7f8a85
 create mode 100644 SIENA.PROCESSED/97bab1c6-d260-428e-8292-af94c03fefca
 create mode 100644 SIENA.PROCESSED/982b01af-7ce4-4f0c-be5d-cfcd88611eb1
 create mode 100644 SIENA.PROCESSED/982d7961-30af-4702-87f5-78ee5f541761
 create mode 100644 SIENA.PROCESSED/987af56c-fa98-4918-aef9-4c245392d6ad
 create mode 100644 SIENA.PROCESSED/9ecdaaf3-50ba-421c-b99a-72a44a38b2cf
 create mode 100644 SIENA.PROCESSED/a23e0f49-7bb5-435f-9051-19464202e68a
 create mode 100644 SIENA.PROCESSED/aa3db113-a2bd-4459-a34e-4876abd1cf72
 create mode 100644 SIENA.PROCESSED/b052521f-2471-4c03-aa11-032ba05e51d3
 create mode 100644 SIENA.PROCESSED/b692aa43-1658-402c-aab5-383988480b21
 create mode 100644 SIENA.PROCESSED/c1b66ad7-2943-4107-9da6-394f427181c8
 create mode 100644 SIENA.PROCESSED/c3286f8c-2eea-4fe4-a285-5b5400e00e12
 create mode 100644 SIENA.PROCESSED/c6062a48-8b86-4386-8229-5671d91ffe2c
 create mode 100644 SIENA.PROCESSED/d07da913-d5ab-47d6-8826-feea060120d1
 create mode 100644 SIENA.PROCESSED/d2938d90-f608-4dd2-84be-9c9f6d911559
 create mode 100644 SIENA.PROCESSED/d40e21a0-fa32-4465-a540-380a131b49e0
 create mode 100644 SIENA.PROCESSED/d7b0f707-a16a-40aa-8dca-9399ef5538d4
 create mode 100644 SIENA.PROCESSED/d95054f4-e16b-45cb-b6ed-1b3a6ad088fa
 create mode 100644 SIENA.PROCESSED/dcd781fc-3428-4862-a749-1bce68c448fb
 create mode 100644 SIENA.PROCESSED/dce75b80-da51-4d3a-84a0-a59eb8317990
 create mode 100644 SIENA.PROCESSED/e1c8dcaf-85cc-4429-a3f3-ac7581655d0b
 create mode 100644 SIENA.PROCESSED/e8377b14-8ef3-4626-8021-1df18ee38ad0
 rewrite SIENA.STAGING/RVMARKET (75%)
 rewrite SIENA.STAGING/RVMARKET!BCFWD (73%)
 rewrite SIENA.STAGING/RVMARKET!BCSP (100%)
 create mode 100644 UTIL.LOG.CMD/005a2b9e-4289-48e0-a1b5-ed0e86217448
 create mode 100644 UTIL.LOG.CMD/009d0780-114c-44ee-a296-06693677ec8b
 create mode 100644 UTIL.LOG.CMD/011738fe-2234-409e-882c-1d67d26343ba
 create mode 100644 UTIL.LOG.CMD/0130d44e-ac4d-4775-ad96-9f21046dbd07
 create mode 100644 UTIL.LOG.CMD/02e0474b-83c8-4347-87d4-ac3397bc09df
 create mode 100644 UTIL.LOG.CMD/02fddb3c-777d-4467-b923-3dbfdcb5f9f1
 create mode 100644 UTIL.LOG.CMD/03491cba-82fa-406d-a980-eea2e32d6c33
 create mode 100644 UTIL.LOG.CMD/057074a1-a384-4049-97e0-1ae75f188e44
 create mode 100644 UTIL.LOG.CMD/059f6443-30bb-4f33-8d75-af1cb06ea934
 create mode 100644 UTIL.LOG.CMD/07964d15-5b24-49a6-9ecd-777f3cf95a1f
 create mode 100644 UTIL.LOG.CMD/09af9b87-3649-42ed-908a-ed3d1548f9ef
 create mode 100644 UTIL.LOG.CMD/09d0a1be-41ef-4225-b3bb-8036eea09ae6
 create mode 100644 UTIL.LOG.CMD/0c4a5e79-29f5-46f4-9be2-7137cde251ed
 create mode 100644 UTIL.LOG.CMD/0c69f788-a6c3-4864-a7a5-ea7b604faa23
 create mode 100644 UTIL.LOG.CMD/0c6fb694-d6d5-4055-89a1-922a8c46ef54
 create mode 100644 UTIL.LOG.CMD/0dcf7cad-1217-4278-9930-80c1f38b53bb
 create mode 100644 UTIL.LOG.CMD/0e6ef456-1827-43ed-9f7e-2f54ddff1e03
 create mode 100644 UTIL.LOG.CMD/0eb51061-6aac-45e6-900d-fb2e56d08371
 create mode 100644 UTIL.LOG.CMD/1156d3ab-53db-44ec-b1a5-3ce35e066ce6
 create mode 100644 UTIL.LOG.CMD/119e2d40-e4a5-4e33-8589-f424a1c67bd6
 create mode 100644 UTIL.LOG.CMD/1301d1fe-2403-4e4e-92df-85d5c3aea4ad
 create mode 100644 UTIL.LOG.CMD/13b18bb4-2ddf-499f-b131-772d01358a8a
 create mode 100644 UTIL.LOG.CMD/15442933-79cd-4bc4-ae06-03ce81ff6bb1
 create mode 100644 UTIL.LOG.CMD/163d4934-8390-444b-a399-03be4c20eec7
 create mode 100644 UTIL.LOG.CMD/1670e987-18f4-4cff-abea-d8fd4139287a
 create mode 100644 UTIL.LOG.CMD/16e1eba3-1460-4f72-9a1f-6696d6d98311
 create mode 100644 UTIL.LOG.CMD/1769991d-a531-4a9c-a761-7e613b1e7931
 create mode 100644 UTIL.LOG.CMD/19b47e37-5189-40f2-b679-1141093106f5
 create mode 100644 UTIL.LOG.CMD/1acf547a-e6c3-4e27-a53f-a1f51e48018a
 create mode 100644 UTIL.LOG.CMD/1afcc81e-2278-4cc9-ae61-daffbd739fcc
 create mode 100644 UTIL.LOG.CMD/1c970273-c13a-48f2-af33-fa4c530fb21a
 create mode 100644 UTIL.LOG.CMD/1cd989fa-a98e-478c-97b4-a837bc38c8c5
 create mode 100644 UTIL.LOG.CMD/1ecf02f1-82bd-4555-a8f0-d81696ff4034
 create mode 100644 UTIL.LOG.CMD/1ed2036f-c148-4a5d-a044-d94baea86d06
 create mode 100644 UTIL.LOG.CMD/1ef91d97-8460-4fe2-8edd-def83915adfc
 create mode 100644 UTIL.LOG.CMD/1fa5e8e2-e519-4e9d-a3a8-04e7fe4d933c
 create mode 100644 UTIL.LOG.CMD/1feaff29-126b-41d2-b849-ad6b12d17c74
 create mode 100644 UTIL.LOG.CMD/206d14a2-47bc-4d8b-90f5-e599d6b0f4c5
 create mode 100644 UTIL.LOG.CMD/2121e6de-c943-4ea9-b4b4-90a1dd9dc71f
 create mode 100644 UTIL.LOG.CMD/21fb4379-1857-4a1d-82f0-9e923f1765ff
 create mode 100644 UTIL.LOG.CMD/22cc1df6-e136-49b3-86e2-cbcad2cd3479
 create mode 100644 UTIL.LOG.CMD/22f0d2ab-730a-4241-9289-c8b53386a251
 create mode 100644 UTIL.LOG.CMD/23a3489c-b405-4f6b-a7d0-6ee32e2bafb6
 create mode 100644 UTIL.LOG.CMD/24ed8e89-c81c-4933-a722-cf9e19801222
 create mode 100644 UTIL.LOG.CMD/253daba1-f71b-4033-b261-7c468f81383a
 create mode 100644 UTIL.LOG.CMD/2627dad6-7c82-43ac-8760-84eed593d654
 create mode 100644 UTIL.LOG.CMD/26cd036e-3a97-44ba-b6ae-afc3c90ed7a5
 create mode 100644 UTIL.LOG.CMD/282aedb8-d7d6-4638-82e2-b2e18b534d84
 create mode 100644 UTIL.LOG.CMD/283815ca-9fd6-4bbe-accd-707d9db0784e
 create mode 100644 UTIL.LOG.CMD/2904a8a6-42f4-4304-b107-961a19e62519
 create mode 100644 UTIL.LOG.CMD/2a49e65a-05d9-4d5b-b9d9-3e8c14a19f32
 create mode 100644 UTIL.LOG.CMD/2a4a3cf3-ee4c-4134-a150-1a7dee0cf29e
 create mode 100644 UTIL.LOG.CMD/2c2e3861-a1d3-4017-8dd5-f604b9f214db
 create mode 100644 UTIL.LOG.CMD/2d0bb0b3-d3c0-479a-acec-ab9305113ad6
 create mode 100644 UTIL.LOG.CMD/2f48503d-8dab-421f-bc09-5a34c68f76be
 create mode 100644 UTIL.LOG.CMD/2fa0bec0-242b-4db7-a213-a307b5e05186
 create mode 100644 UTIL.LOG.CMD/2fd034af-4bfc-474a-9afa-a0bfdd03f33f
 create mode 100644 UTIL.LOG.CMD/3011718d-ab14-4b1f-8efe-0f8b2bef7b64
 create mode 100644 UTIL.LOG.CMD/30d89d90-827f-44c1-8fe3-be340d1d1159
 create mode 100644 UTIL.LOG.CMD/32549c06-9709-4470-8d85-e1f65c5f998e
 create mode 100644 UTIL.LOG.CMD/3306b6da-7c61-4076-9b20-9d98b7653f55
 create mode 100644 UTIL.LOG.CMD/333b001f-6c69-4691-ba62-c91e63c45989
 create mode 100644 UTIL.LOG.CMD/358459e0-e6a2-4422-b652-0257649a6f51
 create mode 100644 UTIL.LOG.CMD/35a7a922-68b2-4acd-941b-e6896bcb93f0
 create mode 100644 UTIL.LOG.CMD/3748f6af-71b8-43de-8538-25a57a377324
 create mode 100644 UTIL.LOG.CMD/379be5d6-a976-4426-bd77-5e04138bc826
 create mode 100644 UTIL.LOG.CMD/3bc5eeee-6592-475b-a240-5203642301c5
 create mode 100644 UTIL.LOG.CMD/3c129eaf-f756-4bc2-8877-9ca800803653
 create mode 100644 UTIL.LOG.CMD/3cb06f9a-af2d-44fb-983f-1832f34b8cb5
 create mode 100644 UTIL.LOG.CMD/3e2fdbc8-1c75-4974-80e1-30d7be7eb499
 create mode 100644 UTIL.LOG.CMD/3e37e3cf-c363-479f-b4ab-17ba9d69e255
 create mode 100644 UTIL.LOG.CMD/3e89ef90-3861-46b9-bf2a-210dd9a53fcb
 create mode 100644 UTIL.LOG.CMD/3f2ae035-50f8-402b-84d8-b5999499473c
 create mode 100644 UTIL.LOG.CMD/3fefe045-38b3-4cd3-8618-e3584a52b022
 create mode 100644 UTIL.LOG.CMD/40f8d2a3-edcc-474b-98d1-44cdf79f6e5e
 create mode 100644 UTIL.LOG.CMD/41800807-ba22-4395-ad82-2fd202e79129
 create mode 100644 UTIL.LOG.CMD/41b1c68a-58e6-4b73-b8c6-41821fd55194
 create mode 100644 UTIL.LOG.CMD/422a2a5c-3301-48f5-98ec-c95b4d02371c
 create mode 100644 UTIL.LOG.CMD/42907b7d-dd85-4d85-b314-cc53e98fa5e5
 create mode 100644 UTIL.LOG.CMD/43325d9c-33fd-4763-91c7-c9904f25b7ea
 create mode 100644 UTIL.LOG.CMD/445c5275-bc22-4bd8-8561-eb1e255f56e2
 create mode 100644 UTIL.LOG.CMD/448e4bfc-07d5-4506-9e3a-babffc25fcb9
 create mode 100644 UTIL.LOG.CMD/4502541c-750f-4584-ade7-52cf9e966c52
 create mode 100644 UTIL.LOG.CMD/452c2ed5-4ca4-40c9-ac99-565f59caab46
 create mode 100644 UTIL.LOG.CMD/4703a460-68f6-479e-860f-0ef2b361f3ea
 create mode 100644 UTIL.LOG.CMD/4746c675-df19-4b8f-bc1d-5c9ab52f60d6
 create mode 100644 UTIL.LOG.CMD/487943f0-3a9c-4e69-8d50-4535b302ba07
 create mode 100644 UTIL.LOG.CMD/48d33488-29c4-4487-b5b8-acc672cd2ba1
 create mode 100644 UTIL.LOG.CMD/48f34211-8f82-4612-b91c-b6b17a0abafb
 create mode 100644 UTIL.LOG.CMD/4941122f-1126-40f9-b3f6-fb260a48d500
 create mode 100644 UTIL.LOG.CMD/4a6a600a-0659-4e0d-a322-d9c793ba202f
 create mode 100644 UTIL.LOG.CMD/4c0fa282-ffd6-41dd-a8f3-5e4097eb1179
 create mode 100644 UTIL.LOG.CMD/4ccc4c3c-6b14-4042-8a27-7f929f114270
 create mode 100644 UTIL.LOG.CMD/4cee4fdb-093c-42a9-b797-12bf02dc513e
 create mode 100644 UTIL.LOG.CMD/4d810f5d-d208-4bc8-a92f-8f5de6aa7ea5
 create mode 100644 UTIL.LOG.CMD/4e5e2eac-5305-4757-a007-e26dacd57b2d
 create mode 100644 UTIL.LOG.CMD/4e9e8a6a-75c1-4fe8-a08b-bde34044863c
 create mode 100644 UTIL.LOG.CMD/4f86f94e-5c3a-4745-9da0-18fca097abe8
 create mode 100644 UTIL.LOG.CMD/51db006f-4778-44c0-b0f7-9b8af9ccbfba
 create mode 100644 UTIL.LOG.CMD/52b022a4-422e-426a-beb4-1b38080f2c77
 create mode 100644 UTIL.LOG.CMD/531c2514-33ef-4da5-beaa-0cf619bdb1aa
 create mode 100644 UTIL.LOG.CMD/535e329a-c0bb-4647-9e6b-24e25882678d
 create mode 100644 UTIL.LOG.CMD/55a77fdc-20fa-42e8-b267-c7e34cd6944d
 create mode 100644 UTIL.LOG.CMD/55e5d3ca-fcc9-4aca-82c8-c35a782a890a
 create mode 100644 UTIL.LOG.CMD/57c516e3-0ad4-4190-b5c9-357f417128d1
 create mode 100644 UTIL.LOG.CMD/58500907-f826-4767-a674-9747b16ccb9d
 create mode 100644 UTIL.LOG.CMD/5994054f-afcd-471f-affc-ec3efea2f96b
 create mode 100644 UTIL.LOG.CMD/5bb90911-e278-4fa0-aa6f-c63695b60827
 create mode 100644 UTIL.LOG.CMD/5cfefa94-e4b0-4e3a-8b94-9612fb6ff1d7
 create mode 100644 UTIL.LOG.CMD/5dbafb10-cfee-4568-99f8-f09235fe0fb6
 create mode 100644 UTIL.LOG.CMD/5dc076bf-1c71-4e1f-adff-a010c41a9811
 create mode 100644 UTIL.LOG.CMD/5f6de80b-37ba-457b-9a31-1a66e27c8737
 create mode 100644 UTIL.LOG.CMD/63f1c234-ec63-444f-bd93-17df15ed1ec6
 create mode 100644 UTIL.LOG.CMD/650947fb-85bb-41f2-a1d2-c5a500b6c5fa
 create mode 100644 UTIL.LOG.CMD/65c1045e-e501-43a0-9b20-6ee8603b21a0
 create mode 100644 UTIL.LOG.CMD/6669103f-f94f-4c8e-8331-896e2432a2df
 create mode 100644 UTIL.LOG.CMD/66fd1ba1-917d-456f-8124-e7f562aada25
 create mode 100644 UTIL.LOG.CMD/6794b56e-2341-47a2-ad41-1c3e43e941a5
 create mode 100644 UTIL.LOG.CMD/67ab27be-468c-4f1f-bf24-d1d7ec721d90
 create mode 100644 UTIL.LOG.CMD/6971a2df-4e98-4b55-b2d7-fadc7a4f7232
 create mode 100644 UTIL.LOG.CMD/6a4f558a-0357-4744-8642-17714ec784ff
 create mode 100644 UTIL.LOG.CMD/6a85a72d-7c9e-475d-b674-c79b9efceda0
 create mode 100644 UTIL.LOG.CMD/6b4970d4-62c3-453a-afd8-14c8466d0e8a
 create mode 100644 UTIL.LOG.CMD/6b55e757-1847-4758-8635-3aab11c40022
 create mode 100644 UTIL.LOG.CMD/6d1bbb8e-5337-4d29-bb6e-bd0c9dd32acb
 create mode 100644 UTIL.LOG.CMD/6f56dc1c-9e92-4e02-9bd4-1496c5a4e5f9
 create mode 100644 UTIL.LOG.CMD/6fa91468-68b1-4d06-8504-2a517de3ffbd
 create mode 100644 UTIL.LOG.CMD/70f02be9-8524-49fb-945c-2ce08d0f3d7f
 create mode 100644 UTIL.LOG.CMD/72efa7de-e7a8-4e3f-ba2e-a2aaf347f7a7
 create mode 100644 UTIL.LOG.CMD/73b5590b-ae5d-4c36-bbd7-7a22059e5d89
 create mode 100644 UTIL.LOG.CMD/7765b750-f8d5-43ab-abfa-1112c8ea24f9
 create mode 100644 UTIL.LOG.CMD/77d590a8-f085-4312-9f71-43c11003e4d0
 create mode 100644 UTIL.LOG.CMD/7867bc3c-adef-472e-b860-5bf6b97168cb
 create mode 100644 UTIL.LOG.CMD/78f9665a-27c2-4ea4-b91c-7b22b7d31d56
 create mode 100644 UTIL.LOG.CMD/7a37972a-d83a-431e-84ae-1501ec29ed5d
 create mode 100644 UTIL.LOG.CMD/7a8f94bd-734c-4b30-b6b9-74f7ece9d627
 create mode 100644 UTIL.LOG.CMD/7acb4f6d-032e-4a88-be73-810a76ceef52
 create mode 100644 UTIL.LOG.CMD/7b703d93-7fd3-4e8d-84a2-cb831b4b63e9
 create mode 100644 UTIL.LOG.CMD/7c0ddd4f-fe29-48f4-b996-76bff46bb124
 create mode 100644 UTIL.LOG.CMD/7c4b27dc-0e8f-49b8-aafe-6c78d0316d67
 create mode 100644 UTIL.LOG.CMD/7d9ab916-e84e-4382-8f68-a2680d1a1f12
 create mode 100644 UTIL.LOG.CMD/7d9b5b71-14ea-4225-b9ef-e6f9302a776f
 create mode 100644 UTIL.LOG.CMD/7db1984c-a38b-469b-a041-93d8eeea2f7a
 create mode 100644 UTIL.LOG.CMD/7ece0735-73e8-43fe-8270-d0f2092095c6
 create mode 100644 UTIL.LOG.CMD/7f39d1ac-99a9-49a4-a4b7-877ff53350a4
 create mode 100644 UTIL.LOG.CMD/8076ccee-eae6-4410-a608-1a0325d3c7e7
 create mode 100644 UTIL.LOG.CMD/81c47673-0650-4343-bcc9-bbc623585b9e
 create mode 100644 UTIL.LOG.CMD/831a9435-825e-452c-9660-44b8a30a05d9
 create mode 100644 UTIL.LOG.CMD/838fdbf4-96b9-483e-a71f-9b8d44116fff
 create mode 100644 UTIL.LOG.CMD/846126b7-8cf6-4dcf-b6ef-d71fba9b8910
 create mode 100644 UTIL.LOG.CMD/84d28500-706b-44d6-ab2e-69758769cbeb
 create mode 100644 UTIL.LOG.CMD/85b18714-f574-461a-b997-c4eaf581f63a
 create mode 100644 UTIL.LOG.CMD/86d19abf-234b-49f3-9864-eecd95bc0438
 create mode 100644 UTIL.LOG.CMD/87cc6679-b6e9-4e50-9fa6-9d45536fda61
 create mode 100644 UTIL.LOG.CMD/88c40f43-eb02-48d4-8ed5-230bd45fd69b
 create mode 100644 UTIL.LOG.CMD/89550790-4445-4bc3-8176-4eb5dc50514b
 create mode 100644 UTIL.LOG.CMD/895a24a5-faec-42d6-bfc4-20307cb4d1eb
 create mode 100644 UTIL.LOG.CMD/89efaee6-dd44-478f-a02f-6e7f684a1991
 create mode 100644 UTIL.LOG.CMD/8a0ffbbb-1eb7-41ef-9049-9e708ada70a4
 create mode 100644 UTIL.LOG.CMD/8b24dca2-5cfc-4ea8-acfc-a8abbfe88906
 create mode 100644 UTIL.LOG.CMD/8c254427-e742-46f7-95c0-3e24bc321d25
 create mode 100644 UTIL.LOG.CMD/8d1df853-c642-4138-aceb-ffe594de57c8
 create mode 100644 UTIL.LOG.CMD/8ee92051-cab7-4a0e-9574-da6815042a9c
 create mode 100644 UTIL.LOG.CMD/8f1dbcd9-e818-4b6c-ae2f-4273ad6ffd21
 create mode 100644 UTIL.LOG.CMD/903e752f-21f3-4bd4-88b3-23135454c0dd
 create mode 100644 UTIL.LOG.CMD/947dbd39-6414-40a3-bb94-33952635db4f
 create mode 100644 UTIL.LOG.CMD/94c58261-11a6-44ac-be33-49fbbec1a94a
 create mode 100644 UTIL.LOG.CMD/9674b91b-115f-4cb8-9020-b9906f59a322
 create mode 100644 UTIL.LOG.CMD/99c83e56-f334-4b30-a034-9a3f03068101
 create mode 100644 UTIL.LOG.CMD/9a22b3c0-241c-46ff-b80f-e4726e35bf4e
 create mode 100644 UTIL.LOG.CMD/9b2fd9e7-ff1f-445f-a1ca-3c82568d4e59
 create mode 100644 UTIL.LOG.CMD/9c9c92c0-eb20-47ad-84cf-d8070c48a64b
 create mode 100644 UTIL.LOG.CMD/9d149aa8-9af8-40b7-8187-5e25a540bce5
 create mode 100644 UTIL.LOG.CMD/9d206c37-d61a-48e2-9c0d-987d97232b6d
 create mode 100644 UTIL.LOG.CMD/9e6e8198-2be1-48cd-a501-b96276291dfb
 create mode 100644 UTIL.LOG.CMD/9f0cc47d-2135-4a51-8c1f-7924d9efeb71
 create mode 100644 UTIL.LOG.CMD/9f49895c-c3fd-446d-bd55-62bdfca2a3c1
 create mode 100644 UTIL.LOG.CMD/a0627f50-b097-4bed-be49-07bfa875ce86
 create mode 100644 UTIL.LOG.CMD/a251fb28-6dfb-4cff-b423-b3f251725d77
 create mode 100644 UTIL.LOG.CMD/a422948b-7991-4f1e-a0e1-ee742d680458
 create mode 100644 UTIL.LOG.CMD/a581ea6e-aa1c-47db-9949-489248827855
 create mode 100644 UTIL.LOG.CMD/a640162d-ab9f-4270-9243-39606655b129
 create mode 100644 UTIL.LOG.CMD/a7106dca-9b62-4c81-ae62-17ca0f9b498c
 create mode 100644 UTIL.LOG.CMD/a85a750a-b0bc-44d4-a45d-9905f3ea652a
 create mode 100644 UTIL.LOG.CMD/a9037462-b705-47c4-a897-5ceda112d691
 create mode 100644 UTIL.LOG.CMD/aa735334-075d-40a2-a6da-a4e3a4eb8c62
 create mode 100644 UTIL.LOG.CMD/aa87a85f-f471-4c5d-8c98-8043dcbb5c33
 create mode 100644 UTIL.LOG.CMD/abc4f5be-acd5-4e06-be16-c4fdf6e9c89e
 create mode 100644 UTIL.LOG.CMD/ac58d2d4-3bd8-46ff-bc81-cd469468bed1
 create mode 100644 UTIL.LOG.CMD/ac910f10-68a6-4060-a506-67731b8e1885
 create mode 100644 UTIL.LOG.CMD/acc907c4-0912-4624-86d1-635c7cba6f60
 create mode 100644 UTIL.LOG.CMD/addcb8f0-ac30-4381-9e10-a841413ca833
 create mode 100644 UTIL.LOG.CMD/ae8efcfd-e2b4-4719-94da-a3a495e8639a
 create mode 100644 UTIL.LOG.CMD/af6ca143-832e-44c0-9b4b-105a8f37b55c
 create mode 100644 UTIL.LOG.CMD/b10b284e-f728-428c-9a8c-1b661684e866
 create mode 100644 UTIL.LOG.CMD/b188f819-2f4a-4cec-8ad9-db0ec515e22f
 create mode 100644 UTIL.LOG.CMD/b1e93719-47cb-41dd-8fe7-188399353d03
 create mode 100644 UTIL.LOG.CMD/b32dac6e-4328-4b1b-9524-339cbe0c3ec3
 create mode 100644 UTIL.LOG.CMD/b33572ad-943c-4e38-be81-327715137b5c
 create mode 100644 UTIL.LOG.CMD/b36ec328-8e05-4b23-83dd-d60898cecc7e
 create mode 100644 UTIL.LOG.CMD/b5c8f9f5-bc86-4b10-b72e-804e9b5f4d78
 create mode 100644 UTIL.LOG.CMD/b76e2183-1b05-4b96-9b51-3b77fc8d9ea8
 create mode 100644 UTIL.LOG.CMD/b7c5e494-fd23-47b5-852f-9408fd3acaaf
 create mode 100644 UTIL.LOG.CMD/b7c780b8-8cbf-4590-9723-d88a6db387ff
 create mode 100644 UTIL.LOG.CMD/b9f949bb-9715-4824-9fe1-c9ac83d4b664
 create mode 100644 UTIL.LOG.CMD/ba058f74-9876-477c-8421-448b9ce38904
 create mode 100644 UTIL.LOG.CMD/bc1772ac-bf31-4c7b-911f-a2cb66c209ae
 create mode 100644 UTIL.LOG.CMD/bc9cd9db-96fa-411f-aa11-85f117e65d2b
 create mode 100644 UTIL.LOG.CMD/bdafafb9-fd03-4fc2-8ff0-a2fc2c20bbfd
 create mode 100644 UTIL.LOG.CMD/bde51cda-0dd4-49fc-ae1e-61ef1887a0e0
 create mode 100644 UTIL.LOG.CMD/be6fac0c-c21a-4954-be19-6ef319be5a9e
 create mode 100644 UTIL.LOG.CMD/be7d2eb5-9ed3-4274-8bcf-94018fbc2976
 create mode 100644 UTIL.LOG.CMD/bf67b940-d1c4-45bb-ba44-557997cb90ff
 create mode 100644 UTIL.LOG.CMD/bfbec7d2-5df3-4727-a4bf-6c72e7c0f70b
 create mode 100644 UTIL.LOG.CMD/c09c9608-2543-495a-901a-8c24bcbd0b6d
 create mode 100644 UTIL.LOG.CMD/c0c46173-e1b8-4a31-a9a0-99e1bf018f12
 create mode 100644 UTIL.LOG.CMD/c1611079-5b1e-4a72-8229-e97f08a1a60d
 create mode 100644 UTIL.LOG.CMD/c1aec997-f0df-453e-b3a0-fc3f57d3edc4
 create mode 100644 UTIL.LOG.CMD/c23c4d98-5691-432f-b273-5db4f4ed3a6c
 create mode 100644 UTIL.LOG.CMD/c333faa9-1915-4dd0-9b0c-2f7ff25a6e59
 create mode 100644 UTIL.LOG.CMD/c4074127-fb3e-4486-8345-7f3e622f083e
 create mode 100644 UTIL.LOG.CMD/c583bf8f-b829-49fd-bb06-026a2dbd4137
 create mode 100644 UTIL.LOG.CMD/c5eb036e-9868-48c1-848b-2bfc9387b1e5
 create mode 100644 UTIL.LOG.CMD/c6126a86-343f-4bab-8b8c-c7ab2bfb2d66
 create mode 100644 UTIL.LOG.CMD/c648f73c-4946-4816-aa8c-8e0cbcb22b7f
 create mode 100644 UTIL.LOG.CMD/c7b5a490-39d6-448c-b716-3c79763d8fa2
 create mode 100644 UTIL.LOG.CMD/c883a178-1cbd-4d06-a5d8-e13f9985b64a
 create mode 100644 UTIL.LOG.CMD/cae1311f-de3b-492b-9669-b3567573596e
 create mode 100644 UTIL.LOG.CMD/cb742cb3-794c-4c16-af77-6458c08c1d79
 create mode 100644 UTIL.LOG.CMD/cbd6544c-a44d-4540-9473-7b90a5f5ac95
 create mode 100644 UTIL.LOG.CMD/cc597fa6-d1f7-4c84-97c3-39352989f5bc
 create mode 100644 UTIL.LOG.CMD/ccc8c6e6-6c15-466d-8f45-f3f9fd9d69c1
 create mode 100644 UTIL.LOG.CMD/cf8ca7bb-efab-48c3-886b-15ea9ba2b36f
 create mode 100644 UTIL.LOG.CMD/d017c504-f252-436c-9616-35bef11a2fe9
 create mode 100644 UTIL.LOG.CMD/d027a4a7-4b2b-4d2c-82c1-3b4126c264a1
 create mode 100644 UTIL.LOG.CMD/d11f59ee-ff6e-4e83-9083-b5caa4dadb04
 create mode 100644 UTIL.LOG.CMD/d13dd9a3-2507-4d53-9ac6-fe3bb016f60b
 create mode 100644 UTIL.LOG.CMD/d22bfaf6-9fb1-4cd2-96cc-be7aaafb1021
 create mode 100644 UTIL.LOG.CMD/d267c7a3-113e-43c3-a3e5-62d84dbdd31b
 create mode 100644 UTIL.LOG.CMD/d380d615-f376-4814-a91b-3ba13b89280d
 create mode 100644 UTIL.LOG.CMD/d3b78390-04c6-42fc-b5c8-66be792f8aaa
 create mode 100644 UTIL.LOG.CMD/d4a09108-6243-44cb-b7a7-2d0e891ac8bb
 create mode 100644 UTIL.LOG.CMD/d5586efd-0a80-49fb-9b9a-8ce8170284aa
 create mode 100644 UTIL.LOG.CMD/d70a43fa-74ae-4361-bbdc-79b114923992
 create mode 100644 UTIL.LOG.CMD/d7b36aa4-38ec-412b-b626-d411a3d00ab5
 create mode 100644 UTIL.LOG.CMD/d9de1efd-a582-4cec-a763-048cd84e5765
 create mode 100644 UTIL.LOG.CMD/da058f4b-8c96-4d7d-b928-b5a9228ff4e9
 create mode 100644 UTIL.LOG.CMD/dc3b514a-cc0f-4b86-a7f3-697fa6d7ab4c
 create mode 100644 UTIL.LOG.CMD/dcaa94ae-7f51-4991-bc97-e475834c054a
 create mode 100644 UTIL.LOG.CMD/dcc804d6-0e3b-4773-b16d-26e32fbf0ec1
 create mode 100644 UTIL.LOG.CMD/de7ef7c6-125a-42a3-be09-cb547955a7f5
 create mode 100644 UTIL.LOG.CMD/ded64064-40b3-47b4-825a-8c167dcd968c
 create mode 100644 UTIL.LOG.CMD/df1051b8-2b5b-45e9-829a-4f591388671d
 create mode 100644 UTIL.LOG.CMD/e042a66c-9542-4a1d-8de3-e9de7d27de25
 create mode 100644 UTIL.LOG.CMD/e0974e81-4899-464b-8f6d-7c704475e0d1
 create mode 100644 UTIL.LOG.CMD/e1979bf4-7817-4d5d-9498-a60a7a9bf4e0
 create mode 100644 UTIL.LOG.CMD/e2007b91-8714-4dc8-820d-cdd1a3a88d8d
 create mode 100644 UTIL.LOG.CMD/e2bd0392-c51c-4f64-96ee-ad5927d75fae
 create mode 100644 UTIL.LOG.CMD/e2c9d768-5d7a-47bd-9b5d-4e549c800212
 create mode 100644 UTIL.LOG.CMD/e37a199a-d9cf-47e4-9ee7-21db54cf4df6
 create mode 100644 UTIL.LOG.CMD/e4620b28-67fd-42ff-8966-0cbde8ddacd0
 create mode 100644 UTIL.LOG.CMD/e7f76ff4-1026-4e98-97a0-c98e1dc76ddf
 create mode 100644 UTIL.LOG.CMD/e867e447-3238-4a63-9d6d-00d92958c03c
 create mode 100644 UTIL.LOG.CMD/e8767c9a-2cf4-4814-8013-61b136db72da
 create mode 100644 UTIL.LOG.CMD/e8b1c934-d177-49d2-b6b3-2e5f884e99a5
 create mode 100644 UTIL.LOG.CMD/e8ec73ed-9082-4cf8-bbdb-f9b9fe62b87d
 create mode 100644 UTIL.LOG.CMD/e9a3066c-dda5-4e9a-9d2e-7daa711b8322
 create mode 100644 UTIL.LOG.CMD/ea8c82f3-21cc-4dbf-8bdc-019afef70490
 create mode 100644 UTIL.LOG.CMD/ec1ca991-8d8e-43b2-9c5d-a8c634e4ecc2
 create mode 100644 UTIL.LOG.CMD/ec41d288-80e5-44ee-a3b3-4309198fa235
 create mode 100644 UTIL.LOG.CMD/ec8bbe12-ef1a-4fd9-8f21-6149b82204d4
 create mode 100644 UTIL.LOG.CMD/ecc61cd3-e8f0-4d45-a819-f224f324fe14
 create mode 100644 UTIL.LOG.CMD/ed20eb09-6993-4afd-ba99-0407cdff9908
 create mode 100644 UTIL.LOG.CMD/eda06b98-e486-40a0-943f-e170efc85663
 create mode 100644 UTIL.LOG.CMD/ef589337-c26e-4656-bbd5-67e331539b30
 create mode 100644 UTIL.LOG.CMD/efd2fc7e-b4c1-47bf-ab7e-da5a0b18ad02
 create mode 100644 UTIL.LOG.CMD/f01029e6-65bc-4072-94d9-e6fd2e497d82
 create mode 100644 UTIL.LOG.CMD/f029d011-6c81-48ab-8e4e-a5db98f74400
 create mode 100644 UTIL.LOG.CMD/f1202473-12e1-4436-ab4d-1dd556ca5645
 create mode 100644 UTIL.LOG.CMD/f19ac6c0-df45-43c8-bdac-8f80c35a4371
 create mode 100644 UTIL.LOG.CMD/f35a6d02-ef84-44f3-91d5-4ff76f2f0a90
 create mode 100644 UTIL.LOG.CMD/f43c1b0a-8c3c-4794-aa88-df1f37fe429f
 create mode 100644 UTIL.LOG.CMD/f6c1c181-869d-49b4-8ffa-0a9f54e9e830
 create mode 100644 UTIL.LOG.CMD/f9203b8b-0a99-45be-bc33-3c9bae23782e
 create mode 100644 UTIL.LOG.CMD/f922b7f3-be96-48f5-85a3-da10b68d118e
 create mode 100644 UTIL.LOG.CMD/fb29a06b-8870-4595-89b9-684b8a14901f
 create mode 100644 UTIL.LOG.CMD/fbf69e26-7bda-4ff8-a2be-aaf451d57b88
 create mode 100644 UTIL.LOG.CMD/fc360143-d122-44da-a3f0-7bf40d65e724
 create mode 100644 UTIL.LOG.CMD/fc6d3cd5-f8ba-4db9-a21f-8dbb44e248b9
 create mode 100644 UTIL.LOG.CMD/fd2b5b4b-5e4b-4fa9-97eb-681117bf7357
 create mode 100644 UTIL.LOG.CMD/fea72bce-8950-4f13-9d00-b85687e229a3
 create mode 100644 UTIL.LOG.CMD/ff665c8f-c7c5-49d1-8e13-cb7cc49ea5fb
 create mode 100644 UTIL.LOG.EVENT/005a2b9e-4289-48e0-a1b5-ed0e86217448
 create mode 100644 UTIL.LOG.EVENT/009d0780-114c-44ee-a296-06693677ec8b
 create mode 100644 UTIL.LOG.EVENT/011738fe-2234-409e-882c-1d67d26343ba
 create mode 100644 UTIL.LOG.EVENT/0130d44e-ac4d-4775-ad96-9f21046dbd07
 create mode 100644 UTIL.LOG.EVENT/02e0474b-83c8-4347-87d4-ac3397bc09df
 create mode 100644 UTIL.LOG.EVENT/02fddb3c-777d-4467-b923-3dbfdcb5f9f1
 create mode 100644 UTIL.LOG.EVENT/03491cba-82fa-406d-a980-eea2e32d6c33
 create mode 100644 UTIL.LOG.EVENT/057074a1-a384-4049-97e0-1ae75f188e44
 create mode 100644 UTIL.LOG.EVENT/059f6443-30bb-4f33-8d75-af1cb06ea934
 create mode 100644 UTIL.LOG.EVENT/07964d15-5b24-49a6-9ecd-777f3cf95a1f
 create mode 100644 UTIL.LOG.EVENT/09af9b87-3649-42ed-908a-ed3d1548f9ef
 create mode 100644 UTIL.LOG.EVENT/09d0a1be-41ef-4225-b3bb-8036eea09ae6
 create mode 100644 UTIL.LOG.EVENT/0c4a5e79-29f5-46f4-9be2-7137cde251ed
 create mode 100644 UTIL.LOG.EVENT/0c69f788-a6c3-4864-a7a5-ea7b604faa23
 create mode 100644 UTIL.LOG.EVENT/0c6fb694-d6d5-4055-89a1-922a8c46ef54
 create mode 100644 UTIL.LOG.EVENT/0dcf7cad-1217-4278-9930-80c1f38b53bb
 create mode 100644 UTIL.LOG.EVENT/0e6ef456-1827-43ed-9f7e-2f54ddff1e03
 create mode 100644 UTIL.LOG.EVENT/0eb51061-6aac-45e6-900d-fb2e56d08371
 create mode 100644 UTIL.LOG.EVENT/1156d3ab-53db-44ec-b1a5-3ce35e066ce6
 create mode 100644 UTIL.LOG.EVENT/119e2d40-e4a5-4e33-8589-f424a1c67bd6
 create mode 100644 UTIL.LOG.EVENT/1301d1fe-2403-4e4e-92df-85d5c3aea4ad
 create mode 100644 UTIL.LOG.EVENT/13b18bb4-2ddf-499f-b131-772d01358a8a
 create mode 100644 UTIL.LOG.EVENT/15442933-79cd-4bc4-ae06-03ce81ff6bb1
 create mode 100644 UTIL.LOG.EVENT/163d4934-8390-444b-a399-03be4c20eec7
 create mode 100644 UTIL.LOG.EVENT/1670e987-18f4-4cff-abea-d8fd4139287a
 create mode 100644 UTIL.LOG.EVENT/16e1eba3-1460-4f72-9a1f-6696d6d98311
 create mode 100644 UTIL.LOG.EVENT/1769991d-a531-4a9c-a761-7e613b1e7931
 create mode 100644 UTIL.LOG.EVENT/19b47e37-5189-40f2-b679-1141093106f5
 create mode 100644 UTIL.LOG.EVENT/1acf547a-e6c3-4e27-a53f-a1f51e48018a
 create mode 100644 UTIL.LOG.EVENT/1afcc81e-2278-4cc9-ae61-daffbd739fcc
 create mode 100644 UTIL.LOG.EVENT/1c970273-c13a-48f2-af33-fa4c530fb21a
 create mode 100644 UTIL.LOG.EVENT/1cd989fa-a98e-478c-97b4-a837bc38c8c5
 create mode 100644 UTIL.LOG.EVENT/1ecf02f1-82bd-4555-a8f0-d81696ff4034
 create mode 100644 UTIL.LOG.EVENT/1ed2036f-c148-4a5d-a044-d94baea86d06
 create mode 100644 UTIL.LOG.EVENT/1ef91d97-8460-4fe2-8edd-def83915adfc
 create mode 100644 UTIL.LOG.EVENT/1fa5e8e2-e519-4e9d-a3a8-04e7fe4d933c
 create mode 100644 UTIL.LOG.EVENT/1feaff29-126b-41d2-b849-ad6b12d17c74
 create mode 100644 UTIL.LOG.EVENT/206d14a2-47bc-4d8b-90f5-e599d6b0f4c5
 create mode 100644 UTIL.LOG.EVENT/2121e6de-c943-4ea9-b4b4-90a1dd9dc71f
 create mode 100644 UTIL.LOG.EVENT/21fb4379-1857-4a1d-82f0-9e923f1765ff
 create mode 100644 UTIL.LOG.EVENT/22cc1df6-e136-49b3-86e2-cbcad2cd3479
 create mode 100644 UTIL.LOG.EVENT/22f0d2ab-730a-4241-9289-c8b53386a251
 create mode 100644 UTIL.LOG.EVENT/23a3489c-b405-4f6b-a7d0-6ee32e2bafb6
 create mode 100644 UTIL.LOG.EVENT/24ed8e89-c81c-4933-a722-cf9e19801222
 create mode 100644 UTIL.LOG.EVENT/253daba1-f71b-4033-b261-7c468f81383a
 create mode 100644 UTIL.LOG.EVENT/2627dad6-7c82-43ac-8760-84eed593d654
 create mode 100644 UTIL.LOG.EVENT/26cd036e-3a97-44ba-b6ae-afc3c90ed7a5
 create mode 100644 UTIL.LOG.EVENT/282aedb8-d7d6-4638-82e2-b2e18b534d84
 create mode 100644 UTIL.LOG.EVENT/283815ca-9fd6-4bbe-accd-707d9db0784e
 create mode 100644 UTIL.LOG.EVENT/2904a8a6-42f4-4304-b107-961a19e62519
 create mode 100644 UTIL.LOG.EVENT/2a49e65a-05d9-4d5b-b9d9-3e8c14a19f32
 create mode 100644 UTIL.LOG.EVENT/2a4a3cf3-ee4c-4134-a150-1a7dee0cf29e
 create mode 100644 UTIL.LOG.EVENT/2c2e3861-a1d3-4017-8dd5-f604b9f214db
 create mode 100644 UTIL.LOG.EVENT/2d0bb0b3-d3c0-479a-acec-ab9305113ad6
 create mode 100644 UTIL.LOG.EVENT/2f48503d-8dab-421f-bc09-5a34c68f76be
 create mode 100644 UTIL.LOG.EVENT/2fa0bec0-242b-4db7-a213-a307b5e05186
 create mode 100644 UTIL.LOG.EVENT/2fd034af-4bfc-474a-9afa-a0bfdd03f33f
 create mode 100644 UTIL.LOG.EVENT/3011718d-ab14-4b1f-8efe-0f8b2bef7b64
 create mode 100644 UTIL.LOG.EVENT/30d89d90-827f-44c1-8fe3-be340d1d1159
 create mode 100644 UTIL.LOG.EVENT/32549c06-9709-4470-8d85-e1f65c5f998e
 create mode 100644 UTIL.LOG.EVENT/3306b6da-7c61-4076-9b20-9d98b7653f55
 create mode 100644 UTIL.LOG.EVENT/333b001f-6c69-4691-ba62-c91e63c45989
 create mode 100644 UTIL.LOG.EVENT/358459e0-e6a2-4422-b652-0257649a6f51
 create mode 100644 UTIL.LOG.EVENT/35a7a922-68b2-4acd-941b-e6896bcb93f0
 create mode 100644 UTIL.LOG.EVENT/3748f6af-71b8-43de-8538-25a57a377324
 create mode 100644 UTIL.LOG.EVENT/379be5d6-a976-4426-bd77-5e04138bc826
 create mode 100644 UTIL.LOG.EVENT/3bc5eeee-6592-475b-a240-5203642301c5
 create mode 100644 UTIL.LOG.EVENT/3c129eaf-f756-4bc2-8877-9ca800803653
 create mode 100644 UTIL.LOG.EVENT/3cb06f9a-af2d-44fb-983f-1832f34b8cb5
 create mode 100644 UTIL.LOG.EVENT/3e2fdbc8-1c75-4974-80e1-30d7be7eb499
 create mode 100644 UTIL.LOG.EVENT/3e37e3cf-c363-479f-b4ab-17ba9d69e255
 create mode 100644 UTIL.LOG.EVENT/3e89ef90-3861-46b9-bf2a-210dd9a53fcb
 create mode 100644 UTIL.LOG.EVENT/3f2ae035-50f8-402b-84d8-b5999499473c
 create mode 100644 UTIL.LOG.EVENT/3fefe045-38b3-4cd3-8618-e3584a52b022
 create mode 100644 UTIL.LOG.EVENT/40f8d2a3-edcc-474b-98d1-44cdf79f6e5e
 create mode 100644 UTIL.LOG.EVENT/41800807-ba22-4395-ad82-2fd202e79129
 create mode 100644 UTIL.LOG.EVENT/41b1c68a-58e6-4b73-b8c6-41821fd55194
 create mode 100644 UTIL.LOG.EVENT/422a2a5c-3301-48f5-98ec-c95b4d02371c
 create mode 100644 UTIL.LOG.EVENT/42907b7d-dd85-4d85-b314-cc53e98fa5e5
 create mode 100644 UTIL.LOG.EVENT/43325d9c-33fd-4763-91c7-c9904f25b7ea
 create mode 100644 UTIL.LOG.EVENT/445c5275-bc22-4bd8-8561-eb1e255f56e2
 create mode 100644 UTIL.LOG.EVENT/448e4bfc-07d5-4506-9e3a-babffc25fcb9
 create mode 100644 UTIL.LOG.EVENT/4502541c-750f-4584-ade7-52cf9e966c52
 create mode 100644 UTIL.LOG.EVENT/452c2ed5-4ca4-40c9-ac99-565f59caab46
 create mode 100644 UTIL.LOG.EVENT/4703a460-68f6-479e-860f-0ef2b361f3ea
 create mode 100644 UTIL.LOG.EVENT/4746c675-df19-4b8f-bc1d-5c9ab52f60d6
 create mode 100644 UTIL.LOG.EVENT/487943f0-3a9c-4e69-8d50-4535b302ba07
 create mode 100644 UTIL.LOG.EVENT/48d33488-29c4-4487-b5b8-acc672cd2ba1
 create mode 100644 UTIL.LOG.EVENT/48f34211-8f82-4612-b91c-b6b17a0abafb
 create mode 100644 UTIL.LOG.EVENT/4941122f-1126-40f9-b3f6-fb260a48d500
 create mode 100644 UTIL.LOG.EVENT/4a6a600a-0659-4e0d-a322-d9c793ba202f
 create mode 100644 UTIL.LOG.EVENT/4c0fa282-ffd6-41dd-a8f3-5e4097eb1179
 create mode 100644 UTIL.LOG.EVENT/4ccc4c3c-6b14-4042-8a27-7f929f114270
 create mode 100644 UTIL.LOG.EVENT/4cee4fdb-093c-42a9-b797-12bf02dc513e
 create mode 100644 UTIL.LOG.EVENT/4d810f5d-d208-4bc8-a92f-8f5de6aa7ea5
 create mode 100644 UTIL.LOG.EVENT/4e5e2eac-5305-4757-a007-e26dacd57b2d
 create mode 100644 UTIL.LOG.EVENT/4e9e8a6a-75c1-4fe8-a08b-bde34044863c
 create mode 100644 UTIL.LOG.EVENT/4f86f94e-5c3a-4745-9da0-18fca097abe8
 create mode 100644 UTIL.LOG.EVENT/51db006f-4778-44c0-b0f7-9b8af9ccbfba
 create mode 100644 UTIL.LOG.EVENT/52b022a4-422e-426a-beb4-1b38080f2c77
 create mode 100644 UTIL.LOG.EVENT/531c2514-33ef-4da5-beaa-0cf619bdb1aa
 create mode 100644 UTIL.LOG.EVENT/535e329a-c0bb-4647-9e6b-24e25882678d
 create mode 100644 UTIL.LOG.EVENT/55a77fdc-20fa-42e8-b267-c7e34cd6944d
 create mode 100644 UTIL.LOG.EVENT/55e5d3ca-fcc9-4aca-82c8-c35a782a890a
 create mode 100644 UTIL.LOG.EVENT/57c516e3-0ad4-4190-b5c9-357f417128d1
 create mode 100644 UTIL.LOG.EVENT/58500907-f826-4767-a674-9747b16ccb9d
 create mode 100644 UTIL.LOG.EVENT/5994054f-afcd-471f-affc-ec3efea2f96b
 create mode 100644 UTIL.LOG.EVENT/5bb90911-e278-4fa0-aa6f-c63695b60827
 create mode 100644 UTIL.LOG.EVENT/5cfefa94-e4b0-4e3a-8b94-9612fb6ff1d7
 create mode 100644 UTIL.LOG.EVENT/5dbafb10-cfee-4568-99f8-f09235fe0fb6
 create mode 100644 UTIL.LOG.EVENT/5dc076bf-1c71-4e1f-adff-a010c41a9811
 create mode 100644 UTIL.LOG.EVENT/5f6de80b-37ba-457b-9a31-1a66e27c8737
 create mode 100644 UTIL.LOG.EVENT/63f1c234-ec63-444f-bd93-17df15ed1ec6
 create mode 100644 UTIL.LOG.EVENT/650947fb-85bb-41f2-a1d2-c5a500b6c5fa
 create mode 100644 UTIL.LOG.EVENT/65c1045e-e501-43a0-9b20-6ee8603b21a0
 create mode 100644 UTIL.LOG.EVENT/6669103f-f94f-4c8e-8331-896e2432a2df
 create mode 100644 UTIL.LOG.EVENT/66fd1ba1-917d-456f-8124-e7f562aada25
 create mode 100644 UTIL.LOG.EVENT/6794b56e-2341-47a2-ad41-1c3e43e941a5
 create mode 100644 UTIL.LOG.EVENT/67ab27be-468c-4f1f-bf24-d1d7ec721d90
 create mode 100644 UTIL.LOG.EVENT/6971a2df-4e98-4b55-b2d7-fadc7a4f7232
 create mode 100644 UTIL.LOG.EVENT/6a4f558a-0357-4744-8642-17714ec784ff
 create mode 100644 UTIL.LOG.EVENT/6a85a72d-7c9e-475d-b674-c79b9efceda0
 create mode 100644 UTIL.LOG.EVENT/6b4970d4-62c3-453a-afd8-14c8466d0e8a
 create mode 100644 UTIL.LOG.EVENT/6b55e757-1847-4758-8635-3aab11c40022
 create mode 100644 UTIL.LOG.EVENT/6d1bbb8e-5337-4d29-bb6e-bd0c9dd32acb
 create mode 100644 UTIL.LOG.EVENT/6f56dc1c-9e92-4e02-9bd4-1496c5a4e5f9
 create mode 100644 UTIL.LOG.EVENT/6fa91468-68b1-4d06-8504-2a517de3ffbd
 create mode 100644 UTIL.LOG.EVENT/70f02be9-8524-49fb-945c-2ce08d0f3d7f
 create mode 100644 UTIL.LOG.EVENT/72efa7de-e7a8-4e3f-ba2e-a2aaf347f7a7
 create mode 100644 UTIL.LOG.EVENT/73b5590b-ae5d-4c36-bbd7-7a22059e5d89
 create mode 100644 UTIL.LOG.EVENT/7765b750-f8d5-43ab-abfa-1112c8ea24f9
 create mode 100644 UTIL.LOG.EVENT/77d590a8-f085-4312-9f71-43c11003e4d0
 create mode 100644 UTIL.LOG.EVENT/7867bc3c-adef-472e-b860-5bf6b97168cb
 create mode 100644 UTIL.LOG.EVENT/78f9665a-27c2-4ea4-b91c-7b22b7d31d56
 create mode 100644 UTIL.LOG.EVENT/7a37972a-d83a-431e-84ae-1501ec29ed5d
 create mode 100644 UTIL.LOG.EVENT/7a8f94bd-734c-4b30-b6b9-74f7ece9d627
 create mode 100644 UTIL.LOG.EVENT/7acb4f6d-032e-4a88-be73-810a76ceef52
 create mode 100644 UTIL.LOG.EVENT/7b703d93-7fd3-4e8d-84a2-cb831b4b63e9
 create mode 100644 UTIL.LOG.EVENT/7c0ddd4f-fe29-48f4-b996-76bff46bb124
 create mode 100644 UTIL.LOG.EVENT/7c4b27dc-0e8f-49b8-aafe-6c78d0316d67
 create mode 100644 UTIL.LOG.EVENT/7d9ab916-e84e-4382-8f68-a2680d1a1f12
 create mode 100644 UTIL.LOG.EVENT/7d9b5b71-14ea-4225-b9ef-e6f9302a776f
 create mode 100644 UTIL.LOG.EVENT/7db1984c-a38b-469b-a041-93d8eeea2f7a
 create mode 100644 UTIL.LOG.EVENT/7ece0735-73e8-43fe-8270-d0f2092095c6
 create mode 100644 UTIL.LOG.EVENT/7f39d1ac-99a9-49a4-a4b7-877ff53350a4
 create mode 100644 UTIL.LOG.EVENT/8076ccee-eae6-4410-a608-1a0325d3c7e7
 create mode 100644 UTIL.LOG.EVENT/81c47673-0650-4343-bcc9-bbc623585b9e
 create mode 100644 UTIL.LOG.EVENT/831a9435-825e-452c-9660-44b8a30a05d9
 create mode 100644 UTIL.LOG.EVENT/838fdbf4-96b9-483e-a71f-9b8d44116fff
 create mode 100644 UTIL.LOG.EVENT/846126b7-8cf6-4dcf-b6ef-d71fba9b8910
 create mode 100644 UTIL.LOG.EVENT/84d28500-706b-44d6-ab2e-69758769cbeb
 create mode 100644 UTIL.LOG.EVENT/85b18714-f574-461a-b997-c4eaf581f63a
 create mode 100644 UTIL.LOG.EVENT/86d19abf-234b-49f3-9864-eecd95bc0438
 create mode 100644 UTIL.LOG.EVENT/87cc6679-b6e9-4e50-9fa6-9d45536fda61
 create mode 100644 UTIL.LOG.EVENT/88c40f43-eb02-48d4-8ed5-230bd45fd69b
 create mode 100644 UTIL.LOG.EVENT/89550790-4445-4bc3-8176-4eb5dc50514b
 create mode 100644 UTIL.LOG.EVENT/895a24a5-faec-42d6-bfc4-20307cb4d1eb
 create mode 100644 UTIL.LOG.EVENT/89efaee6-dd44-478f-a02f-6e7f684a1991
 create mode 100644 UTIL.LOG.EVENT/8a0ffbbb-1eb7-41ef-9049-9e708ada70a4
 create mode 100644 UTIL.LOG.EVENT/8b24dca2-5cfc-4ea8-acfc-a8abbfe88906
 create mode 100644 UTIL.LOG.EVENT/8c254427-e742-46f7-95c0-3e24bc321d25
 create mode 100644 UTIL.LOG.EVENT/8d1df853-c642-4138-aceb-ffe594de57c8
 create mode 100644 UTIL.LOG.EVENT/8ee92051-cab7-4a0e-9574-da6815042a9c
 create mode 100644 UTIL.LOG.EVENT/8f1dbcd9-e818-4b6c-ae2f-4273ad6ffd21
 create mode 100644 UTIL.LOG.EVENT/903e752f-21f3-4bd4-88b3-23135454c0dd
 create mode 100644 UTIL.LOG.EVENT/947dbd39-6414-40a3-bb94-33952635db4f
 create mode 100644 UTIL.LOG.EVENT/94c58261-11a6-44ac-be33-49fbbec1a94a
 create mode 100644 UTIL.LOG.EVENT/9674b91b-115f-4cb8-9020-b9906f59a322
 create mode 100644 UTIL.LOG.EVENT/99c83e56-f334-4b30-a034-9a3f03068101
 create mode 100644 UTIL.LOG.EVENT/9a22b3c0-241c-46ff-b80f-e4726e35bf4e
 create mode 100644 UTIL.LOG.EVENT/9b2fd9e7-ff1f-445f-a1ca-3c82568d4e59
 create mode 100644 UTIL.LOG.EVENT/9c9c92c0-eb20-47ad-84cf-d8070c48a64b
 create mode 100644 UTIL.LOG.EVENT/9d149aa8-9af8-40b7-8187-5e25a540bce5
 create mode 100644 UTIL.LOG.EVENT/9d206c37-d61a-48e2-9c0d-987d97232b6d
 create mode 100644 UTIL.LOG.EVENT/9e6e8198-2be1-48cd-a501-b96276291dfb
 create mode 100644 UTIL.LOG.EVENT/9f0cc47d-2135-4a51-8c1f-7924d9efeb71
 create mode 100644 UTIL.LOG.EVENT/9f49895c-c3fd-446d-bd55-62bdfca2a3c1
 create mode 100644 UTIL.LOG.EVENT/a0627f50-b097-4bed-be49-07bfa875ce86
 create mode 100644 UTIL.LOG.EVENT/a251fb28-6dfb-4cff-b423-b3f251725d77
 create mode 100644 UTIL.LOG.EVENT/a422948b-7991-4f1e-a0e1-ee742d680458
 create mode 100644 UTIL.LOG.EVENT/a581ea6e-aa1c-47db-9949-489248827855
 create mode 100644 UTIL.LOG.EVENT/a640162d-ab9f-4270-9243-39606655b129
 create mode 100644 UTIL.LOG.EVENT/a7106dca-9b62-4c81-ae62-17ca0f9b498c
 create mode 100644 UTIL.LOG.EVENT/a85a750a-b0bc-44d4-a45d-9905f3ea652a
 create mode 100644 UTIL.LOG.EVENT/a9037462-b705-47c4-a897-5ceda112d691
 create mode 100644 UTIL.LOG.EVENT/aa735334-075d-40a2-a6da-a4e3a4eb8c62
 create mode 100644 UTIL.LOG.EVENT/aa87a85f-f471-4c5d-8c98-8043dcbb5c33
 create mode 100644 UTIL.LOG.EVENT/abc4f5be-acd5-4e06-be16-c4fdf6e9c89e
 create mode 100644 UTIL.LOG.EVENT/ac58d2d4-3bd8-46ff-bc81-cd469468bed1
 create mode 100644 UTIL.LOG.EVENT/ac910f10-68a6-4060-a506-67731b8e1885
 create mode 100644 UTIL.LOG.EVENT/acc907c4-0912-4624-86d1-635c7cba6f60
 create mode 100644 UTIL.LOG.EVENT/addcb8f0-ac30-4381-9e10-a841413ca833
 create mode 100644 UTIL.LOG.EVENT/ae8efcfd-e2b4-4719-94da-a3a495e8639a
 create mode 100644 UTIL.LOG.EVENT/af6ca143-832e-44c0-9b4b-105a8f37b55c
 create mode 100644 UTIL.LOG.EVENT/b10b284e-f728-428c-9a8c-1b661684e866
 create mode 100644 UTIL.LOG.EVENT/b188f819-2f4a-4cec-8ad9-db0ec515e22f
 create mode 100644 UTIL.LOG.EVENT/b1e93719-47cb-41dd-8fe7-188399353d03
 create mode 100644 UTIL.LOG.EVENT/b32dac6e-4328-4b1b-9524-339cbe0c3ec3
 create mode 100644 UTIL.LOG.EVENT/b33572ad-943c-4e38-be81-327715137b5c
 create mode 100644 UTIL.LOG.EVENT/b36ec328-8e05-4b23-83dd-d60898cecc7e
 create mode 100644 UTIL.LOG.EVENT/b5c8f9f5-bc86-4b10-b72e-804e9b5f4d78
 create mode 100644 UTIL.LOG.EVENT/b76e2183-1b05-4b96-9b51-3b77fc8d9ea8
 create mode 100644 UTIL.LOG.EVENT/b7c5e494-fd23-47b5-852f-9408fd3acaaf
 create mode 100644 UTIL.LOG.EVENT/b7c780b8-8cbf-4590-9723-d88a6db387ff
 create mode 100644 UTIL.LOG.EVENT/b9f949bb-9715-4824-9fe1-c9ac83d4b664
 create mode 100644 UTIL.LOG.EVENT/ba058f74-9876-477c-8421-448b9ce38904
 create mode 100644 UTIL.LOG.EVENT/bc1772ac-bf31-4c7b-911f-a2cb66c209ae
 create mode 100644 UTIL.LOG.EVENT/bc9cd9db-96fa-411f-aa11-85f117e65d2b
 create mode 100644 UTIL.LOG.EVENT/bdafafb9-fd03-4fc2-8ff0-a2fc2c20bbfd
 create mode 100644 UTIL.LOG.EVENT/bde51cda-0dd4-49fc-ae1e-61ef1887a0e0
 create mode 100644 UTIL.LOG.EVENT/be6fac0c-c21a-4954-be19-6ef319be5a9e
 create mode 100644 UTIL.LOG.EVENT/be7d2eb5-9ed3-4274-8bcf-94018fbc2976
 create mode 100644 UTIL.LOG.EVENT/bf67b940-d1c4-45bb-ba44-557997cb90ff
 create mode 100644 UTIL.LOG.EVENT/bfbec7d2-5df3-4727-a4bf-6c72e7c0f70b
 create mode 100644 UTIL.LOG.EVENT/c09c9608-2543-495a-901a-8c24bcbd0b6d
 create mode 100644 UTIL.LOG.EVENT/c0c46173-e1b8-4a31-a9a0-99e1bf018f12
 create mode 100644 UTIL.LOG.EVENT/c1611079-5b1e-4a72-8229-e97f08a1a60d
 create mode 100644 UTIL.LOG.EVENT/c1aec997-f0df-453e-b3a0-fc3f57d3edc4
 create mode 100644 UTIL.LOG.EVENT/c23c4d98-5691-432f-b273-5db4f4ed3a6c
 create mode 100644 UTIL.LOG.EVENT/c333faa9-1915-4dd0-9b0c-2f7ff25a6e59
 create mode 100644 UTIL.LOG.EVENT/c4074127-fb3e-4486-8345-7f3e622f083e
 create mode 100644 UTIL.LOG.EVENT/c583bf8f-b829-49fd-bb06-026a2dbd4137
 create mode 100644 UTIL.LOG.EVENT/c5eb036e-9868-48c1-848b-2bfc9387b1e5
 create mode 100644 UTIL.LOG.EVENT/c6126a86-343f-4bab-8b8c-c7ab2bfb2d66
 create mode 100644 UTIL.LOG.EVENT/c648f73c-4946-4816-aa8c-8e0cbcb22b7f
 create mode 100644 UTIL.LOG.EVENT/c7b5a490-39d6-448c-b716-3c79763d8fa2
 create mode 100644 UTIL.LOG.EVENT/c883a178-1cbd-4d06-a5d8-e13f9985b64a
 create mode 100644 UTIL.LOG.EVENT/cae1311f-de3b-492b-9669-b3567573596e
 create mode 100644 UTIL.LOG.EVENT/cb742cb3-794c-4c16-af77-6458c08c1d79
 create mode 100644 UTIL.LOG.EVENT/cbd6544c-a44d-4540-9473-7b90a5f5ac95
 create mode 100644 UTIL.LOG.EVENT/cc597fa6-d1f7-4c84-97c3-39352989f5bc
 create mode 100644 UTIL.LOG.EVENT/ccc8c6e6-6c15-466d-8f45-f3f9fd9d69c1
 create mode 100644 UTIL.LOG.EVENT/cf8ca7bb-efab-48c3-886b-15ea9ba2b36f
 create mode 100644 UTIL.LOG.EVENT/d017c504-f252-436c-9616-35bef11a2fe9
 create mode 100644 UTIL.LOG.EVENT/d027a4a7-4b2b-4d2c-82c1-3b4126c264a1
 create mode 100644 UTIL.LOG.EVENT/d11f59ee-ff6e-4e83-9083-b5caa4dadb04
 create mode 100644 UTIL.LOG.EVENT/d13dd9a3-2507-4d53-9ac6-fe3bb016f60b
 create mode 100644 UTIL.LOG.EVENT/d22bfaf6-9fb1-4cd2-96cc-be7aaafb1021
 create mode 100644 UTIL.LOG.EVENT/d267c7a3-113e-43c3-a3e5-62d84dbdd31b
 create mode 100644 UTIL.LOG.EVENT/d380d615-f376-4814-a91b-3ba13b89280d
 create mode 100644 UTIL.LOG.EVENT/d3b78390-04c6-42fc-b5c8-66be792f8aaa
 create mode 100644 UTIL.LOG.EVENT/d4a09108-6243-44cb-b7a7-2d0e891ac8bb
 create mode 100644 UTIL.LOG.EVENT/d5586efd-0a80-49fb-9b9a-8ce8170284aa
 create mode 100644 UTIL.LOG.EVENT/d70a43fa-74ae-4361-bbdc-79b114923992
 create mode 100644 UTIL.LOG.EVENT/d7b36aa4-38ec-412b-b626-d411a3d00ab5
 create mode 100644 UTIL.LOG.EVENT/d9de1efd-a582-4cec-a763-048cd84e5765
 create mode 100644 UTIL.LOG.EVENT/da058f4b-8c96-4d7d-b928-b5a9228ff4e9
 create mode 100644 UTIL.LOG.EVENT/dc3b514a-cc0f-4b86-a7f3-697fa6d7ab4c
 create mode 100644 UTIL.LOG.EVENT/dcaa94ae-7f51-4991-bc97-e475834c054a
 create mode 100644 UTIL.LOG.EVENT/dcc804d6-0e3b-4773-b16d-26e32fbf0ec1
 create mode 100644 UTIL.LOG.EVENT/de7ef7c6-125a-42a3-be09-cb547955a7f5
 create mode 100644 UTIL.LOG.EVENT/ded64064-40b3-47b4-825a-8c167dcd968c
 create mode 100644 UTIL.LOG.EVENT/df1051b8-2b5b-45e9-829a-4f591388671d
 create mode 100644 UTIL.LOG.EVENT/e042a66c-9542-4a1d-8de3-e9de7d27de25
 create mode 100644 UTIL.LOG.EVENT/e0974e81-4899-464b-8f6d-7c704475e0d1
 create mode 100644 UTIL.LOG.EVENT/e1979bf4-7817-4d5d-9498-a60a7a9bf4e0
 create mode 100644 UTIL.LOG.EVENT/e2007b91-8714-4dc8-820d-cdd1a3a88d8d
 create mode 100644 UTIL.LOG.EVENT/e2bd0392-c51c-4f64-96ee-ad5927d75fae
 create mode 100644 UTIL.LOG.EVENT/e2c9d768-5d7a-47bd-9b5d-4e549c800212
 create mode 100644 UTIL.LOG.EVENT/e37a199a-d9cf-47e4-9ee7-21db54cf4df6
 create mode 100644 UTIL.LOG.EVENT/e4620b28-67fd-42ff-8966-0cbde8ddacd0
 create mode 100644 UTIL.LOG.EVENT/e7f76ff4-1026-4e98-97a0-c98e1dc76ddf
 create mode 100644 UTIL.LOG.EVENT/e867e447-3238-4a63-9d6d-00d92958c03c
 create mode 100644 UTIL.LOG.EVENT/e8767c9a-2cf4-4814-8013-61b136db72da
 create mode 100644 UTIL.LOG.EVENT/e8b1c934-d177-49d2-b6b3-2e5f884e99a5
 create mode 100644 UTIL.LOG.EVENT/e8ec73ed-9082-4cf8-bbdb-f9b9fe62b87d
 create mode 100644 UTIL.LOG.EVENT/e9a3066c-dda5-4e9a-9d2e-7daa711b8322
 create mode 100644 UTIL.LOG.EVENT/ea8c82f3-21cc-4dbf-8bdc-019afef70490
 create mode 100644 UTIL.LOG.EVENT/ec1ca991-8d8e-43b2-9c5d-a8c634e4ecc2
 create mode 100644 UTIL.LOG.EVENT/ec41d288-80e5-44ee-a3b3-4309198fa235
 create mode 100644 UTIL.LOG.EVENT/ec8bbe12-ef1a-4fd9-8f21-6149b82204d4
 create mode 100644 UTIL.LOG.EVENT/ecc61cd3-e8f0-4d45-a819-f224f324fe14
 create mode 100644 UTIL.LOG.EVENT/ed20eb09-6993-4afd-ba99-0407cdff9908
 create mode 100644 UTIL.LOG.EVENT/eda06b98-e486-40a0-943f-e170efc85663
 create mode 100644 UTIL.LOG.EVENT/ef589337-c26e-4656-bbd5-67e331539b30
 create mode 100644 UTIL.LOG.EVENT/efd2fc7e-b4c1-47bf-ab7e-da5a0b18ad02
 create mode 100644 UTIL.LOG.EVENT/f01029e6-65bc-4072-94d9-e6fd2e497d82
 create mode 100644 UTIL.LOG.EVENT/f029d011-6c81-48ab-8e4e-a5db98f74400
 create mode 100644 UTIL.LOG.EVENT/f1202473-12e1-4436-ab4d-1dd556ca5645
 create mode 100644 UTIL.LOG.EVENT/f19ac6c0-df45-43c8-bdac-8f80c35a4371
 create mode 100644 UTIL.LOG.EVENT/f35a6d02-ef84-44f3-91d5-4ff76f2f0a90
 create mode 100644 UTIL.LOG.EVENT/f43c1b0a-8c3c-4794-aa88-df1f37fe429f
 create mode 100644 UTIL.LOG.EVENT/f6c1c181-869d-49b4-8ffa-0a9f54e9e830
 create mode 100644 UTIL.LOG.EVENT/f9203b8b-0a99-45be-bc33-3c9bae23782e
 create mode 100644 UTIL.LOG.EVENT/f922b7f3-be96-48f5-85a3-da10b68d118e
 create mode 100644 UTIL.LOG.EVENT/fb29a06b-8870-4595-89b9-684b8a14901f
 create mode 100644 UTIL.LOG.EVENT/fbf69e26-7bda-4ff8-a2be-aaf451d57b88
 create mode 100644 UTIL.LOG.EVENT/fc360143-d122-44da-a3f0-7bf40d65e724
 create mode 100644 UTIL.LOG.EVENT/fc6d3cd5-f8ba-4db9-a21f-8dbb44e248b9
 create mode 100644 UTIL.LOG.EVENT/fd2b5b4b-5e4b-4fa9-97eb-681117bf7357
 create mode 100644 UTIL.LOG.EVENT/fea72bce-8950-4f13-9d00-b85687e229a3
 create mode 100644 UTIL.LOG.EVENT/ff665c8f-c7c5-49d1-8e13-cb7cc49ea5fb
 create mode 100644 UTIL.LOG/0cba7da9-6df1-46fe-bd3a-4e717d13b0b0.log
 create mode 100644 UTIL.LOG/2e621936-768d-4017-b6dc-24e34c7e40bd.log
 create mode 100644 UTIL.LOG/42dbd17b-2d4f-44f2-999e-86d5d44ba56b.log
 create mode 100644 UTIL.LOG/45e7f830-063b-445a-88ad-28895154e84a.log
 create mode 100644 UTIL.LOG/4a668699-6c97-4213-887d-c0a04b2bcf62.log
 create mode 100644 UTIL.LOG/4c409ddd-8695-40dd-b04c-e3412dc58352.log
 create mode 100644 UTIL.LOG/502e7c0b-2312-437c-b9ed-cecbc0f43b13.log
 create mode 100644 UTIL.LOG/507a27d0-1545-41bb-adc8-162264696b46.log
 create mode 100644 UTIL.LOG/58760e03-7af4-468e-8e05-87c107a383a5.log
 create mode 100644 UTIL.LOG/6a375747-dd76-4dc0-84ae-62fda785db6e.log
 create mode 100644 UTIL.LOG/7ae2570a-7902-48ea-93fa-3da1ff399da9.log
 create mode 100644 UTIL.LOG/7e17bff0-644e-4e9e-8bd9-6614314b28fc.log
 create mode 100644 UTIL.LOG/8847036e-1161-419e-bf5a-b91a06c7fad0.log
 create mode 100644 UTIL.LOG/9243ac7f-2f20-494e-adba-4a364130090a.log
 create mode 100644 UTIL.LOG/ab1008f2-6efd-4244-863a-7b8d8da27521.log
 create mode 100644 UTIL.LOG/d0ade056-037c-48e5-98fa-d88678f89716.log
 create mode 100644 UTIL.LOG/d8651b32-e5eb-4b3d-8187-7f2d207ecda5.log
 create mode 100644 UTIL.LOG/db0e922e-b91f-4600-bb05-8ae91ee1b563.log
 create mode 100644 UTIL.LOG/e759ec8b-3071-4384-8b72-4918d19da045.log
 create mode 100644 UTIL.LOG/ef65d1c9-1d07-45ce-8127-aea5f3a43e29.log
 create mode 100644 UTIL.LOG/efdb9820-d675-49e7-86a6-8c8388d0303b.log
 create mode 100644 UTIL.LOG/fef94244-2a2e-43f6-855c-28a3a78c430c.log
[K"20200116T132003","INFO","[[1mOS.COMMAND     [m][git push]"
To https://github.com/mt1976/mwt-QM-dev.git
   619fe896..0d8b4f72  master -> master
[K"20200116T132010","INFO","[[1mDO DONE        [m][SIENA.GIT.CHECKIN.HELPER]"
