UTIL.CSV.OUT/D/0//ID/35L/S/
UTIL.CSV.OUT/D/1//SOURCE.FILE/40L/S/
UTIL.CSV.OUT/D/2//SOURCE.ROW/4R/S/
UTIL.CSV.OUT/D/3//FULLNAME/40L/S/
UTIL.CSV.OUT/D/4//FORENAME/40L/S/
UTIL.CSV.OUT/D/5//MIDNAME/40L/S/
UTIL.CSV.OUT/D/6//SURNAME/40L/S/
UTIL.CSV.OUT/D/7//TITLE/40L/S/
UTIL.CSV.OUT/D/8//COMPANY/40L/S/
UTIL.CSV.OUT/D/9//EMAIL/40L/S/
UTIL.CSV.OUT/D/10//DOMAIN/40L/S/
UTIL.CSV.OUT/D/11//ADDRESS/40L/S/
UTIL.CSV.OUT/D/12//ADDR.1/40L/S/
UTIL.CSV.OUT/D/13//ADDR.2/40L/S/
UTIL.CSV.OUT/D/14//ADDR.3/40L/S/
UTIL.CSV.OUT/D/15//ADDR.4/40L/S/
UTIL.CSV.OUT/D/16//ADDR.5/40L/S/
UTIL.CSV.OUT/D/17//POSTCODE/40L/S/
UTIL.CSV.OUT/D/18//IMPORT.DATE/8L//
UTIL.CSV.OUT/D/19//ORIG.DATE/8L//
UTIL.CSV.OUT/D/20//XREF.COMPANY/40L/S/
UTIL.CSV.OUT/D/21//XREF.FULLNAME/40L/S/
UTIL.CSV.OUT/D/22//XREF.DOMAIN/40L/S/
