UTIL.CSV.OUTPUT/D/0//ID/35L/S/ALL/
UTIL.CSV.OUTPUT/D/1//SOURCE.FILE/40L/S/ALL/
UTIL.CSV.OUTPUT/D/2//SOURCE.ROW/4R/S/ALL/
UTIL.CSV.OUTPUT/D/3//FULLNAME/40L/S/
UTIL.CSV.OUTPUT/D/4//FORENAME/40L/S/
UTIL.CSV.OUTPUT/D/5//MIDNAME/40L/S/
UTIL.CSV.OUTPUT/D/6//SURNAME/40L/S/
UTIL.CSV.OUTPUT/D/7//TITLE/40L/S/
UTIL.CSV.OUTPUT/D/8//COMPANY/40L/S/
UTIL.CSV.OUTPUT/D/9//ENGAGEMENT/40L/S/
UTIL.CSV.OUTPUT/D/10//SPARE.1/40L/S/
UTIL.CSV.OUTPUT/D/11//SPARE.2/40L/S/
UTIL.CSV.OUTPUT/D/12//SPARE.3/40L/S/
UTIL.CSV.OUTPUT/D/13//SPARE.4/40L/S/
UTIL.CSV.OUTPUT/D/14//SPARE.5/40L/S/
UTIL.CSV.OUTPUT/D/15//EMAIL/40L/S/
UTIL.CSV.OUTPUT/D/16//DOMAIN/40L/S/
UTIL.CSV.OUTPUT/D/17//ADDRESS/40L/S/
UTIL.CSV.OUTPUT/D/18//ADDR.1/40L/S/
UTIL.CSV.OUTPUT/D/19//ADDR.2/40L/S/
UTIL.CSV.OUTPUT/D/20//ADDR.3/40L/S/
UTIL.CSV.OUTPUT/D/21//ADDR.4/40L/S/
UTIL.CSV.OUTPUT/D/22//ADDR.5/40L/S/
UTIL.CSV.OUTPUT/D/23//COUNTRY/40L/S/
UTIL.CSV.OUTPUT/D/24//POSTCODE/40L/S/
UTIL.CSV.OUTPUT/D/25//SPARE.10/40L/S/
UTIL.CSV.OUTPUT/D/26//SPARE.11/40L/S/
UTIL.CSV.OUTPUT/D/27//SPARE.12/40L/S/
UTIL.CSV.OUTPUT/D/28//SPARE.13/40L/S/
UTIL.CSV.OUTPUT/D/29//SPARE.14/40L/S/
UTIL.CSV.OUTPUT/D/30//SPARE.15/40L/S/
UTIL.CSV.OUTPUT/D/31//XREF.COMPANY/40L/S/
UTIL.CSV.OUTPUT/D/32//XREF.FULLNAME/40L/S/
UTIL.CSV.OUTPUT/D/33//XREF.DOMAIN/40L/S/
UTIL.CSV.OUTPUT/D/34//IMPORT.DATE/8L/S/
UTIL.CSV.OUTPUT/D/35//ORIG.DATE/8L/S/
UTIL.CSV.OUTPUT/D/36//REGION/30L/S/
UTIL.CSV.OUTPUT/D/37//CLASSIFICATION/30L/S/
UTIL.CSV.OUTPUT/D/38//NOTES/50L/S/
UTIL.CSV.OUTPUT/D/39//WEBSITE/30L/S/
UTIL.CSV.OUTPUT/D/40//CHAIRMAN.NAME/30L/S/
UTIL.CSV.OUTPUT/D/41//JOB.TITLE/30L/S/
UTIL.CSV.OUTPUT/D/42//ALLOWED/30L/S/
UTIL.CSV.OUTPUT/D/43//FUNCTION/30L/S/
UTIL.CSV.OUTPUT/D/44//PHONE/30L/S/
UTIL.CSV.OUTPUT/D/45//PHONE.1/30L/S/
UTIL.CSV.OUTPUT/D/46//PHONE.2/30L/S/
UTIL.CSV.OUTPUT/D/47//PHONE.3/30L/S/
UTIL.CSV.OUTPUT/D/48//UP.FULLNAME/30L/S/
UTIL.CSV.OUTPUT/D/49//UP.FORENAME/30L/S/
UTIL.CSV.OUTPUT/D/50//UP.MIDNAME/30L/S/
UTIL.CSV.OUTPUT/D/51//UP.SURNAME/30L/S/
UTIL.CSV.OUTPUT/D/52//UP.TITLE/30L/S/
UTIL.CSV.OUTPUT/D/53//UP.COMPANY/30L/S/
UTIL.CSV.OUTPUT/D/54//UP.ENGAGEMENT/30L/S/
UTIL.CSV.OUTPUT/D/55//UP.COUNTRY/30L/S/
UTIL.CSV.OUTPUT/D/56//UP.REGION/30L/S/
UTIL.CSV.OUTPUT/D/57//UP.JOB.TITLE/30L/S/
UTIL.CSV.OUTPUT/D/58//SDEX.FULLNAME/30L/S/
UTIL.CSV.OUTPUT/D/59//SDEX.FORENAME/30L/S/
UTIL.CSV.OUTPUT/D/60//SDEX.MIDNAME/30L/S/
UTIL.CSV.OUTPUT/D/61//SDEX.SURNAME/30L/S/
UTIL.CSV.OUTPUT/D/62//SDEX.TITLE/30L/S/
UTIL.CSV.OUTPUT/D/63//SDEX.COMPANY/30L/S/
UTIL.CSV.OUTPUT/D/64//SDEX.ENGAGEMENT/30L/S/
UTIL.CSV.OUTPUT/D/65//SDEX.COUNTRY/30L/S/
UTIL.CSV.OUTPUT/D/66//SDEX.REGION/30L/S/
UTIL.CSV.OUTPUT/D/67//SDEX.JOB.TITLE/30L/S/
UTIL.CSV.OUTPUT/D/68//COUNTRY.RANK/30L/S/
UTIL.CSV.OUTPUT/D/69//WORLD.RANK/30L/S/
UTIL.CSV.OUTPUT/D/70//T1.CAPITAL/30L/S/
UTIL.CSV.OUTPUT/D/71//AUM/30L/S/
UTIL.CSV.OUTPUT/D/72//CATEGORY/30L/S/
UTIL.CSV.OUTPUT/D/73//PARENT/30L/S/
UTIL.CSV.OUTPUT/D/74//UP.PARENT/30L/S/
UTIL.CSV.OUTPUT/D/75//SDEX.PARENT/30L/S/
UTIL.CSV.OUTPUT/D/76//BRANCHES/30L/S/
