+---------------+---------------------+
| FullName      | CustomerSienaView   |
|---------------+---------------------|
| SCB2      WEB | SCB2      WEB       |
| VirginGrp LON | VirginGrp LON       |
| Sales1    WEB | Sales1    WEB       |
| ABC       EST | ABC       EST       |
| HOMESEND  BEL | HOMESEND  BEL       |
| AIB       LON | AIB       LON       |
| HOMESEND  FRA | HOMESEND  FRA       |
| Anybank   LON | Anybank   LON       |
| Client C  LON | Client C  LON       |
| BOE       LON | BOE       LON       |
| BOAL      NYK | BOAL      NYK       |
| DNB       NOR | DNB       NOR       |
| SEB       STO | SEB       STO       |
|               |                     |
| ABCorp    MOM | ABCorp    MOM       |
| BDB2      WEB | BDB2      WEB       |
| CS2       WEB | CS2       WEB       |
| TELIA     WEB | TELIA     WEB       |
| AIRNZ     NYK | AIRNZ     NYK       |
+---------------+---------------------+
(19 rows affected)
