+--------+------------+--------------------------------+--------------------------+----------------------------------+--------------------------------+----------------------+--------------+-------------------+---------+------------+-------+
| Code   | Name       | FullName                       | DefaultEquityBrokerage   | Contact                          | Address                        | DefaultMMBrokerage   | InternalId   | InternalDeleted   | ccLEI   | ccIDTYPE   | LEI   |
|--------+------------+--------------------------------+--------------------------+----------------------------------+--------------------------------+----------------------+--------------+-------------------+---------+------------+-------|
| 36     | 360T       |                                | 0                        |                                  |                                | 0                    | 30370        | NULL              | NULL    | NULL       |       |
| BA     | BARCLAYS   | Barclays Bank                  | 0                        |                                  |                                | 0                    | 30371        | NULL              | NULL    | NULL       |       |
| BC     | BACB       | BACB                           | 0                        |                                  |                                | 0                    | 30372        | NULL              | NULL    | NULL       |       |
| BG     | Bloomberg  |                                | 0                        |                                  |                                | 0                    | 30373        | NULL              | NULL    | NULL       |       |
| CA     | CFETSANON  |                                | 0                        |                                  |                                | 0                    | 30374        | NULL              | NULL    | NULL       |       |
| FE     | FIX Engine |                                | 0                        |                                  |                                | 0                    | 30375        | NULL              | NULL    | NULL       |       |
| Fa     | FXall      |                                | 0                        |                                  |                                | 0                    | 30376        | NULL              | NULL    | NULL       |       |
| GO     | GOLDMANS   | Goldman Sachs                  | 0                        |                                  |                                | 0                    | 30377        | NULL              | NULL    | NULL       |       |
| IG     | IG Group   | IG Share Dealing               | 0.4                      |                                  |                                | 0                    | 30378        | NULL              | NULL    | NULL       |       |
| IM     | Imported   |                                | 0                        |                                  |                                | 0                    | 30379        | NULL              | NULL    | NULL       |       |
| IV     | Investec   | Investec Wealth and Investment | 0.41                     | chris.sandford@investecwin.co.uk | 30 Gresham St, London EC2V 7PG | 0                    | 30380        | NULL              | NULL    | NULL       |       |
| KV     | KVIKA      | Kvika Capital Markets          | 0                        |                                  |                                | 0                    | 30381        | NULL              | NULL    | NULL       |       |
| LL     | LLOYDS     | LLoyds Bank PLC                | 0                        |                                  |                                | 0                    | 30382        | NULL              | NULL    | NULL       |       |
| PH     | Phone      |                                | 0                        |                                  |                                | 0                    | 30383        | NULL              | NULL    | NULL       |       |
| RB     | RBS        | Royal Bank of Scotland         | 0                        |                                  |                                | 0                    | 30384        | NULL              | NULL    | NULL       |       |
| SU     | SUCDEN     | Sucden Financial               | 0                        |                                  |                                | 0                    | 30385        | NULL              | NULL    | NULL       |       |
| SX     | SAXO       | SAXO Bank                      | 0                        |                                  |                                | 0                    | 30386        | NULL              | NULL    | NULL       |       |
| Wb     | WEB        |                                | 0                        |                                  |                                | 0                    | 30387        | NULL              | NULL    | NULL       |       |
| ab     | Bank       |                                | 0                        |                                  |                                | 0                    | 30388        | NULL              | NULL    | NULL       |       |
+--------+------------+--------------------------------+--------------------------+----------------------------------+--------------------------------+----------------------+--------------+-------------------+---------+------------+-------+
(19 rows affected)
