+------------+
| BookName   |
|------------|
| ACTUAL     |
| B1LK       |
| B2LK       |
| CASHTX-A   |
| CASHTX-F   |
| CORPSPOT   |
| CUSTINST-A |
| CUSTINST-F |
| Deal       |
| ENTER      |
| ESTFWD1    |
| ESTFWD2    |
| ESTMM1     |
| ESTSPT1    |
| ESTSPT2    |
| Equity     |
| FORCAST    |
| FORWARD    |
| FUTU       |
| FX-A       |
| FX-F       |
| FXBK       |
| FXOTC      |
| Futures    |
| FxSp       |
| GAB        |
| LATFWD1    |
| LATMM1     |
| LATMM2     |
| LATSPT1    |
| LATSPT2    |
| LITFWD1    |
| LITMM1     |
| LITSPT1    |
| LITSPT2    |
| LITSSP3    |
| LOCKFX-A   |
| LOCKFX-F   |
| LOCKINST-A |
| LOCKINST-F |
| MTT        |
| NDF        |
| NGRA       |
| PROFIT     |
| Paym       |
| Prop       |
| PropOE     |
| SIX-SIS    |
| SIX-SXC    |
| SIX-SXCN   |
| SPOT       |
| STAG       |
| Spot       |
| TLTP       |
| TREASURY   |
| TTFX       |
| Tr1F       |
| Tr1M       |
| SixGroup   |
| SIS        |
| SXC        |
| SXCN       |
+------------+
(62 rows affected)
