+---------------------------+
| MandatedUserKeyUserName   |
|---------------------------|
| ??????? ?????´??          |
| David Healer (Sales Desk) |
| Dorothy W. Arner          |
| Maik Fuhrmann             |
| Ryan Sinclair             |
| Jonathan Mason            |
| Linda Jenkinson           |
| Sales Desk                |
| Jo Jones                  |
| Dane Coles                |
| Kieran Read               |
| AMD Tech 1                |
| AMD Tech 2                |
| ESL User                  |
| eT-external-direct        |
| eT-external-OBO3          |
| Payment User              |
| Payment User No Auth      |
| PmtUserComp               |
| Fred                      |
| Jeff Martins              |
| Mr Barclay                |
| eT-external-OBO2          |
| Mr Barclay                |
| Mr Barclay                |
| Mr Barclay                |
| Mr Barclay                |
| Richard James             |
| Edward Eurobase           |
| DEFAULT                   |
| DEFAULT                   |
| DEFAULT                   |
| Mr Barclay                |
| Mr Barclay                |
| David Brown               |
| Andreas Sarkar            |
| Armen Ignatieff           |
| Zarina Loginova           |
| David J. Kim              |
| Dorothy W. Arner          |
| Henry M. Mattos           |
| Mr Magnus Jenson          |
| Mr Magnus Jenson          |
| Mr Magnus Jenson          |
| David Eurobase            |
| Edward Eurobase           |
| Liz Eurobase              |
| Matt Eurobase             |
| Norman Eurobase           |
| Ollie Eurobase            |
| Ronald Sales-Desk         |
| DEFAULT                   |
| DEFAULT                   |
| HOMESEND BELGIUM          |
| HOMESEND FRANCE           |
| Richardt Strauss          |
| Rory Best                 |
| Sean Cronin               |
| DEFAULT                   |
| Mr Gustav Petersen        |
| Mr Gustav Petersen        |
| Mr Gustav Petersen        |
| Mr Lars Eriksson          |
| Mr Lars Eriksson          |
| Mr Lars Eriksson          |
| Mr Lars Eriksson          |
| Pavel Topolski            |
| Jeff Martins              |
| Spk 1 User                |
| Spk 1 User 2              |
| Lone Fønss Schrøder       |
| Sparkasse 2 User          |
| DEFAULT                   |
| DEFAULT                   |
| David J. Kim              |
| Dorothy W. Arner          |
| Henry M. Mattos           |
| Juris Kruminš             |
| Andrew Jones              |
| Beth Wittaker             |
| Richard Branson           |
| Sales Desk                |
+---------------------------+
(82 rows affected)
