+--------+
| Code   |
|--------|
| AED    |
| AUD    |
| BDT    |
| BHD    |
| BRL    |
| BTC    |
| CAD    |
| CHF    |
| CLP    |
| CNY    |
| COP    |
| CYP    |
| CZK    |
| DKK    |
| EEK    |
| EGP    |
| ETH    |
| EUR    |
| GBP    |
| HKD    |
| HRK    |
| HUF    |
| IDO    |
| IDR    |
| INR    |
| ISK    |
| JMD    |
| JPY    |
| KES    |
| KRW    |
| KWD    |
| LTC    |
| LTL    |
| LVL    |
| MAD    |
| MUR    |
| MXN    |
| MYR    |
| NGN    |
| NOK    |
| NZD    |
| OMR    |
| PAB    |
| PHP    |
| PKR    |
| PLN    |
| RON    |
| RUB    |
| SAR    |
| SEK    |
| SGD    |
| THB    |
| TND    |
| TRY    |
| TWD    |
| TZS    |
| UGX    |
| USD    |
| XAG    |
| XAU    |
| XPD    |
| XPT    |
| XRP    |
| ZAR    |
+--------+
(64 rows affected)
