+-------------------+
| UserName          |
|-------------------|
| BackOffice        |
| cashflow          |
| cashmanager       |
| compliance        |
| covesting         |
| CustomerMaint     |
| CustomerUser      |
| d.healer@bank.com |
| Functional        |
| homesend          |
| JuniorDealer      |
| MiddleOffice      |
| MWT               |
| RateDesk          |
| regulatory        |
| Salesdesk         |
| SeniorDealer      |
| SERVICE           |
| SuperDF           |
| SuperGB           |
| SuperMIFID        |
| SuperMWT          |
| SuperNB           |
| SuperOE           |
| SuperRH           |
| SuperRN           |
| SuperRN2          |
| Technical         |
| TradeDesk         |
+-------------------+
(29 rows affected)
