+---------------------+---------+
| name                | colid   |
|---------------------+---------|
| AllEquities         | 9       |
| BookName            | 1       |
| ccCounterpartyID    | 12      |
| ccFinStatus         | 14      |
| ccIDTYPE            | 15      |
| ccSector            | 13      |
| ccTradingCapacity   | 16      |
| CostOfCarry         | 6       |
| CostOfFunding       | 7       |
| DerivePL            | 5       |
| FullName            | 2       |
| InternalDeleted     | 11      |
| InternalId          | 10      |
| LotAllocationMethod | 8       |
| PLManage            | 3       |
| PLTransfer          | 4       |
+---------------------+---------+
(16 rows affected)
