TIME,DATE,CMD,ELAPSED,SESSIONTOKEN,SESSIONUSER,CMD
02:18:39.04850,20210221,CLEAR-FILE DATA UTIL.LOG.EVENT,,U_CLEARFILES,root@DEV,CLEAR-FILE DATA UTIL.LOG.EVENT
02:18:39.04851,20210221,CLEAR-FILE DATA UTIL.WORKFILE,,U_CLEARFILES,root@DEV,CLEAR-FILE DATA UTIL.WORKFILE
02:18:39.04852,20210221,CLEAR-FILE DATA UTIL.WCT.RESP,,U_CLEARFILES,root@DEV,CLEAR-FILE DATA UTIL.WCT.RESP
02:18:39.04853,20210221,CLEAR-FILE DATA UTIL.WCT.RECV,,U_CLEARFILES,root@DEV,CLEAR-FILE DATA UTIL.WCT.RECV
02:18:39.04854,20210221,CLEAR-FILE DATA UTIL.WCT.TOKENS,,U_CLEARFILES,root@DEV,CLEAR-FILE DATA UTIL.WCT.TOKENS
02:18:39.04855,20210221,CLEAR-FILE DATA LOGS,,U_CLEARFILES,root@DEV,CLEAR-FILE DATA LOGS
02:18:39.04856,20210221,SELECT UTIL.CONFIG LIKE clear.nopage.properties,,U_CLEARFILES,root@DEV,SELECT UTIL.CONFIG LIKE clear.nopage.properties
02:18:39.04857,20210221,,00.00.01,U_CLEARFILES,root@DEV,
02:18:39.04858,20210221,U_CLEARFILES WCT NOPAGE,,U_CLEARFILES,root@DEV,U_CLEARFILES WCT NOPAGE
02:18:39.04859,20210221,!U_CLEARFILES WCT NOPAGE,,U_CLEARFILES,authorAdjust@DEV,!U_CLEARFILES WCT NOPAGE
02:18:45.04860,20210221,"SELECT UTIL.WCT.RECV WITH @ID UNLIKE "".keep"" TO 1",,U_CLEARFILES,root@DEV,"SELECT UTIL.WCT.RECV WITH @ID UNLIKE "".keep"" TO 1"
02:18:45.04861,20210221,SERVICES  ,,U_CLEARFILES,authorAdjust@DEV,SERVICES  
02:18:56.04862,20210221,"SELECT UTIL.WCT.RECV WITH @ID UNLIKE "".keep"" TO 1",,U_CLEARFILES,root@DEV,"SELECT UTIL.WCT.RECV WITH @ID UNLIKE "".keep"" TO 1"
02:18:56.04863,20210221,,,JOB.DO,root@DEV,
02:18:56.04864,20210221,,,JOB.DO,root@DEV,
02:18:56.04865,20210221,,,JOB.DO,root@DEV,
02:18:56.04866,20210221,,00.00.00,JOB.DO,root@DEV,
02:18:56.04867,20210221,JOB.DO BUILD.SERVICE.CATALOG NOPAGE,,JOB.DO,root@DEV,JOB.DO BUILD.SERVICE.CATALOG NOPAGE
02:18:56.04868,20210221,JOB.DO BUILD.SERVICE.CATALOG NOPAGE,,JOB.DO,authorAdjust@DEV,JOB.DO BUILD.SERVICE.CATALOG NOPAGE
02:21:19.04869,20210221,,00.02.23,JOB.DO,root@DEV,
15:55:03.04870,20210221,,,BCC,root@DEV,
15:55:03.04871,20210221,FORMAT UTIL.BP U_TEST,,BCC,root@DEV,FORMAT UTIL.BP U_TEST
15:55:03.04872,20210221,BASIC UTIL.BP U_TEST,,BCC,root@DEV,BASIC UTIL.BP U_TEST
15:55:03.04873,20210221,CATALOG UTIL.BP U_TEST,,BCC,root@DEV,CATALOG UTIL.BP U_TEST
15:55:30.04874,20210221,,,BCC,root@DEV,
15:55:30.04875,20210221,FORMAT UTIL.BP U_TEST,,BCC,root@DEV,FORMAT UTIL.BP U_TEST
15:55:30.04876,20210221,BASIC UTIL.BP U_TEST,,BCC,root@DEV,BASIC UTIL.BP U_TEST
15:55:30.04877,20210221,CATALOG UTIL.BP U_TEST,,BCC,root@DEV,CATALOG UTIL.BP U_TEST
15:55:38.04878,20210221,,,U_TEST,root@DEV,
15:58:07.04879,20210221,,,BCC,root@DEV,
15:58:07.04880,20210221,FORMAT UTIL.BP U_TEST,,BCC,root@DEV,FORMAT UTIL.BP U_TEST
15:58:07.04881,20210221,BASIC UTIL.BP U_TEST,,BCC,root@DEV,BASIC UTIL.BP U_TEST
15:58:07.04882,20210221,CATALOG UTIL.BP U_TEST,,BCC,root@DEV,CATALOG UTIL.BP U_TEST
15:58:09.04883,20210221,,,U_TEST,root@DEV,
15:59:25.04884,20210221,,,BCC,root@DEV,
15:59:31.04885,20210221,,,BCC,root@DEV,
15:59:31.04886,20210221,FORMAT UTIL.BP W_SERVICE.ENVIRONMENT,,BCC,root@DEV,FORMAT UTIL.BP W_SERVICE.ENVIRONMENT
15:59:31.04887,20210221,BASIC UTIL.BP W_SERVICE.ENVIRONMENT,,BCC,root@DEV,BASIC UTIL.BP W_SERVICE.ENVIRONMENT
15:59:31.04888,20210221,CATALOG UTIL.BP W_SERVICE.ENVIRONMENT,,BCC,root@DEV,CATALOG UTIL.BP W_SERVICE.ENVIRONMENT
15:59:37.04889,20210221,,,U_TEST,root@DEV,
16:07:39.04890,20210221,,,BCC,root@DEV,
16:07:39.04891,20210221,FORMAT UTIL.BP U_TEST,,BCC,root@DEV,FORMAT UTIL.BP U_TEST
16:07:39.04892,20210221,BASIC UTIL.BP U_TEST,,BCC,root@DEV,BASIC UTIL.BP U_TEST
16:07:39.04893,20210221,CATALOG UTIL.BP U_TEST,,BCC,root@DEV,CATALOG UTIL.BP U_TEST
16:07:41.04894,20210221,,,U_TEST,root@DEV,
16:13:15.04895,20210221,,,BCC,root@DEV,
16:13:15.04896,20210221,FORMAT UTIL.BP U_TEST,,BCC,root@DEV,FORMAT UTIL.BP U_TEST
16:13:15.04897,20210221,BASIC UTIL.BP U_TEST,,BCC,root@DEV,BASIC UTIL.BP U_TEST
16:13:15.04898,20210221,CATALOG UTIL.BP U_TEST,,BCC,root@DEV,CATALOG UTIL.BP U_TEST
16:13:17.04899,20210221,,,U_TEST,root@DEV,
16:13:45.04900,20210221,,,U_TEST,root@DEV,
16:17:20.04901,20210221,,,BCC,root@DEV,
16:17:20.04902,20210221,FORMAT UTIL.BP W_SERVICE.DATAMAP,,BCC,root@DEV,FORMAT UTIL.BP W_SERVICE.DATAMAP
16:17:20.04903,20210221,BASIC UTIL.BP W_SERVICE.DATAMAP,,BCC,root@DEV,BASIC UTIL.BP W_SERVICE.DATAMAP
16:17:20.04904,20210221,CATALOG UTIL.BP W_SERVICE.DATAMAP,,BCC,root@DEV,CATALOG UTIL.BP W_SERVICE.DATAMAP
16:19:05.04905,20210221,,,BCC,root@DEV,
16:19:05.04906,20210221,FORMAT UTIL.BP W_SERVICE.DATAMAP,,BCC,root@DEV,FORMAT UTIL.BP W_SERVICE.DATAMAP
16:19:05.04907,20210221,BASIC UTIL.BP W_SERVICE.DATAMAP,,BCC,root@DEV,BASIC UTIL.BP W_SERVICE.DATAMAP
16:19:05.04908,20210221,CATALOG UTIL.BP W_SERVICE.DATAMAP,,BCC,root@DEV,CATALOG UTIL.BP W_SERVICE.DATAMAP
16:19:09.04909,20210221,,,BCC,root@DEV,
16:19:09.04910,20210221,FORMAT UTIL.BP U_TEST,,BCC,root@DEV,FORMAT UTIL.BP U_TEST
16:19:09.04911,20210221,BASIC UTIL.BP U_TEST,,BCC,root@DEV,BASIC UTIL.BP U_TEST
16:19:09.04912,20210221,CATALOG UTIL.BP U_TEST,,BCC,root@DEV,CATALOG UTIL.BP U_TEST
16:19:11.04913,20210221,,,U_TEST,root@DEV,
16:19:11.04914,20210221,,,U_TEST,root@DEV,
16:19:11.04915,20210221,,00.00.00,U_TEST,root@DEV,
16:20:13.04916,20210221,,,BCC,root@DEV,
16:20:13.04917,20210221,FORMAT UTIL.BP U_IO.GET.LIST,,BCC,root@DEV,FORMAT UTIL.BP U_IO.GET.LIST
16:20:13.04918,20210221,BASIC UTIL.BP U_IO.GET.LIST,,BCC,root@DEV,BASIC UTIL.BP U_IO.GET.LIST
16:20:13.04919,20210221,CATALOG UTIL.BP U_IO.GET.LIST,,BCC,root@DEV,CATALOG UTIL.BP U_IO.GET.LIST
16:20:15.04920,20210221,,,U_TEST,root@DEV,
16:20:15.04921,20210221,,,U_TEST,root@DEV,
16:20:15.04922,20210221,,00.00.00,U_TEST,root@DEV,
16:20:58.04923,20210221,,,U_TEST,root@DEV,
16:20:59.04924,20210221,,,U_TEST,root@DEV,
16:22:35.04925,20210221,,,BCC,root@DEV,
16:22:35.04926,20210221,FORMAT UTIL.BP W_SERVICE.DATAMAP_VIEW,,BCC,root@DEV,FORMAT UTIL.BP W_SERVICE.DATAMAP_VIEW
16:22:35.04927,20210221,BASIC UTIL.BP W_SERVICE.DATAMAP_VIEW,,BCC,root@DEV,BASIC UTIL.BP W_SERVICE.DATAMAP_VIEW
16:22:35.04928,20210221,CATALOG UTIL.BP W_SERVICE.DATAMAP_VIEW,,BCC,root@DEV,CATALOG UTIL.BP W_SERVICE.DATAMAP_VIEW
16:22:37.04929,20210221,,,U_TEST,root@DEV,
16:22:37.04930,20210221,,,U_TEST,root@DEV,
16:22:38.04931,20210221,,,U_TEST,root@DEV,
16:30:12.04932,20210221,,,BCC,root@DEV,
16:30:12.04933,20210221,FORMAT UTIL.BP W_SERVICE.DATAMAP_VIEW,,BCC,root@DEV,FORMAT UTIL.BP W_SERVICE.DATAMAP_VIEW
16:30:13.04934,20210221,BASIC UTIL.BP W_SERVICE.DATAMAP_VIEW,,BCC,root@DEV,BASIC UTIL.BP W_SERVICE.DATAMAP_VIEW
16:30:13.04935,20210221,CATALOG UTIL.BP W_SERVICE.DATAMAP_VIEW,,BCC,root@DEV,CATALOG UTIL.BP W_SERVICE.DATAMAP_VIEW
16:30:15.04936,20210221,,,U_TEST,root@DEV,
16:30:15.04937,20210221,,,U_TEST,root@DEV,
16:30:15.04938,20210221,,,U_TEST,root@DEV,
16:31:54.04939,20210221,,,BCC,root@DEV,
16:31:54.04940,20210221,FORMAT UTIL.BP W_SERVICE.DATAMAP_VIEW,,BCC,root@DEV,FORMAT UTIL.BP W_SERVICE.DATAMAP_VIEW
16:31:54.04941,20210221,BASIC UTIL.BP W_SERVICE.DATAMAP_VIEW,,BCC,root@DEV,BASIC UTIL.BP W_SERVICE.DATAMAP_VIEW
16:31:54.04942,20210221,CATALOG UTIL.BP W_SERVICE.DATAMAP_VIEW,,BCC,root@DEV,CATALOG UTIL.BP W_SERVICE.DATAMAP_VIEW
16:31:55.04943,20210221,,,U_TEST,root@DEV,
16:31:55.04944,20210221,,,U_TEST,root@DEV,
16:31:55.04945,20210221,,,U_TEST,root@DEV,
16:32:01.04946,20210221,,,BCC,root@DEV,
16:32:01.04947,20210221,FORMAT UTIL.BP W_SERVICE.DATAMAP_VIEW,,BCC,root@DEV,FORMAT UTIL.BP W_SERVICE.DATAMAP_VIEW
16:32:01.04948,20210221,BASIC UTIL.BP W_SERVICE.DATAMAP_VIEW,,BCC,root@DEV,BASIC UTIL.BP W_SERVICE.DATAMAP_VIEW
16:32:01.04949,20210221,CATALOG UTIL.BP W_SERVICE.DATAMAP_VIEW,,BCC,root@DEV,CATALOG UTIL.BP W_SERVICE.DATAMAP_VIEW
16:32:16.04950,20210221,,,BCC,root@DEV,
16:32:16.04951,20210221,FORMAT UTIL.BP W_SERVICE.DATAMAP_VIEW,,BCC,root@DEV,FORMAT UTIL.BP W_SERVICE.DATAMAP_VIEW
16:32:16.04952,20210221,BASIC UTIL.BP W_SERVICE.DATAMAP_VIEW,,BCC,root@DEV,BASIC UTIL.BP W_SERVICE.DATAMAP_VIEW
16:32:16.04953,20210221,CATALOG UTIL.BP W_SERVICE.DATAMAP_VIEW,,BCC,root@DEV,CATALOG UTIL.BP W_SERVICE.DATAMAP_VIEW
16:32:18.04954,20210221,,,U_TEST,root@DEV,
16:32:18.04955,20210221,,,U_TEST,root@DEV,
16:32:18.04956,20210221,,,U_TEST,root@DEV,
16:32:18.04957,20210221,,00.00.00,U_TEST,root@DEV,
16:32:18.04958,20210221,,00.00.00,U_TEST,root@DEV,
16:32:53.04959,20210221,,,BCC,root@DEV,
16:32:53.04960,20210221,FORMAT UTIL.BP W_SERVICE.DATAMAP_VIEW,,BCC,root@DEV,FORMAT UTIL.BP W_SERVICE.DATAMAP_VIEW
16:32:53.04961,20210221,BASIC UTIL.BP W_SERVICE.DATAMAP_VIEW,,BCC,root@DEV,BASIC UTIL.BP W_SERVICE.DATAMAP_VIEW
16:32:53.04962,20210221,CATALOG UTIL.BP W_SERVICE.DATAMAP_VIEW,,BCC,root@DEV,CATALOG UTIL.BP W_SERVICE.DATAMAP_VIEW
16:32:55.04963,20210221,,,U_TEST,root@DEV,
16:32:55.04964,20210221,,,U_TEST,root@DEV,
16:32:55.04965,20210221,,,U_TEST,root@DEV,
16:32:55.04966,20210221,,00.00.00,U_TEST,root@DEV,
16:32:55.04967,20210221,,00.00.00,U_TEST,root@DEV,
16:36:56.04968,20210221,,,BCC,root@DEV,
16:36:56.04969,20210221,FORMAT UTIL.BP W_SERVICE.DATAMAP_VIEW,,BCC,root@DEV,FORMAT UTIL.BP W_SERVICE.DATAMAP_VIEW
16:36:57.04970,20210221,BASIC UTIL.BP W_SERVICE.DATAMAP_VIEW,,BCC,root@DEV,BASIC UTIL.BP W_SERVICE.DATAMAP_VIEW
16:36:57.04971,20210221,CATALOG UTIL.BP W_SERVICE.DATAMAP_VIEW,,BCC,root@DEV,CATALOG UTIL.BP W_SERVICE.DATAMAP_VIEW
16:36:59.04972,20210221,,,U_TEST,root@DEV,
16:36:59.04973,20210221,,,U_TEST,root@DEV,
16:36:59.04974,20210221,,,U_TEST,root@DEV,
16:36:59.04975,20210221,,00.00.00,U_TEST,root@DEV,
16:36:59.04976,20210221,,00.00.00,U_TEST,root@DEV,
16:37:51.04977,20210221,,,BCC,root@DEV,
16:37:51.04978,20210221,FORMAT UTIL.BP W_SERVICE.DATAMAP_VIEW,,BCC,root@DEV,FORMAT UTIL.BP W_SERVICE.DATAMAP_VIEW
16:37:51.04979,20210221,BASIC UTIL.BP W_SERVICE.DATAMAP_VIEW,,BCC,root@DEV,BASIC UTIL.BP W_SERVICE.DATAMAP_VIEW
16:37:51.04980,20210221,CATALOG UTIL.BP W_SERVICE.DATAMAP_VIEW,,BCC,root@DEV,CATALOG UTIL.BP W_SERVICE.DATAMAP_VIEW
16:37:53.04981,20210221,,,U_TEST,root@DEV,
16:37:53.04982,20210221,,,U_TEST,root@DEV,
16:37:53.04983,20210221,,,U_TEST,root@DEV,
16:37:53.04984,20210221,,00.00.00,U_TEST,root@DEV,
16:37:53.04985,20210221,,00.00.00,U_TEST,root@DEV,
16:38:05.04986,20210221,,,U_TEST,root@DEV,
16:38:05.04987,20210221,,,U_TEST,root@DEV,
16:38:05.04988,20210221,,,U_TEST,root@DEV,
16:38:05.04989,20210221,,00.00.00,U_TEST,root@DEV,
16:38:05.04990,20210221,,00.00.00,U_TEST,root@DEV,
16:38:23.04991,20210221,,,BCC,root@DEV,
16:38:23.04992,20210221,FORMAT UTIL.BP W_SERVICE.DATAMAP_VIEW,,BCC,root@DEV,FORMAT UTIL.BP W_SERVICE.DATAMAP_VIEW
16:38:23.04993,20210221,BASIC UTIL.BP W_SERVICE.DATAMAP_VIEW,,BCC,root@DEV,BASIC UTIL.BP W_SERVICE.DATAMAP_VIEW
16:38:23.04994,20210221,CATALOG UTIL.BP W_SERVICE.DATAMAP_VIEW,,BCC,root@DEV,CATALOG UTIL.BP W_SERVICE.DATAMAP_VIEW
16:38:25.04995,20210221,,,U_TEST,root@DEV,
16:38:25.04996,20210221,,,U_TEST,root@DEV,
16:38:25.04997,20210221,,,U_TEST,root@DEV,
16:38:25.04998,20210221,,00.00.00,U_TEST,root@DEV,
16:38:25.04999,20210221,,00.00.00,U_TEST,root@DEV,
16:38:41.05000,20210221,,,U_TEST,root@DEV,
16:38:41.05001,20210221,,,U_TEST,root@DEV,
16:38:42.05002,20210221,,,U_TEST,root@DEV,
16:38:42.05003,20210221,,00.00.01,U_TEST,root@DEV,
16:38:42.05004,20210221,,00.00.01,U_TEST,root@DEV,
16:38:43.05005,20210221,,,BCC,root@DEV,
16:38:43.05006,20210221,FORMAT UTIL.BP W_SERVICE.DATAMAP_VIEW,,BCC,root@DEV,FORMAT UTIL.BP W_SERVICE.DATAMAP_VIEW
16:38:43.05007,20210221,BASIC UTIL.BP W_SERVICE.DATAMAP_VIEW,,BCC,root@DEV,BASIC UTIL.BP W_SERVICE.DATAMAP_VIEW
16:38:43.05008,20210221,CATALOG UTIL.BP W_SERVICE.DATAMAP_VIEW,,BCC,root@DEV,CATALOG UTIL.BP W_SERVICE.DATAMAP_VIEW
16:38:45.05009,20210221,,,U_TEST,root@DEV,
16:38:45.05010,20210221,,,U_TEST,root@DEV,
16:38:45.05011,20210221,,,U_TEST,root@DEV,
16:38:45.05012,20210221,,00.00.00,U_TEST,root@DEV,
16:38:45.05013,20210221,,00.00.00,U_TEST,root@DEV,
16:41:54.05014,20210221,,,BCC,root@DEV,
16:41:54.05015,20210221,FORMAT UTIL.BP W_SERVICE.DATAMAP_VIEW,,BCC,root@DEV,FORMAT UTIL.BP W_SERVICE.DATAMAP_VIEW
16:41:54.05016,20210221,BASIC UTIL.BP W_SERVICE.DATAMAP_VIEW,,BCC,root@DEV,BASIC UTIL.BP W_SERVICE.DATAMAP_VIEW
16:41:54.05017,20210221,CATALOG UTIL.BP W_SERVICE.DATAMAP_VIEW,,BCC,root@DEV,CATALOG UTIL.BP W_SERVICE.DATAMAP_VIEW
16:41:56.05018,20210221,,,U_TEST,root@DEV,
16:41:56.05019,20210221,,,U_TEST,root@DEV,
16:41:56.05020,20210221,,,U_TEST,root@DEV,
16:41:56.05021,20210221,,00.00.00,U_TEST,root@DEV,
16:41:56.05022,20210221,,00.00.00,U_TEST,root@DEV,
16:42:37.05023,20210221,,,BCC,root@DEV,
16:42:37.05024,20210221,FORMAT UTIL.BP W_SERVICE.DATAMAP_VIEW,,BCC,root@DEV,FORMAT UTIL.BP W_SERVICE.DATAMAP_VIEW
16:42:37.05025,20210221,BASIC UTIL.BP W_SERVICE.DATAMAP_VIEW,,BCC,root@DEV,BASIC UTIL.BP W_SERVICE.DATAMAP_VIEW
16:42:37.05026,20210221,CATALOG UTIL.BP W_SERVICE.DATAMAP_VIEW,,BCC,root@DEV,CATALOG UTIL.BP W_SERVICE.DATAMAP_VIEW
16:42:39.05027,20210221,,,U_TEST,root@DEV,
16:42:39.05028,20210221,,,U_TEST,root@DEV,
16:42:39.05029,20210221,,,U_TEST,root@DEV,
16:42:39.05030,20210221,,00.00.00,U_TEST,root@DEV,
16:42:39.05031,20210221,,00.00.00,U_TEST,root@DEV,
16:43:45.05032,20210221,,,BCC,root@DEV,
16:43:45.05033,20210221,FORMAT UTIL.BP W_SERVICE.DATAMAP_VIEW,,BCC,root@DEV,FORMAT UTIL.BP W_SERVICE.DATAMAP_VIEW
16:43:45.05034,20210221,BASIC UTIL.BP W_SERVICE.DATAMAP_VIEW,,BCC,root@DEV,BASIC UTIL.BP W_SERVICE.DATAMAP_VIEW
16:43:45.05035,20210221,CATALOG UTIL.BP W_SERVICE.DATAMAP_VIEW,,BCC,root@DEV,CATALOG UTIL.BP W_SERVICE.DATAMAP_VIEW
16:43:47.05036,20210221,,,U_TEST,root@DEV,
16:43:47.05037,20210221,,,U_TEST,root@DEV,
16:43:47.05038,20210221,,,U_TEST,root@DEV,
16:44:21.05039,20210221,,,BCC,root@DEV,
16:44:21.05040,20210221,FORMAT UTIL.BP W_SERVICE.DATAMAP_VIEW,,BCC,root@DEV,FORMAT UTIL.BP W_SERVICE.DATAMAP_VIEW
16:44:21.05041,20210221,BASIC UTIL.BP W_SERVICE.DATAMAP_VIEW,,BCC,root@DEV,BASIC UTIL.BP W_SERVICE.DATAMAP_VIEW
16:44:21.05042,20210221,CATALOG UTIL.BP W_SERVICE.DATAMAP_VIEW,,BCC,root@DEV,CATALOG UTIL.BP W_SERVICE.DATAMAP_VIEW
16:44:22.05043,20210221,,,U_TEST,root@DEV,
16:44:22.05044,20210221,,,U_TEST,root@DEV,
16:44:23.05045,20210221,,,U_TEST,root@DEV,
16:44:23.05046,20210221,,00.00.00,U_TEST,root@DEV,
16:44:23.05047,20210221,,00.00.00,U_TEST,root@DEV,
16:45:20.05048,20210221,,,BCC,root@DEV,
16:45:20.05049,20210221,FORMAT UTIL.BP U_TEST,,BCC,root@DEV,FORMAT UTIL.BP U_TEST
16:45:20.05050,20210221,BASIC UTIL.BP U_TEST,,BCC,root@DEV,BASIC UTIL.BP U_TEST
16:45:20.05051,20210221,CATALOG UTIL.BP U_TEST,,BCC,root@DEV,CATALOG UTIL.BP U_TEST
16:45:22.05052,20210221,,,U_TEST,root@DEV,
16:45:22.05053,20210221,,,U_TEST,root@DEV,
16:45:22.05054,20210221,,,U_TEST,root@DEV,
16:45:22.05055,20210221,,00.00.00,U_TEST,root@DEV,
16:45:22.05056,20210221,,00.00.00,U_TEST,root@DEV,
16:45:22.05057,20210221,,,U_TEST,root@DEV,
16:45:22.05058,20210221,,,U_TEST,root@DEV,
16:45:26.05059,20210221,,00.00.04,U_TEST,root@DEV,
16:45:26.05060,20210221,,00.00.04,U_TEST,root@DEV,
16:45:38.05061,20210221,,,U_TEST,root@DEV,
16:45:38.05062,20210221,,,U_TEST,root@DEV,
16:45:38.05063,20210221,,,U_TEST,root@DEV,
16:45:38.05064,20210221,,00.00.00,U_TEST,root@DEV,
16:45:38.05065,20210221,,00.00.00,U_TEST,root@DEV,
16:45:38.05066,20210221,,,U_TEST,root@DEV,
16:45:38.05067,20210221,,,U_TEST,root@DEV,
16:45:39.05068,20210221,,00.00.01,U_TEST,root@DEV,
16:45:39.05069,20210221,,00.00.01,U_TEST,root@DEV,
16:45:43.05070,20210221,,,U_TEST,root@DEV,
16:45:44.05071,20210221,,,U_TEST,root@DEV,
16:45:44.05072,20210221,,,U_TEST,root@DEV,
16:45:44.05073,20210221,,00.00.00,U_TEST,root@DEV,
16:45:44.05074,20210221,,00.00.00,U_TEST,root@DEV,
16:45:44.05075,20210221,,,U_TEST,root@DEV,
16:45:44.05076,20210221,,,U_TEST,root@DEV,
16:45:44.05077,20210221,,00.00.00,U_TEST,root@DEV,
16:45:44.05078,20210221,,00.00.00,U_TEST,root@DEV,
16:51:17.05079,20210221,,,BCC,root@DEV,
16:51:30.05080,20210221,,,BCC,root@DEV,
16:51:43.05081,20210221,,,BCC,root@DEV,
16:51:43.05082,20210221,FORMAT UTIL.BP W_SERVICE.DATAMAP_LIST,,BCC,root@DEV,FORMAT UTIL.BP W_SERVICE.DATAMAP_LIST
16:51:43.05083,20210221,BASIC UTIL.BP W_SERVICE.DATAMAP_LIST,,BCC,root@DEV,BASIC UTIL.BP W_SERVICE.DATAMAP_LIST
16:51:44.05084,20210221,CATALOG UTIL.BP W_SERVICE.DATAMAP_LIST,,BCC,root@DEV,CATALOG UTIL.BP W_SERVICE.DATAMAP_LIST
16:52:01.05085,20210221,,,U_TEST,root@DEV,
16:52:01.05086,20210221,,,U_TEST,root@DEV,
16:52:01.05087,20210221,,,U_TEST,root@DEV,
16:52:01.05088,20210221,,00.00.00,U_TEST,root@DEV,
16:52:01.05089,20210221,,00.00.00,U_TEST,root@DEV,
16:52:01.05090,20210221,,,U_TEST,root@DEV,
16:52:01.05091,20210221,,,U_TEST,root@DEV,
16:52:18.05092,20210221,,00.00.17,U_TEST,root@DEV,
16:52:18.05093,20210221,,00.00.17,U_TEST,root@DEV,
16:52:24.05094,20210221,,,BCC,root@DEV,
16:52:24.05095,20210221,FORMAT UTIL.BP U_TEST,,BCC,root@DEV,FORMAT UTIL.BP U_TEST
16:52:24.05096,20210221,BASIC UTIL.BP U_TEST,,BCC,root@DEV,BASIC UTIL.BP U_TEST
16:52:24.05097,20210221,CATALOG UTIL.BP U_TEST,,BCC,root@DEV,CATALOG UTIL.BP U_TEST
16:52:29.05098,20210221,,,U_TEST,root@DEV,
16:52:29.05099,20210221,,,U_TEST,root@DEV,
16:52:29.05100,20210221,,,U_TEST,root@DEV,
16:52:29.05101,20210221,SELECT UTIL.CONFIG LIKE siena_data...list TO 1,,U_TEST,root@DEV,SELECT UTIL.CONFIG LIKE siena_data...list TO 1
16:52:29.05102,20210221,,00.00.00,U_TEST,root@DEV,
16:52:29.05103,20210221,,00.00.00,U_TEST,root@DEV,
16:52:29.05104,20210221,,,U_TEST,root@DEV,
16:52:29.05105,20210221,,,U_TEST,root@DEV,
16:52:29.05106,20210221,,00.00.00,U_TEST,root@DEV,
16:52:29.05107,20210221,,00.00.00,U_TEST,root@DEV,
16:52:30.05108,20210221,,,U_TEST,root@DEV,
16:52:30.05109,20210221,,,U_TEST,root@DEV,
16:52:30.05110,20210221,,00.00.00,U_TEST,root@DEV,
16:52:30.05111,20210221,,00.00.00,U_TEST,root@DEV,
16:54:19.05112,20210221,,,BCC,root@DEV,
16:54:19.05113,20210221,FORMAT UTIL.BP W_SERVICE.DATAMAP_LIST,,BCC,root@DEV,FORMAT UTIL.BP W_SERVICE.DATAMAP_LIST
16:54:19.05114,20210221,BASIC UTIL.BP W_SERVICE.DATAMAP_LIST,,BCC,root@DEV,BASIC UTIL.BP W_SERVICE.DATAMAP_LIST
16:54:19.05115,20210221,CATALOG UTIL.BP W_SERVICE.DATAMAP_LIST,,BCC,root@DEV,CATALOG UTIL.BP W_SERVICE.DATAMAP_LIST
16:54:21.05116,20210221,,,U_TEST,root@DEV,
16:54:21.05117,20210221,,,U_TEST,root@DEV,
16:54:21.05118,20210221,,,U_TEST,root@DEV,
16:54:21.05119,20210221,SELECT UTIL.CONFIG LIKE siena_data...list TO 1,,U_TEST,root@DEV,SELECT UTIL.CONFIG LIKE siena_data...list TO 1
16:54:21.05120,20210221,,00.00.00,U_TEST,root@DEV,
16:54:21.05121,20210221,,00.00.00,U_TEST,root@DEV,
16:54:21.05122,20210221,,,U_TEST,root@DEV,
16:54:21.05123,20210221,,,U_TEST,root@DEV,
16:54:21.05124,20210221,,00.00.00,U_TEST,root@DEV,
16:54:21.05125,20210221,,00.00.00,U_TEST,root@DEV,
16:54:21.05126,20210221,,,U_TEST,root@DEV,
16:54:21.05127,20210221,,,U_TEST,root@DEV,
16:54:21.05128,20210221,,00.00.00,U_TEST,root@DEV,
16:54:21.05129,20210221,,00.00.00,U_TEST,root@DEV,
16:55:03.05130,20210221,,,BCC,root@DEV,
16:55:03.05131,20210221,FORMAT UTIL.BP W_SERVICE.DATAMAP_LIST,,BCC,root@DEV,FORMAT UTIL.BP W_SERVICE.DATAMAP_LIST
16:55:03.05132,20210221,BASIC UTIL.BP W_SERVICE.DATAMAP_LIST,,BCC,root@DEV,BASIC UTIL.BP W_SERVICE.DATAMAP_LIST
16:55:03.05133,20210221,CATALOG UTIL.BP W_SERVICE.DATAMAP_LIST,,BCC,root@DEV,CATALOG UTIL.BP W_SERVICE.DATAMAP_LIST
16:55:05.05134,20210221,,,U_TEST,root@DEV,
16:55:05.05135,20210221,,,U_TEST,root@DEV,
16:55:05.05136,20210221,,,U_TEST,root@DEV,
16:55:05.05137,20210221,SELECT UTIL.CONFIG LIKE siena_data...list TO 1,,U_TEST,root@DEV,SELECT UTIL.CONFIG LIKE siena_data...list TO 1
16:55:05.05138,20210221,,00.00.00,U_TEST,root@DEV,
16:55:05.05139,20210221,,00.00.00,U_TEST,root@DEV,
16:55:05.05140,20210221,,,U_TEST,root@DEV,
16:55:05.05141,20210221,,,U_TEST,root@DEV,
16:55:05.05142,20210221,,00.00.00,U_TEST,root@DEV,
16:55:05.05143,20210221,,00.00.00,U_TEST,root@DEV,
16:55:05.05144,20210221,,,U_TEST,root@DEV,
16:55:05.05145,20210221,,,U_TEST,root@DEV,
16:55:05.05146,20210221,,00.00.00,U_TEST,root@DEV,
16:55:05.05147,20210221,,00.00.00,U_TEST,root@DEV,
16:56:10.05148,20210221,,,BCC,root@DEV,
16:56:10.05149,20210221,FORMAT UTIL.BP W_SERVICE.DATAMAP_LIST,,BCC,root@DEV,FORMAT UTIL.BP W_SERVICE.DATAMAP_LIST
16:56:10.05150,20210221,BASIC UTIL.BP W_SERVICE.DATAMAP_LIST,,BCC,root@DEV,BASIC UTIL.BP W_SERVICE.DATAMAP_LIST
16:56:10.05151,20210221,CATALOG UTIL.BP W_SERVICE.DATAMAP_LIST,,BCC,root@DEV,CATALOG UTIL.BP W_SERVICE.DATAMAP_LIST
16:56:12.05152,20210221,,,U_TEST,root@DEV,
16:56:12.05153,20210221,,,U_TEST,root@DEV,
16:56:12.05154,20210221,,,U_TEST,root@DEV,
16:56:13.05155,20210221,SELECT UTIL.CONFIG LIKE siena_data....list TO 1,,U_TEST,root@DEV,SELECT UTIL.CONFIG LIKE siena_data....list TO 1
16:56:13.05156,20210221,,00.00.01,U_TEST,root@DEV,
16:56:13.05157,20210221,,00.00.01,U_TEST,root@DEV,
16:56:13.05158,20210221,,,U_TEST,root@DEV,
16:56:13.05159,20210221,,,U_TEST,root@DEV,
16:56:13.05160,20210221,,00.00.00,U_TEST,root@DEV,
16:56:13.05161,20210221,,00.00.00,U_TEST,root@DEV,
16:56:13.05162,20210221,,,U_TEST,root@DEV,
16:56:13.05163,20210221,,,U_TEST,root@DEV,
16:56:13.05164,20210221,,00.00.00,U_TEST,root@DEV,
16:56:13.05165,20210221,,00.00.00,U_TEST,root@DEV,
16:57:10.05166,20210221,,,BCC,root@DEV,
16:57:10.05167,20210221,FORMAT UTIL.BP W_SERVICE.DATAMAP_LIST,,BCC,root@DEV,FORMAT UTIL.BP W_SERVICE.DATAMAP_LIST
16:57:10.05168,20210221,BASIC UTIL.BP W_SERVICE.DATAMAP_LIST,,BCC,root@DEV,BASIC UTIL.BP W_SERVICE.DATAMAP_LIST
16:57:10.05169,20210221,CATALOG UTIL.BP W_SERVICE.DATAMAP_LIST,,BCC,root@DEV,CATALOG UTIL.BP W_SERVICE.DATAMAP_LIST
16:57:12.05170,20210221,,,U_TEST,root@DEV,
16:57:12.05171,20210221,,,U_TEST,root@DEV,
16:57:12.05172,20210221,,,U_TEST,root@DEV,
16:57:12.05173,20210221,SELECT UTIL.CONFIG LIKE siena_data....list TO 1,,U_TEST,root@DEV,SELECT UTIL.CONFIG LIKE siena_data....list TO 1
16:57:12.05174,20210221,,00.00.00,U_TEST,root@DEV,
16:57:12.05175,20210221,,00.00.00,U_TEST,root@DEV,
16:57:12.05176,20210221,,,U_TEST,root@DEV,
16:57:12.05177,20210221,,,U_TEST,root@DEV,
16:57:13.05178,20210221,,00.00.01,U_TEST,root@DEV,
16:57:13.05179,20210221,,00.00.01,U_TEST,root@DEV,
16:57:13.05180,20210221,,,U_TEST,root@DEV,
16:57:13.05181,20210221,,,U_TEST,root@DEV,
16:57:13.05182,20210221,,00.00.00,U_TEST,root@DEV,
16:57:13.05183,20210221,,00.00.00,U_TEST,root@DEV,
17:03:41.05184,20210221,,,BCC,root@DEV,
17:03:41.05185,20210221,FORMAT UTIL.BP W_SERVICE.DATAMAP_LIST,,BCC,root@DEV,FORMAT UTIL.BP W_SERVICE.DATAMAP_LIST
17:03:41.05186,20210221,BASIC UTIL.BP W_SERVICE.DATAMAP_LIST,,BCC,root@DEV,BASIC UTIL.BP W_SERVICE.DATAMAP_LIST
17:03:41.05187,20210221,CATALOG UTIL.BP W_SERVICE.DATAMAP_LIST,,BCC,root@DEV,CATALOG UTIL.BP W_SERVICE.DATAMAP_LIST
17:03:43.05188,20210221,,,U_TEST,root@DEV,
17:03:43.05189,20210221,,,U_TEST,root@DEV,
17:03:43.05190,20210221,,,U_TEST,root@DEV,
17:03:43.05191,20210221,SELECT UTIL.CONFIG LIKE siena_data....list TO 1,,U_TEST,root@DEV,SELECT UTIL.CONFIG LIKE siena_data....list TO 1
17:03:43.05192,20210221,,00.00.00,U_TEST,root@DEV,
17:03:43.05193,20210221,,00.00.00,U_TEST,root@DEV,
17:03:43.05194,20210221,,,U_TEST,root@DEV,
17:03:43.05195,20210221,,,U_TEST,root@DEV,
17:03:44.05196,20210221,,00.00.01,U_TEST,root@DEV,
17:03:44.05197,20210221,,00.00.01,U_TEST,root@DEV,
17:03:44.05198,20210221,,,U_TEST,root@DEV,
17:03:44.05199,20210221,,,U_TEST,root@DEV,
17:03:44.05200,20210221,,00.00.00,U_TEST,root@DEV,
17:03:44.05201,20210221,,00.00.00,U_TEST,root@DEV,
17:04:17.05202,20210221,,,U_TEST,root@DEV,
17:04:17.05203,20210221,,,U_TEST,root@DEV,
17:04:17.05204,20210221,,,U_TEST,root@DEV,
17:04:17.05205,20210221,SELECT UTIL.CONFIG LIKE siena_data....list TO 1,,U_TEST,root@DEV,SELECT UTIL.CONFIG LIKE siena_data....list TO 1
17:04:17.05206,20210221,,00.00.00,U_TEST,root@DEV,
17:04:17.05207,20210221,,00.00.00,U_TEST,root@DEV,
17:04:17.05208,20210221,,,U_TEST,root@DEV,
17:04:17.05209,20210221,,,U_TEST,root@DEV,
17:04:17.05210,20210221,,00.00.00,U_TEST,root@DEV,
17:04:17.05211,20210221,,00.00.00,U_TEST,root@DEV,
17:04:17.05212,20210221,,,U_TEST,root@DEV,
17:04:17.05213,20210221,,,U_TEST,root@DEV,
17:04:17.05214,20210221,,00.00.00,U_TEST,root@DEV,
17:04:17.05215,20210221,,00.00.00,U_TEST,root@DEV,
17:05:56.05216,20210221,,,BCC,root@DEV,
17:05:56.05217,20210221,FORMAT UTIL.BP W_SERVICE.DATAMAP_LIST,,BCC,root@DEV,FORMAT UTIL.BP W_SERVICE.DATAMAP_LIST
17:05:56.05218,20210221,BASIC UTIL.BP W_SERVICE.DATAMAP_LIST,,BCC,root@DEV,BASIC UTIL.BP W_SERVICE.DATAMAP_LIST
17:05:56.05219,20210221,CATALOG UTIL.BP W_SERVICE.DATAMAP_LIST,,BCC,root@DEV,CATALOG UTIL.BP W_SERVICE.DATAMAP_LIST
17:05:58.05220,20210221,,,U_TEST,root@DEV,
17:05:58.05221,20210221,,,U_TEST,root@DEV,
17:05:58.05222,20210221,,,U_TEST,root@DEV,
17:05:58.05223,20210221,SELECT UTIL.CONFIG LIKE siena_data....list TO 1,,U_TEST,root@DEV,SELECT UTIL.CONFIG LIKE siena_data....list TO 1
17:05:58.05224,20210221,,00.00.00,U_TEST,root@DEV,
17:05:58.05225,20210221,,00.00.00,U_TEST,root@DEV,
17:05:58.05226,20210221,,,U_TEST,root@DEV,
17:05:58.05227,20210221,,,U_TEST,root@DEV,
17:05:58.05228,20210221,,00.00.00,U_TEST,root@DEV,
17:05:58.05229,20210221,,00.00.00,U_TEST,root@DEV,
17:05:58.05230,20210221,,,U_TEST,root@DEV,
17:05:58.05231,20210221,,,U_TEST,root@DEV,
17:05:58.05232,20210221,,00.00.00,U_TEST,root@DEV,
17:05:58.05233,20210221,,00.00.00,U_TEST,root@DEV,
17:06:34.05234,20210221,,,BCC,root@DEV,
17:06:34.05235,20210221,FORMAT UTIL.BP W_SERVICE.DATAMAP_LIST,,BCC,root@DEV,FORMAT UTIL.BP W_SERVICE.DATAMAP_LIST
17:06:34.05236,20210221,BASIC UTIL.BP W_SERVICE.DATAMAP_LIST,,BCC,root@DEV,BASIC UTIL.BP W_SERVICE.DATAMAP_LIST
17:06:34.05237,20210221,CATALOG UTIL.BP W_SERVICE.DATAMAP_LIST,,BCC,root@DEV,CATALOG UTIL.BP W_SERVICE.DATAMAP_LIST
17:06:36.05238,20210221,,,U_TEST,root@DEV,
17:06:37.05239,20210221,,,U_TEST,root@DEV,
17:06:37.05240,20210221,,,U_TEST,root@DEV,
17:06:37.05241,20210221,SELECT UTIL.CONFIG LIKE siena_data....list TO 1,,U_TEST,root@DEV,SELECT UTIL.CONFIG LIKE siena_data....list TO 1
17:06:37.05242,20210221,,00.00.00,U_TEST,root@DEV,
17:06:37.05243,20210221,,00.00.00,U_TEST,root@DEV,
17:06:37.05244,20210221,,,U_TEST,root@DEV,
17:06:37.05245,20210221,,,U_TEST,root@DEV,
17:06:37.05246,20210221,,00.00.00,U_TEST,root@DEV,
17:06:37.05247,20210221,,00.00.00,U_TEST,root@DEV,
17:06:37.05248,20210221,,,U_TEST,root@DEV,
17:06:37.05249,20210221,,,U_TEST,root@DEV,
17:06:37.05250,20210221,,00.00.00,U_TEST,root@DEV,
17:06:37.05251,20210221,,00.00.00,U_TEST,root@DEV,
17:07:33.05252,20210221,,,BCC,root@DEV,
17:07:33.05253,20210221,FORMAT UTIL.BP W_SERVICE.DATAMAP_LIST,,BCC,root@DEV,FORMAT UTIL.BP W_SERVICE.DATAMAP_LIST
17:07:33.05254,20210221,BASIC UTIL.BP W_SERVICE.DATAMAP_LIST,,BCC,root@DEV,BASIC UTIL.BP W_SERVICE.DATAMAP_LIST
17:07:33.05255,20210221,CATALOG UTIL.BP W_SERVICE.DATAMAP_LIST,,BCC,root@DEV,CATALOG UTIL.BP W_SERVICE.DATAMAP_LIST
17:07:34.05256,20210221,,,U_TEST,root@DEV,
17:07:34.05257,20210221,,,U_TEST,root@DEV,
17:07:34.05258,20210221,,,U_TEST,root@DEV,
17:07:34.05259,20210221,SELECT UTIL.CONFIG LIKE siena_data....list TO 1,,U_TEST,root@DEV,SELECT UTIL.CONFIG LIKE siena_data....list TO 1
17:07:34.05260,20210221,,00.00.00,U_TEST,root@DEV,
17:07:34.05261,20210221,,00.00.00,U_TEST,root@DEV,
17:07:34.05262,20210221,,,U_TEST,root@DEV,
17:07:34.05263,20210221,,,U_TEST,root@DEV,
17:07:34.05264,20210221,,00.00.00,U_TEST,root@DEV,
17:07:34.05265,20210221,,00.00.00,U_TEST,root@DEV,
17:07:34.05266,20210221,,,U_TEST,root@DEV,
17:07:34.05267,20210221,,,U_TEST,root@DEV,
17:07:34.05268,20210221,,00.00.00,U_TEST,root@DEV,
17:07:34.05269,20210221,,00.00.00,U_TEST,root@DEV,
17:08:32.05270,20210221,,,U_TEST,root@DEV,
17:08:33.05271,20210221,,,U_TEST,root@DEV,
17:08:33.05272,20210221,,,U_TEST,root@DEV,
17:08:33.05273,20210221,SELECT UTIL.CONFIG LIKE siena_data....list TO 1,,U_TEST,root@DEV,SELECT UTIL.CONFIG LIKE siena_data....list TO 1
17:08:33.05274,20210221,,00.00.00,U_TEST,root@DEV,
17:08:33.05275,20210221,,00.00.00,U_TEST,root@DEV,
17:08:33.05276,20210221,,,U_TEST,root@DEV,
17:08:33.05277,20210221,,,U_TEST,root@DEV,
17:08:33.05278,20210221,,00.00.00,U_TEST,root@DEV,
17:08:33.05279,20210221,,00.00.00,U_TEST,root@DEV,
17:08:33.05280,20210221,,,U_TEST,root@DEV,
17:08:33.05281,20210221,,,U_TEST,root@DEV,
17:08:33.05282,20210221,,00.00.00,U_TEST,root@DEV,
17:08:33.05283,20210221,,00.00.00,U_TEST,root@DEV,
17:09:35.05284,20210221,,,U_TEST,root@DEV,
17:09:36.05285,20210221,,,U_TEST,root@DEV,
17:09:36.05286,20210221,,,U_TEST,root@DEV,
17:09:36.05287,20210221,SELECT UTIL.CONFIG LIKE siena_data....list TO 1,,U_TEST,root@DEV,SELECT UTIL.CONFIG LIKE siena_data....list TO 1
17:09:36.05288,20210221,,00.00.00,U_TEST,root@DEV,
17:09:36.05289,20210221,,00.00.00,U_TEST,root@DEV,
17:09:36.05290,20210221,,,U_TEST,root@DEV,
17:09:36.05291,20210221,,,U_TEST,root@DEV,
17:09:36.05292,20210221,,00.00.00,U_TEST,root@DEV,
17:09:36.05293,20210221,,00.00.00,U_TEST,root@DEV,
17:09:36.05294,20210221,,,U_TEST,root@DEV,
17:09:36.05295,20210221,,,U_TEST,root@DEV,
17:09:36.05296,20210221,,00.00.00,U_TEST,root@DEV,
17:09:36.05297,20210221,,00.00.00,U_TEST,root@DEV,
17:09:39.05298,20210221,,,BCC,root@DEV,
17:09:39.05299,20210221,FORMAT UTIL.BP W_SERVICE.DATAMAP_LIST,,BCC,root@DEV,FORMAT UTIL.BP W_SERVICE.DATAMAP_LIST
17:09:39.05300,20210221,BASIC UTIL.BP W_SERVICE.DATAMAP_LIST,,BCC,root@DEV,BASIC UTIL.BP W_SERVICE.DATAMAP_LIST
17:09:39.05301,20210221,CATALOG UTIL.BP W_SERVICE.DATAMAP_LIST,,BCC,root@DEV,CATALOG UTIL.BP W_SERVICE.DATAMAP_LIST
17:09:41.05302,20210221,,,U_TEST,root@DEV,
17:09:41.05303,20210221,,,U_TEST,root@DEV,
17:09:41.05304,20210221,,,U_TEST,root@DEV,
17:09:41.05305,20210221,SELECT UTIL.CONFIG LIKE siena_data....list TO 1,,U_TEST,root@DEV,SELECT UTIL.CONFIG LIKE siena_data....list TO 1
17:09:41.05306,20210221,,00.00.00,U_TEST,root@DEV,
17:09:41.05307,20210221,,00.00.00,U_TEST,root@DEV,
17:09:41.05308,20210221,,,U_TEST,root@DEV,
17:09:41.05309,20210221,,,U_TEST,root@DEV,
17:09:41.05310,20210221,,00.00.00,U_TEST,root@DEV,
17:09:41.05311,20210221,,00.00.00,U_TEST,root@DEV,
17:09:41.05312,20210221,,,U_TEST,root@DEV,
17:09:41.05313,20210221,,,U_TEST,root@DEV,
17:09:41.05314,20210221,,00.00.00,U_TEST,root@DEV,
17:09:41.05315,20210221,,00.00.00,U_TEST,root@DEV,
17:10:38.05316,20210221,,,BCC,root@DEV,
17:10:38.05317,20210221,FORMAT UTIL.BP W_SERVICE.DATAMAP_LIST,,BCC,root@DEV,FORMAT UTIL.BP W_SERVICE.DATAMAP_LIST
17:10:38.05318,20210221,BASIC UTIL.BP W_SERVICE.DATAMAP_LIST,,BCC,root@DEV,BASIC UTIL.BP W_SERVICE.DATAMAP_LIST
17:10:38.05319,20210221,CATALOG UTIL.BP W_SERVICE.DATAMAP_LIST,,BCC,root@DEV,CATALOG UTIL.BP W_SERVICE.DATAMAP_LIST
17:10:41.05320,20210221,,,U_TEST,root@DEV,
17:10:41.05321,20210221,,,U_TEST,root@DEV,
17:10:41.05322,20210221,,,U_TEST,root@DEV,
17:10:41.05323,20210221,SELECT UTIL.CONFIG LIKE siena_data....list TO 1,,U_TEST,root@DEV,SELECT UTIL.CONFIG LIKE siena_data....list TO 1
17:10:41.05324,20210221,,00.00.00,U_TEST,root@DEV,
17:10:41.05325,20210221,,00.00.00,U_TEST,root@DEV,
17:10:41.05326,20210221,,,U_TEST,root@DEV,
17:10:41.05327,20210221,,,U_TEST,root@DEV,
17:10:41.05328,20210221,,00.00.00,U_TEST,root@DEV,
17:10:41.05329,20210221,,00.00.00,U_TEST,root@DEV,
17:10:41.05330,20210221,,,U_TEST,root@DEV,
17:10:41.05331,20210221,,,U_TEST,root@DEV,
17:10:41.05332,20210221,,00.00.00,U_TEST,root@DEV,
17:10:41.05333,20210221,,00.00.00,U_TEST,root@DEV,
17:17:12.05334,20210221,,,BCC,root@DEV,
17:17:13.05335,20210221,FORMAT UTIL.BP W_SERVICE.DATAMAP_LIST,,BCC,root@DEV,FORMAT UTIL.BP W_SERVICE.DATAMAP_LIST
17:17:13.05336,20210221,BASIC UTIL.BP W_SERVICE.DATAMAP_LIST,,BCC,root@DEV,BASIC UTIL.BP W_SERVICE.DATAMAP_LIST
17:17:13.05337,20210221,CATALOG UTIL.BP W_SERVICE.DATAMAP_LIST,,BCC,root@DEV,CATALOG UTIL.BP W_SERVICE.DATAMAP_LIST
17:17:15.05338,20210221,,,U_TEST,root@DEV,
17:17:15.05339,20210221,,,U_TEST,root@DEV,
17:17:15.05340,20210221,,,U_TEST,root@DEV,
17:17:15.05341,20210221,SELECT UTIL.CONFIG LIKE siena_data....list TO 1,,U_TEST,root@DEV,SELECT UTIL.CONFIG LIKE siena_data....list TO 1
17:17:15.05342,20210221,,00.00.00,U_TEST,root@DEV,
17:17:15.05343,20210221,,00.00.00,U_TEST,root@DEV,
17:17:15.05344,20210221,,,U_TEST,root@DEV,
17:17:16.05345,20210221,,,U_TEST,root@DEV,
17:17:16.05346,20210221,,00.00.01,U_TEST,root@DEV,
17:17:16.05347,20210221,,00.00.01,U_TEST,root@DEV,
17:17:16.05348,20210221,,,U_TEST,root@DEV,
17:17:16.05349,20210221,,,U_TEST,root@DEV,
17:17:16.05350,20210221,,00.00.00,U_TEST,root@DEV,
17:17:16.05351,20210221,,00.00.00,U_TEST,root@DEV,
17:18:02.05352,20210221,,,BCC,root@DEV,
17:18:02.05353,20210221,FORMAT UTIL.BP W_SERVICE.DATAMAP_LIST,,BCC,root@DEV,FORMAT UTIL.BP W_SERVICE.DATAMAP_LIST
17:18:02.05354,20210221,BASIC UTIL.BP W_SERVICE.DATAMAP_LIST,,BCC,root@DEV,BASIC UTIL.BP W_SERVICE.DATAMAP_LIST
17:18:02.05355,20210221,CATALOG UTIL.BP W_SERVICE.DATAMAP_LIST,,BCC,root@DEV,CATALOG UTIL.BP W_SERVICE.DATAMAP_LIST
17:18:04.05356,20210221,,,U_TEST,root@DEV,
17:18:04.05357,20210221,,,U_TEST,root@DEV,
17:18:04.05358,20210221,,,U_TEST,root@DEV,
17:18:04.05359,20210221,SELECT UTIL.CONFIG LIKE siena_data....list TO 1,,U_TEST,root@DEV,SELECT UTIL.CONFIG LIKE siena_data....list TO 1
17:18:04.05360,20210221,,00.00.00,U_TEST,root@DEV,
17:18:04.05361,20210221,,00.00.00,U_TEST,root@DEV,
17:18:04.05362,20210221,,,U_TEST,root@DEV,
17:18:04.05363,20210221,,,U_TEST,root@DEV,
17:18:04.05364,20210221,,00.00.00,U_TEST,root@DEV,
17:18:04.05365,20210221,,00.00.00,U_TEST,root@DEV,
17:18:04.05366,20210221,,,U_TEST,root@DEV,
17:18:04.05367,20210221,,,U_TEST,root@DEV,
17:18:04.05368,20210221,,00.00.00,U_TEST,root@DEV,
17:18:04.05369,20210221,,00.00.00,U_TEST,root@DEV,
17:19:04.05370,20210221,,,BCC,root@DEV,
17:19:04.05371,20210221,FORMAT UTIL.BP W_SERVICE.DATAMAP_LIST,,BCC,root@DEV,FORMAT UTIL.BP W_SERVICE.DATAMAP_LIST
17:19:04.05372,20210221,BASIC UTIL.BP W_SERVICE.DATAMAP_LIST,,BCC,root@DEV,BASIC UTIL.BP W_SERVICE.DATAMAP_LIST
17:19:04.05373,20210221,CATALOG UTIL.BP W_SERVICE.DATAMAP_LIST,,BCC,root@DEV,CATALOG UTIL.BP W_SERVICE.DATAMAP_LIST
17:19:06.05374,20210221,,,U_TEST,root@DEV,
17:19:06.05375,20210221,,,U_TEST,root@DEV,
17:19:06.05376,20210221,,,U_TEST,root@DEV,
17:19:06.05377,20210221,SELECT UTIL.CONFIG LIKE siena_data....list TO 1,,U_TEST,root@DEV,SELECT UTIL.CONFIG LIKE siena_data....list TO 1
17:19:06.05378,20210221,,00.00.00,U_TEST,root@DEV,
17:19:06.05379,20210221,,00.00.00,U_TEST,root@DEV,
17:19:06.05380,20210221,,,U_TEST,root@DEV,
17:19:06.05381,20210221,,,U_TEST,root@DEV,
17:19:06.05382,20210221,,00.00.00,U_TEST,root@DEV,
17:19:06.05383,20210221,,00.00.00,U_TEST,root@DEV,
17:19:06.05384,20210221,,,U_TEST,root@DEV,
17:19:06.05385,20210221,,,U_TEST,root@DEV,
17:19:06.05386,20210221,,00.00.00,U_TEST,root@DEV,
17:19:06.05387,20210221,,00.00.00,U_TEST,root@DEV,
17:19:53.05388,20210221,,,BCC,root@DEV,
17:19:53.05389,20210221,FORMAT UTIL.BP W_SERVICE.DATAMAP_LIST,,BCC,root@DEV,FORMAT UTIL.BP W_SERVICE.DATAMAP_LIST
17:19:53.05390,20210221,BASIC UTIL.BP W_SERVICE.DATAMAP_LIST,,BCC,root@DEV,BASIC UTIL.BP W_SERVICE.DATAMAP_LIST
17:19:53.05391,20210221,CATALOG UTIL.BP W_SERVICE.DATAMAP_LIST,,BCC,root@DEV,CATALOG UTIL.BP W_SERVICE.DATAMAP_LIST
17:19:55.05392,20210221,,,U_TEST,root@DEV,
17:19:55.05393,20210221,,,U_TEST,root@DEV,
17:19:56.05394,20210221,,,U_TEST,root@DEV,
17:19:56.05395,20210221,SELECT UTIL.CONFIG LIKE siena_data....list TO 1,,U_TEST,root@DEV,SELECT UTIL.CONFIG LIKE siena_data....list TO 1
17:19:56.05396,20210221,,00.00.01,U_TEST,root@DEV,
17:19:56.05397,20210221,,00.00.01,U_TEST,root@DEV,
17:19:56.05398,20210221,,,U_TEST,root@DEV,
17:19:56.05399,20210221,,,U_TEST,root@DEV,
17:19:56.05400,20210221,,00.00.00,U_TEST,root@DEV,
17:19:56.05401,20210221,,00.00.00,U_TEST,root@DEV,
17:19:56.05402,20210221,,,U_TEST,root@DEV,
17:19:56.05403,20210221,,,U_TEST,root@DEV,
17:19:56.05404,20210221,,00.00.00,U_TEST,root@DEV,
17:19:56.05405,20210221,,00.00.00,U_TEST,root@DEV,
17:21:09.05406,20210221,,,BCC,root@DEV,
17:21:09.05407,20210221,FORMAT UTIL.BP U_TEST NOPAGE,,BCC,root@DEV,FORMAT UTIL.BP U_TEST NOPAGE
17:21:09.05408,20210221,BASIC UTIL.BP U_TEST NOPAGE,,BCC,root@DEV,BASIC UTIL.BP U_TEST NOPAGE
17:21:09.05409,20210221,CATALOG UTIL.BP U_TEST NOPAGE,,BCC,root@DEV,CATALOG UTIL.BP U_TEST NOPAGE
17:21:12.05410,20210221,,,U_TEST,root@DEV,
17:21:13.05411,20210221,,,U_TEST,root@DEV,
17:21:13.05412,20210221,,,U_TEST,root@DEV,
17:21:13.05413,20210221,SELECT UTIL.CONFIG LIKE siena_data....list TO 1,,U_TEST,root@DEV,SELECT UTIL.CONFIG LIKE siena_data....list TO 1
17:21:13.05414,20210221,,00.00.00,U_TEST,root@DEV,
17:21:13.05415,20210221,,00.00.00,U_TEST,root@DEV,
17:21:13.05416,20210221,,,U_TEST,root@DEV,
17:21:13.05417,20210221,,,U_TEST,root@DEV,
17:21:13.05418,20210221,,00.00.00,U_TEST,root@DEV,
17:21:13.05419,20210221,,00.00.00,U_TEST,root@DEV,
17:21:13.05420,20210221,,,U_TEST,root@DEV,
17:21:13.05421,20210221,,,U_TEST,root@DEV,
17:21:13.05422,20210221,,00.00.00,U_TEST,root@DEV,
17:21:13.05423,20210221,,00.00.00,U_TEST,root@DEV,
17:23:08.05424,20210221,,,BCC,root@DEV,
17:23:08.05425,20210221,FORMAT UTIL.BP U_TEST NOPAGE,,BCC,root@DEV,FORMAT UTIL.BP U_TEST NOPAGE
17:23:08.05426,20210221,BASIC UTIL.BP U_TEST NOPAGE,,BCC,root@DEV,BASIC UTIL.BP U_TEST NOPAGE
17:23:08.05427,20210221,CATALOG UTIL.BP U_TEST NOPAGE,,BCC,root@DEV,CATALOG UTIL.BP U_TEST NOPAGE
17:23:09.05428,20210221,,,U_TEST,root@DEV,
17:23:09.05429,20210221,,,U_TEST,root@DEV,
17:23:10.05430,20210221,,,U_TEST,root@DEV,
17:23:10.05431,20210221,SELECT UTIL.CONFIG LIKE siena_data....list TO 1,,U_TEST,root@DEV,SELECT UTIL.CONFIG LIKE siena_data....list TO 1
17:23:10.05432,20210221,,00.00.01,U_TEST,root@DEV,
17:23:10.05433,20210221,,00.00.01,U_TEST,root@DEV,
17:23:10.05434,20210221,,,U_TEST,root@DEV,
17:23:10.05435,20210221,,,U_TEST,root@DEV,
17:23:10.05436,20210221,,00.00.00,U_TEST,root@DEV,
17:23:10.05437,20210221,,00.00.00,U_TEST,root@DEV,
17:23:10.05438,20210221,,,U_TEST,root@DEV,
17:23:10.05439,20210221,,,U_TEST,root@DEV,
17:23:10.05440,20210221,,00.00.00,U_TEST,root@DEV,
17:23:10.05441,20210221,,00.00.00,U_TEST,root@DEV,
17:23:10.05442,20210221,,,U_TEST,root@DEV,
17:23:10.05443,20210221,,,U_TEST,root@DEV,
17:23:10.05444,20210221,,00.00.00,U_TEST,root@DEV,
17:23:10.05445,20210221,,00.00.00,U_TEST,root@DEV,
17:23:10.05446,20210221,,,U_TEST,root@DEV,
17:23:10.05447,20210221,,,U_TEST,root@DEV,
17:23:10.05448,20210221,,00.00.00,U_TEST,root@DEV,
17:23:10.05449,20210221,,00.00.00,U_TEST,root@DEV,
17:23:10.05450,20210221,,,U_TEST,root@DEV,
17:23:10.05451,20210221,,,U_TEST,root@DEV,
17:23:10.05452,20210221,,00.00.00,U_TEST,root@DEV,
17:23:10.05453,20210221,,00.00.00,U_TEST,root@DEV,
17:24:56.05454,20210221,,,U_TEST,root@DEV,
17:24:56.05455,20210221,,,U_TEST,root@DEV,
17:24:56.05456,20210221,,,U_TEST,root@DEV,
17:24:56.05457,20210221,SELECT UTIL.CONFIG LIKE siena_data....list TO 1,,U_TEST,root@DEV,SELECT UTIL.CONFIG LIKE siena_data....list TO 1
17:24:56.05458,20210221,,00.00.00,U_TEST,root@DEV,
17:24:56.05459,20210221,,00.00.00,U_TEST,root@DEV,
17:24:56.05460,20210221,,,U_TEST,root@DEV,
17:24:56.05461,20210221,,,U_TEST,root@DEV,
17:24:56.05462,20210221,,00.00.00,U_TEST,root@DEV,
17:24:56.05463,20210221,,00.00.00,U_TEST,root@DEV,
17:24:56.05464,20210221,,,U_TEST,root@DEV,
17:24:57.05465,20210221,,,U_TEST,root@DEV,
17:24:57.05466,20210221,,00.00.01,U_TEST,root@DEV,
17:24:57.05467,20210221,,00.00.01,U_TEST,root@DEV,
17:24:57.05468,20210221,,,U_TEST,root@DEV,
17:24:57.05469,20210221,,,U_TEST,root@DEV,
17:24:57.05470,20210221,,00.00.00,U_TEST,root@DEV,
17:24:57.05471,20210221,,00.00.00,U_TEST,root@DEV,
17:24:57.05472,20210221,,,U_TEST,root@DEV,
17:24:57.05473,20210221,,,U_TEST,root@DEV,
17:24:57.05474,20210221,,00.00.00,U_TEST,root@DEV,
17:24:57.05475,20210221,,00.00.00,U_TEST,root@DEV,
17:24:57.05476,20210221,,,U_TEST,root@DEV,
17:24:57.05477,20210221,,,U_TEST,root@DEV,
17:24:57.05478,20210221,,00.00.00,U_TEST,root@DEV,
17:24:57.05479,20210221,,00.00.00,U_TEST,root@DEV,
17:26:54.05480,20210221,,,REPORT.DO,root@DEV,
17:26:54.05481,20210221,,,REPORT.DO,root@DEV,
17:26:54.05482,20210221,"SORT UTIL.LOG.EVENT BY TIME TIME CMD ELAPSED SESSIONTOKEN SESSIONUSER CSV CMD WITH 1 EQ ""WCT_REQUEST"" ID-SUPP",,REPORT.DO,root@DEV,"SORT UTIL.LOG.EVENT BY TIME TIME CMD ELAPSED SESSIONTOKEN SESSIONUSER CSV CMD WITH 1 EQ ""WCT_REQUEST"" ID-SUPP"
17:26:54.05483,20210221,,00.00.00,REPORT.DO,root@DEV,
17:26:54.05484,20210221,,00.00.00,REPORT.DO,root@DEV,
17:27:22.05485,20210221,,,REPORT.DO,root@DEV,
17:27:22.05486,20210221,,,REPORT.DO,root@DEV,
17:27:22.05487,20210221,"SORT UTIL.LOG.EVENT BY TIME TIME CMD ELAPSED SESSIONTOKEN SESSIONUSER CSV CMD WITH 1 EQ ""WCT_REQUEST"" ID-SUPP",,REPORT.DO,root@DEV,"SORT UTIL.LOG.EVENT BY TIME TIME CMD ELAPSED SESSIONTOKEN SESSIONUSER CSV CMD WITH 1 EQ ""WCT_REQUEST"" ID-SUPP"
17:27:22.05488,20210221,,00.00.00,REPORT.DO,root@DEV,
17:27:22.05489,20210221,,00.00.00,REPORT.DO,root@DEV,
17:29:04.05490,20210221,,,REPORT.DO,root@DEV,
17:29:04.05491,20210221,,,REPORT.DO,root@DEV,
17:29:04.05492,20210221,SORT UTIL.LOG.EVENT BY DATE BY TIME EVENT SUBR MSG CMD ELAPSED ID-SUPP CSV /,,REPORT.DO,root@DEV,SORT UTIL.LOG.EVENT BY DATE BY TIME EVENT SUBR MSG CMD ELAPSED ID-SUPP CSV /
17:29:07.05493,20210221,,00.00.03,REPORT.DO,root@DEV,
17:29:07.05494,20210221,,00.00.03,REPORT.DO,root@DEV,
17:29:29.05495,20210221,,,REPORT.DO,root@DEV,
17:29:29.05496,20210221,,,REPORT.DO,root@DEV,
17:29:30.05497,20210221,SORT UTIL.LOG.EVENT BY TIME TIME CMD ELAPSED SESSIONTOKEN SESSIONUSER CSV CMD ID-SUPP NOPAGE,,REPORT.DO,root@DEV,SORT UTIL.LOG.EVENT BY TIME TIME CMD ELAPSED SESSIONTOKEN SESSIONUSER CSV CMD ID-SUPP NOPAGE
17:29:33.05498,20210221,,00.00.04,REPORT.DO,root@DEV,
17:29:33.05499,20210221,,00.00.04,REPORT.DO,root@DEV,
17:29:58.05500,20210221,,,REPORT.DO,root@DEV,
17:29:58.05501,20210221,,,REPORT.DO,root@DEV,
652 record(s) listed
'.keep' not found
