TIME/EVENT/MSG/ID/CMD/ELAPSED/SESSIONTOKEN/SESSIONUSER
02:18:39.04850/EXECUTE/CLEAR-FILE DATA UTIL.LOG.EVENT/20210221-021839319-19b3f4cbe2b74/CLEAR-FILE DATA UTIL.LOG.EVENT//U_CLEARFILES/root@DEV
02:18:39.04851/EXECUTE/CLEAR-FILE DATA UTIL.WORKFILE/20210221-021839319-aaa4037d0eb14/CLEAR-FILE DATA UTIL.WORKFILE//U_CLEARFILES/root@DEV
02:18:39.04852/EXECUTE/CLEAR-FILE DATA UTIL.WCT.RESP/20210221-021839319-c4b77c5958844/CLEAR-FILE DATA UTIL.WCT.RESP//U_CLEARFILES/root@DEV
02:18:39.04853/EXECUTE/CLEAR-FILE DATA UTIL.WCT.RECV/20210221-021839319-1f3dfecc6cf34/CLEAR-FILE DATA UTIL.WCT.RECV//U_CLEARFILES/root@DEV
02:18:39.04854/EXECUTE/CLEAR-FILE DATA UTIL.WCT.TOKENS/20210221-021839319-01f6d11d25db4/CLEAR-FILE DATA UTIL.WCT.TOKENS//U_CLEARFILES/root@DEV
02:18:39.04855/EXECUTE/CLEAR-FILE DATA LOGS/20210221-021839319-84cd518062e44/CLEAR-FILE DATA LOGS//U_CLEARFILES/root@DEV
02:18:39.04856/EXECUTE/SELECT UTIL.CONFIG LIKE clear.nopage.properties/20210221-021839319-4c45b40ae43e4/SELECT UTIL.CONFIG LIKE clear.nopage.properties//U_CLEARFILES/root@DEV
02:18:39.04857/TIMING/U_CLEARFILES/20210221-021839319-5ec1f4a3e2d64//00.00.01/U_CLEARFILES/root@DEV
02:18:39.04858/EXECUTE/U_CLEARFILES WCT NOPAGE/20210221-021839319-18c21c0b85bd4/U_CLEARFILES WCT NOPAGE//U_CLEARFILES/root@DEV
02:18:39.04859/WCT_REQUEST/"""{""wctRequest"":{""appToken"":""133ae0e051744715b9a70ee75e46c0a8"",""sessionToken"":"""",""requestID"":""82efbd12-5294-4ef5-9f45-8e2ddee57486"",""requestAction"":""!U_CLEARFILES"",""requestItem"":""WCT"",""requestParameters"":""NOPAGE"",""uniqueID"":""authorAdjust"",""requestResponseFormat"":""json"",""requestData"":""""}}"""/20210221-021839319-c92a8272fd5b4/!U_CLEARFILES WCT NOPAGE//U_CLEARFILES/authorAdjust@DEV
02:18:45.04860/EXECUTE/"SELECT UTIL.WCT.RECV WITH @ID UNLIKE "".keep"" TO 1"/20210221-021845325-fb3d70f0c45c4/"SELECT UTIL.WCT.RECV WITH @ID UNLIKE "".keep"" TO 1"//U_CLEARFILES/root@DEV
02:18:45.04861/WCT_REQUEST/"""{""wctRequest"":{""appToken"":""133ae0e051744715b9a70ee75e46c0a8"",""sessionToken"":"""",""requestID"":""f7985062-5c5c-4635-9d99-75eac64b690b"",""requestAction"":""SERVICES"",""requestItem"":"""",""requestParameters"":"""",""uniqueID"":""authorAdjust"",""requestResponseFormat"":""json"",""requestData"":""""}}"""/20210221-021845325-b4ded2ab8f024/SERVICES  //U_CLEARFILES/authorAdjust@DEV
02:18:56.04862/EXECUTE/"SELECT UTIL.WCT.RECV WITH @ID UNLIKE "".keep"" TO 1"/20210221-021856336-61fb72c595f74/"SELECT UTIL.WCT.RECV WITH @ID UNLIKE "".keep"" TO 1"//U_CLEARFILES/root@DEV
02:18:56.04865/ACT-START/SIENA.BUILD.SERVICE.CATALOG.HELPER/20210221-021856336-f51e44235df44///JOB.DO/root@DEV
02:18:56.04866/TIMING/U_BUILD.SERVICE.CATALOG/20210221-021856336-f6d82e50a9984//00.00.00/JOB.DO/root@DEV
02:18:56.04867/EXECUTE/JOB.DO BUILD.SERVICE.CATALOG NOPAGE/20210221-021856336-b47dcaa8f5064/JOB.DO BUILD.SERVICE.CATALOG NOPAGE//JOB.DO/root@DEV
02:18:56.04868/WCT_REQUEST/"""{""wctRequest"":{""appToken"":""133ae0e051744715b9a70ee75e46c0a8"",""sessionToken"":"""",""requestID"":""fbbd6f16-3353-42d2-90a6-abb1657b9ce0"",""requestAction"":""JOB.DO"",""requestItem"":""BUILD.SERVICE.CATALOG"",""requestParameters"":""NOPAGE"",""uniqueID"":""authorAdjust"",""requestResponseFormat"":""json"",""requestData"":""""}}"""/20210221-021856336-2eff2774dae94/JOB.DO BUILD.SERVICE.CATALOG NOPAGE//JOB.DO/authorAdjust@DEV
02:21:19.04869/TIMING/W_SERVICE.DO/20210221-022119479-0915470d5c084//00.02.23/JOB.DO/root@DEV
15:55:03.04871/EXECUTE/FORMAT UTIL.BP U_TEST/20210221-155503303-54689363e44a4/FORMAT UTIL.BP U_TEST//BCC/root@DEV
15:55:03.04872/EXECUTE/BASIC UTIL.BP U_TEST/20210221-155503303-6d41af84104b4/BASIC UTIL.BP U_TEST//BCC/root@DEV
15:55:03.04873/EXECUTE/CATALOG UTIL.BP U_TEST/20210221-155503303-b9c515af3a964/CATALOG UTIL.BP U_TEST//BCC/root@DEV
15:55:30.04875/EXECUTE/FORMAT UTIL.BP U_TEST/20210221-155530330-44f024abb1c34/FORMAT UTIL.BP U_TEST//BCC/root@DEV
15:55:30.04876/EXECUTE/BASIC UTIL.BP U_TEST/20210221-155530330-572efa6b755f4/BASIC UTIL.BP U_TEST//BCC/root@DEV
15:55:30.04877/EXECUTE/CATALOG UTIL.BP U_TEST/20210221-155530330-09cc5679e0d64/CATALOG UTIL.BP U_TEST//BCC/root@DEV
15:58:07.04880/EXECUTE/FORMAT UTIL.BP U_TEST/20210221-155807487-0d22b33d0d1e4/FORMAT UTIL.BP U_TEST//BCC/root@DEV
15:58:07.04881/EXECUTE/BASIC UTIL.BP U_TEST/20210221-155807487-0dfe0cfcd2ba4/BASIC UTIL.BP U_TEST//BCC/root@DEV
15:58:07.04882/EXECUTE/CATALOG UTIL.BP U_TEST/20210221-155807487-e6a3171227924/CATALOG UTIL.BP U_TEST//BCC/root@DEV
15:59:31.04886/EXECUTE/FORMAT UTIL.BP W_SERVICE.ENVIRONMENT/20210221-155931571-ce3e266e6a6f4/FORMAT UTIL.BP W_SERVICE.ENVIRONMENT//BCC/root@DEV
15:59:31.04887/EXECUTE/BASIC UTIL.BP W_SERVICE.ENVIRONMENT/20210221-155931571-2aa3687892b24/BASIC UTIL.BP W_SERVICE.ENVIRONMENT//BCC/root@DEV
15:59:31.04888/EXECUTE/CATALOG UTIL.BP W_SERVICE.ENVIRONMENT/20210221-155931571-71fb9c4aa94f4/CATALOG UTIL.BP W_SERVICE.ENVIRONMENT//BCC/root@DEV
16:07:39.04891/EXECUTE/FORMAT UTIL.BP U_TEST/20210221-160739059-4553227b82904/FORMAT UTIL.BP U_TEST//BCC/root@DEV
16:07:39.04892/EXECUTE/BASIC UTIL.BP U_TEST/20210221-160739059-f1cb3723ba464/BASIC UTIL.BP U_TEST//BCC/root@DEV
16:07:39.04893/EXECUTE/CATALOG UTIL.BP U_TEST/20210221-160739059-c65d26980fc04/CATALOG UTIL.BP U_TEST//BCC/root@DEV
16:13:15.04896/EXECUTE/FORMAT UTIL.BP U_TEST/20210221-161315395-a61986caa4434/FORMAT UTIL.BP U_TEST//BCC/root@DEV
16:13:15.04897/EXECUTE/BASIC UTIL.BP U_TEST/20210221-161315395-de64f2e3636e4/BASIC UTIL.BP U_TEST//BCC/root@DEV
16:13:15.04898/EXECUTE/CATALOG UTIL.BP U_TEST/20210221-161315395-17ea1277fdfa4/CATALOG UTIL.BP U_TEST//BCC/root@DEV
16:17:20.04902/EXECUTE/FORMAT UTIL.BP W_SERVICE.DATAMAP/20210221-161720640-103ed14134bc4/FORMAT UTIL.BP W_SERVICE.DATAMAP//BCC/root@DEV
16:17:20.04903/EXECUTE/BASIC UTIL.BP W_SERVICE.DATAMAP/20210221-161720640-ae3c1aa437894/BASIC UTIL.BP W_SERVICE.DATAMAP//BCC/root@DEV
16:17:20.04904/EXECUTE/CATALOG UTIL.BP W_SERVICE.DATAMAP/20210221-161720640-1047e1d218184/CATALOG UTIL.BP W_SERVICE.DATAMAP//BCC/root@DEV
16:19:05.04906/EXECUTE/FORMAT UTIL.BP W_SERVICE.DATAMAP/20210221-161905745-8de27a3489444/FORMAT UTIL.BP W_SERVICE.DATAMAP//BCC/root@DEV
16:19:05.04907/EXECUTE/BASIC UTIL.BP W_SERVICE.DATAMAP/20210221-161905745-f060372b73d64/BASIC UTIL.BP W_SERVICE.DATAMAP//BCC/root@DEV
16:19:05.04908/EXECUTE/CATALOG UTIL.BP W_SERVICE.DATAMAP/20210221-161905745-623448085af94/CATALOG UTIL.BP W_SERVICE.DATAMAP//BCC/root@DEV
16:19:09.04910/EXECUTE/FORMAT UTIL.BP U_TEST/20210221-161909749-d24b153ef28c4/FORMAT UTIL.BP U_TEST//BCC/root@DEV
16:19:09.04911/EXECUTE/BASIC UTIL.BP U_TEST/20210221-161909749-b40f63b8f45a4/BASIC UTIL.BP U_TEST//BCC/root@DEV
16:19:09.04912/EXECUTE/CATALOG UTIL.BP U_TEST/20210221-161909749-c8d5be297fee4/CATALOG UTIL.BP U_TEST//BCC/root@DEV
16:19:11.04915/TIMING/W_SERVICE.DATAMAP/20210221-161911751-2d4b7b1aa70a4//00.00.00/U_TEST/root@DEV
16:20:13.04917/EXECUTE/FORMAT UTIL.BP U_IO.GET.LIST/20210221-162013813-fe6aea3665284/FORMAT UTIL.BP U_IO.GET.LIST//BCC/root@DEV
16:20:13.04918/EXECUTE/BASIC UTIL.BP U_IO.GET.LIST/20210221-162013813-a3cd8136885d4/BASIC UTIL.BP U_IO.GET.LIST//BCC/root@DEV
16:20:13.04919/EXECUTE/CATALOG UTIL.BP U_IO.GET.LIST/20210221-162013813-aec03a36aac34/CATALOG UTIL.BP U_IO.GET.LIST//BCC/root@DEV
16:20:15.04922/TIMING/W_SERVICE.DATAMAP/20210221-162015815-e84e54051fab4//00.00.00/U_TEST/root@DEV
16:22:35.04926/EXECUTE/FORMAT UTIL.BP W_SERVICE.DATAMAP_VIEW/20210221-162235955-9d446d0141614/FORMAT UTIL.BP W_SERVICE.DATAMAP_VIEW//BCC/root@DEV
16:22:35.04927/EXECUTE/BASIC UTIL.BP W_SERVICE.DATAMAP_VIEW/20210221-162235955-45546f04d7f24/BASIC UTIL.BP W_SERVICE.DATAMAP_VIEW//BCC/root@DEV
16:22:35.04928/EXECUTE/CATALOG UTIL.BP W_SERVICE.DATAMAP_VIEW/20210221-162235955-722f3751fe094/CATALOG UTIL.BP W_SERVICE.DATAMAP_VIEW//BCC/root@DEV
16:30:12.04933/EXECUTE/FORMAT UTIL.BP W_SERVICE.DATAMAP_VIEW/20210221-163012412-07c49f9e09fd4/FORMAT UTIL.BP W_SERVICE.DATAMAP_VIEW//BCC/root@DEV
16:30:13.04934/EXECUTE/BASIC UTIL.BP W_SERVICE.DATAMAP_VIEW/20210221-163013413-ea7f74568d6f4/BASIC UTIL.BP W_SERVICE.DATAMAP_VIEW//BCC/root@DEV
16:30:13.04935/EXECUTE/CATALOG UTIL.BP W_SERVICE.DATAMAP_VIEW/20210221-163013413-0a55f8940b454/CATALOG UTIL.BP W_SERVICE.DATAMAP_VIEW//BCC/root@DEV
16:31:54.04940/EXECUTE/FORMAT UTIL.BP W_SERVICE.DATAMAP_VIEW/20210221-163154514-a33df5101ec24/FORMAT UTIL.BP W_SERVICE.DATAMAP_VIEW//BCC/root@DEV
16:31:54.04941/EXECUTE/BASIC UTIL.BP W_SERVICE.DATAMAP_VIEW/20210221-163154514-790044ebe7594/BASIC UTIL.BP W_SERVICE.DATAMAP_VIEW//BCC/root@DEV
16:31:54.04942/EXECUTE/CATALOG UTIL.BP W_SERVICE.DATAMAP_VIEW/20210221-163154514-8a50949cab784/CATALOG UTIL.BP W_SERVICE.DATAMAP_VIEW//BCC/root@DEV
16:32:01.04947/EXECUTE/FORMAT UTIL.BP W_SERVICE.DATAMAP_VIEW/20210221-163201521-83998a59e0954/FORMAT UTIL.BP W_SERVICE.DATAMAP_VIEW//BCC/root@DEV
16:32:01.04948/EXECUTE/BASIC UTIL.BP W_SERVICE.DATAMAP_VIEW/20210221-163201521-e576cc067c214/BASIC UTIL.BP W_SERVICE.DATAMAP_VIEW//BCC/root@DEV
16:32:01.04949/EXECUTE/CATALOG UTIL.BP W_SERVICE.DATAMAP_VIEW/20210221-163201521-73083bb1dc974/CATALOG UTIL.BP W_SERVICE.DATAMAP_VIEW//BCC/root@DEV
16:32:16.04951/EXECUTE/FORMAT UTIL.BP W_SERVICE.DATAMAP_VIEW/20210221-163216536-ce8dacafce8a4/FORMAT UTIL.BP W_SERVICE.DATAMAP_VIEW//BCC/root@DEV
16:32:16.04952/EXECUTE/BASIC UTIL.BP W_SERVICE.DATAMAP_VIEW/20210221-163216536-be5f4bae5c254/BASIC UTIL.BP W_SERVICE.DATAMAP_VIEW//BCC/root@DEV
16:32:16.04953/EXECUTE/CATALOG UTIL.BP W_SERVICE.DATAMAP_VIEW/20210221-163216536-4be177506ca64/CATALOG UTIL.BP W_SERVICE.DATAMAP_VIEW//BCC/root@DEV
16:32:18.04957/TIMING/W_SERVICE.DATAMAP_VIEW/20210221-163218538-5b4beb647f8d4//00.00.00/U_TEST/root@DEV
16:32:18.04958/TIMING/W_SERVICE.DATAMAP/20210221-163218538-35220cf321034//00.00.00/U_TEST/root@DEV
16:32:53.04960/EXECUTE/FORMAT UTIL.BP W_SERVICE.DATAMAP_VIEW/20210221-163253573-b2a6191f0ac64/FORMAT UTIL.BP W_SERVICE.DATAMAP_VIEW//BCC/root@DEV
16:32:53.04961/EXECUTE/BASIC UTIL.BP W_SERVICE.DATAMAP_VIEW/20210221-163253573-e967f76170fa4/BASIC UTIL.BP W_SERVICE.DATAMAP_VIEW//BCC/root@DEV
16:32:53.04962/EXECUTE/CATALOG UTIL.BP W_SERVICE.DATAMAP_VIEW/20210221-163253573-305d7c0a377f4/CATALOG UTIL.BP W_SERVICE.DATAMAP_VIEW//BCC/root@DEV
16:32:55.04966/TIMING/W_SERVICE.DATAMAP_VIEW/20210221-163255575-cc5aca87aace4//00.00.00/U_TEST/root@DEV
16:32:55.04967/TIMING/W_SERVICE.DATAMAP/20210221-163255575-f7826908804f4//00.00.00/U_TEST/root@DEV
16:36:56.04969/EXECUTE/FORMAT UTIL.BP W_SERVICE.DATAMAP_VIEW/20210221-163656816-fc4e70a148c24/FORMAT UTIL.BP W_SERVICE.DATAMAP_VIEW//BCC/root@DEV
16:36:57.04970/EXECUTE/BASIC UTIL.BP W_SERVICE.DATAMAP_VIEW/20210221-163657817-8f07c96190894/BASIC UTIL.BP W_SERVICE.DATAMAP_VIEW//BCC/root@DEV
16:36:57.04971/EXECUTE/CATALOG UTIL.BP W_SERVICE.DATAMAP_VIEW/20210221-163657817-e9271dc19aec4/CATALOG UTIL.BP W_SERVICE.DATAMAP_VIEW//BCC/root@DEV
16:36:59.04975/TIMING/W_SERVICE.DATAMAP_VIEW/20210221-163659819-a38a6eeae1734//00.00.00/U_TEST/root@DEV
16:36:59.04976/TIMING/W_SERVICE.DATAMAP/20210221-163659819-ace0ac8aab954//00.00.00/U_TEST/root@DEV
16:37:51.04978/EXECUTE/FORMAT UTIL.BP W_SERVICE.DATAMAP_VIEW/20210221-163751871-8f3cd7b868644/FORMAT UTIL.BP W_SERVICE.DATAMAP_VIEW//BCC/root@DEV
16:37:51.04979/EXECUTE/BASIC UTIL.BP W_SERVICE.DATAMAP_VIEW/20210221-163751871-2e648845038c4/BASIC UTIL.BP W_SERVICE.DATAMAP_VIEW//BCC/root@DEV
16:37:51.04980/EXECUTE/CATALOG UTIL.BP W_SERVICE.DATAMAP_VIEW/20210221-163751871-d487f40426f44/CATALOG UTIL.BP W_SERVICE.DATAMAP_VIEW//BCC/root@DEV
16:37:53.04984/TIMING/W_SERVICE.DATAMAP_VIEW/20210221-163753873-b14dca25931e4//00.00.00/U_TEST/root@DEV
16:37:53.04985/TIMING/W_SERVICE.DATAMAP/20210221-163753873-bd8f2da5ec334//00.00.00/U_TEST/root@DEV
16:38:05.04989/TIMING/W_SERVICE.DATAMAP_VIEW/20210221-163805885-f40abcf1a5d64//00.00.00/U_TEST/root@DEV
16:38:05.04990/TIMING/W_SERVICE.DATAMAP/20210221-163805885-0e0af26fe01b4//00.00.00/U_TEST/root@DEV
16:38:23.04992/EXECUTE/FORMAT UTIL.BP W_SERVICE.DATAMAP_VIEW/20210221-163823903-9c1a62c091164/FORMAT UTIL.BP W_SERVICE.DATAMAP_VIEW//BCC/root@DEV
16:38:23.04993/EXECUTE/BASIC UTIL.BP W_SERVICE.DATAMAP_VIEW/20210221-163823903-a4ae858a3f2d4/BASIC UTIL.BP W_SERVICE.DATAMAP_VIEW//BCC/root@DEV
16:38:23.04994/EXECUTE/CATALOG UTIL.BP W_SERVICE.DATAMAP_VIEW/20210221-163823903-7a96bfc1da774/CATALOG UTIL.BP W_SERVICE.DATAMAP_VIEW//BCC/root@DEV
16:38:25.04998/TIMING/W_SERVICE.DATAMAP_VIEW/20210221-163825905-6224ad1060c04//00.00.00/U_TEST/root@DEV
16:38:25.04999/TIMING/W_SERVICE.DATAMAP/20210221-163825905-be6bcf9847454//00.00.00/U_TEST/root@DEV
16:38:42.05003/TIMING/W_SERVICE.DATAMAP_VIEW/20210221-163842922-530e8c61493b4//00.00.01/U_TEST/root@DEV
16:38:42.05004/TIMING/W_SERVICE.DATAMAP/20210221-163842922-9ca124c8e3304//00.00.01/U_TEST/root@DEV
16:38:43.05006/EXECUTE/FORMAT UTIL.BP W_SERVICE.DATAMAP_VIEW/20210221-163843923-59e46c8931ee4/FORMAT UTIL.BP W_SERVICE.DATAMAP_VIEW//BCC/root@DEV
16:38:43.05007/EXECUTE/BASIC UTIL.BP W_SERVICE.DATAMAP_VIEW/20210221-163843923-7b0e0875fe1e4/BASIC UTIL.BP W_SERVICE.DATAMAP_VIEW//BCC/root@DEV
16:38:43.05008/EXECUTE/CATALOG UTIL.BP W_SERVICE.DATAMAP_VIEW/20210221-163843923-21ce2e22e9dc4/CATALOG UTIL.BP W_SERVICE.DATAMAP_VIEW//BCC/root@DEV
16:38:45.05012/TIMING/W_SERVICE.DATAMAP_VIEW/20210221-163845925-6ed689aa74ac4//00.00.00/U_TEST/root@DEV
16:38:45.05013/TIMING/W_SERVICE.DATAMAP/20210221-163845925-ec3af560dcb44//00.00.00/U_TEST/root@DEV
16:41:54.05015/EXECUTE/FORMAT UTIL.BP W_SERVICE.DATAMAP_VIEW/20210221-164154114-6ae7387638a84/FORMAT UTIL.BP W_SERVICE.DATAMAP_VIEW//BCC/root@DEV
16:41:54.05016/EXECUTE/BASIC UTIL.BP W_SERVICE.DATAMAP_VIEW/20210221-164154114-d2ab3bf74ff54/BASIC UTIL.BP W_SERVICE.DATAMAP_VIEW//BCC/root@DEV
16:41:54.05017/EXECUTE/CATALOG UTIL.BP W_SERVICE.DATAMAP_VIEW/20210221-164154114-2c011bc8354b4/CATALOG UTIL.BP W_SERVICE.DATAMAP_VIEW//BCC/root@DEV
16:41:56.05021/TIMING/W_SERVICE.DATAMAP_VIEW/20210221-164156116-b0c4323dbc6a4//00.00.00/U_TEST/root@DEV
16:41:56.05022/TIMING/W_SERVICE.DATAMAP/20210221-164156116-0ba7aa44e62f4//00.00.00/U_TEST/root@DEV
16:42:37.05024/EXECUTE/FORMAT UTIL.BP W_SERVICE.DATAMAP_VIEW/20210221-164237157-df224c33a76b4/FORMAT UTIL.BP W_SERVICE.DATAMAP_VIEW//BCC/root@DEV
16:42:37.05025/EXECUTE/BASIC UTIL.BP W_SERVICE.DATAMAP_VIEW/20210221-164237157-c26ec3db44c14/BASIC UTIL.BP W_SERVICE.DATAMAP_VIEW//BCC/root@DEV
16:42:37.05026/EXECUTE/CATALOG UTIL.BP W_SERVICE.DATAMAP_VIEW/20210221-164237157-d32fd2ef6dc14/CATALOG UTIL.BP W_SERVICE.DATAMAP_VIEW//BCC/root@DEV
16:42:39.05030/TIMING/W_SERVICE.DATAMAP_VIEW/20210221-164239159-578cef3c52734//00.00.00/U_TEST/root@DEV
16:42:39.05031/TIMING/W_SERVICE.DATAMAP/20210221-164239159-c41b97992f024//00.00.00/U_TEST/root@DEV
16:43:45.05033/EXECUTE/FORMAT UTIL.BP W_SERVICE.DATAMAP_VIEW/20210221-164345225-017f51e65b604/FORMAT UTIL.BP W_SERVICE.DATAMAP_VIEW//BCC/root@DEV
16:43:45.05034/EXECUTE/BASIC UTIL.BP W_SERVICE.DATAMAP_VIEW/20210221-164345225-89a8e3dd9ad04/BASIC UTIL.BP W_SERVICE.DATAMAP_VIEW//BCC/root@DEV
16:43:45.05035/EXECUTE/CATALOG UTIL.BP W_SERVICE.DATAMAP_VIEW/20210221-164345225-1b5470b7f1044/CATALOG UTIL.BP W_SERVICE.DATAMAP_VIEW//BCC/root@DEV
16:44:21.05040/EXECUTE/FORMAT UTIL.BP W_SERVICE.DATAMAP_VIEW/20210221-164421261-269bc58e1fcf4/FORMAT UTIL.BP W_SERVICE.DATAMAP_VIEW//BCC/root@DEV
16:44:21.05041/EXECUTE/BASIC UTIL.BP W_SERVICE.DATAMAP_VIEW/20210221-164421261-df1a526895b34/BASIC UTIL.BP W_SERVICE.DATAMAP_VIEW//BCC/root@DEV
16:44:21.05042/EXECUTE/CATALOG UTIL.BP W_SERVICE.DATAMAP_VIEW/20210221-164421261-b9e6c42271a34/CATALOG UTIL.BP W_SERVICE.DATAMAP_VIEW//BCC/root@DEV
16:44:23.05046/TIMING/W_SERVICE.DATAMAP_VIEW/20210221-164423263-81c6d1d73a614//00.00.00/U_TEST/root@DEV
16:44:23.05047/TIMING/W_SERVICE.DATAMAP/20210221-164423263-080b51b76cb94//00.00.00/U_TEST/root@DEV
16:45:20.05049/EXECUTE/FORMAT UTIL.BP U_TEST/20210221-164520320-8c76b63177174/FORMAT UTIL.BP U_TEST//BCC/root@DEV
16:45:20.05050/EXECUTE/BASIC UTIL.BP U_TEST/20210221-164520320-4f552cb81efd4/BASIC UTIL.BP U_TEST//BCC/root@DEV
16:45:20.05051/EXECUTE/CATALOG UTIL.BP U_TEST/20210221-164520320-278e4ea519294/CATALOG UTIL.BP U_TEST//BCC/root@DEV
16:45:22.05055/TIMING/W_SERVICE.DATAMAP_VIEW/20210221-164522322-54715a1a451d4//00.00.00/U_TEST/root@DEV
16:45:22.05056/TIMING/W_SERVICE.DATAMAP/20210221-164522322-d5bd3c3b22e74//00.00.00/U_TEST/root@DEV
16:45:26.05059/TIMING/W_SERVICE.DATAMAP_VIEW/20210221-164526326-dbadf38cd1e34//00.00.04/U_TEST/root@DEV
16:45:26.05060/TIMING/W_SERVICE.DATAMAP/20210221-164526326-b3f023f2e3d84//00.00.04/U_TEST/root@DEV
16:45:38.05064/TIMING/W_SERVICE.DATAMAP_VIEW/20210221-164538338-3b060b90f4614//00.00.00/U_TEST/root@DEV
16:45:38.05065/TIMING/W_SERVICE.DATAMAP/20210221-164538338-09b6212016814//00.00.00/U_TEST/root@DEV
16:45:39.05068/TIMING/W_SERVICE.DATAMAP_VIEW/20210221-164539339-ddc416b5eae74//00.00.01/U_TEST/root@DEV
16:45:39.05069/TIMING/W_SERVICE.DATAMAP/20210221-164539339-4621dfa6e1104//00.00.01/U_TEST/root@DEV
16:45:44.05073/TIMING/W_SERVICE.DATAMAP_VIEW/20210221-164544344-c2a94912d06c4//00.00.00/U_TEST/root@DEV
16:45:44.05074/TIMING/W_SERVICE.DATAMAP/20210221-164544344-e4b67a38451d4//00.00.00/U_TEST/root@DEV
16:45:44.05077/TIMING/W_SERVICE.DATAMAP_VIEW/20210221-164544344-9972613138014//00.00.00/U_TEST/root@DEV
16:45:44.05078/TIMING/W_SERVICE.DATAMAP/20210221-164544344-f28f4db483f94//00.00.00/U_TEST/root@DEV
16:51:43.05082/EXECUTE/FORMAT UTIL.BP W_SERVICE.DATAMAP_LIST/20210221-165143703-4d13e01776534/FORMAT UTIL.BP W_SERVICE.DATAMAP_LIST//BCC/root@DEV
16:51:43.05083/EXECUTE/BASIC UTIL.BP W_SERVICE.DATAMAP_LIST/20210221-165143703-820b6b9369a04/BASIC UTIL.BP W_SERVICE.DATAMAP_LIST//BCC/root@DEV
16:51:44.05084/EXECUTE/CATALOG UTIL.BP W_SERVICE.DATAMAP_LIST/20210221-165144704-b6c6963eb9d14/CATALOG UTIL.BP W_SERVICE.DATAMAP_LIST//BCC/root@DEV
16:52:01.05088/TIMING/W_SERVICE.DATAMAP_VIEW/20210221-165201721-4431136be3ea4//00.00.00/U_TEST/root@DEV
16:52:01.05089/TIMING/W_SERVICE.DATAMAP/20210221-165201721-a4e91786c8cc4//00.00.00/U_TEST/root@DEV
16:52:18.05092/TIMING/W_SERVICE.DATAMAP_VIEW/20210221-165218738-14bab7ce95904//00.00.17/U_TEST/root@DEV
16:52:18.05093/TIMING/W_SERVICE.DATAMAP/20210221-165218738-894907b377054//00.00.17/U_TEST/root@DEV
16:52:24.05095/EXECUTE/FORMAT UTIL.BP U_TEST/20210221-165224744-39d168df7e594/FORMAT UTIL.BP U_TEST//BCC/root@DEV
16:52:24.05096/EXECUTE/BASIC UTIL.BP U_TEST/20210221-165224744-af1fe268343a4/BASIC UTIL.BP U_TEST//BCC/root@DEV
16:52:24.05097/EXECUTE/CATALOG UTIL.BP U_TEST/20210221-165224744-9a1c2afceea34/CATALOG UTIL.BP U_TEST//BCC/root@DEV
16:52:29.05101/EXECUTE/SELECT UTIL.CONFIG LIKE siena_data...list TO 1/20210221-165229749-f03c1e86be694/SELECT UTIL.CONFIG LIKE siena_data...list TO 1//U_TEST/root@DEV
16:52:29.05102/TIMING/W_SERVICE.DATAMAP_LIST/20210221-165229749-2b52f6c626404//00.00.00/U_TEST/root@DEV
16:52:29.05103/TIMING/W_SERVICE.DATAMAP/20210221-165229749-50775bc206054//00.00.00/U_TEST/root@DEV
16:52:29.05106/TIMING/W_SERVICE.DATAMAP_VIEW/20210221-165229749-5178e8a138d04//00.00.00/U_TEST/root@DEV
16:52:29.05107/TIMING/W_SERVICE.DATAMAP/20210221-165229749-d6b24e012af34//00.00.00/U_TEST/root@DEV
16:52:30.05110/TIMING/W_SERVICE.DATAMAP_VIEW/20210221-165230750-15e658d1c8404//00.00.00/U_TEST/root@DEV
16:52:30.05111/TIMING/W_SERVICE.DATAMAP/20210221-165230750-47469b46b68d4//00.00.00/U_TEST/root@DEV
16:54:19.05113/EXECUTE/FORMAT UTIL.BP W_SERVICE.DATAMAP_LIST/20210221-165419859-9e17ee488aea4/FORMAT UTIL.BP W_SERVICE.DATAMAP_LIST//BCC/root@DEV
16:54:19.05114/EXECUTE/BASIC UTIL.BP W_SERVICE.DATAMAP_LIST/20210221-165419859-5e44d8db930d4/BASIC UTIL.BP W_SERVICE.DATAMAP_LIST//BCC/root@DEV
16:54:19.05115/EXECUTE/CATALOG UTIL.BP W_SERVICE.DATAMAP_LIST/20210221-165419859-db34ddfd2f824/CATALOG UTIL.BP W_SERVICE.DATAMAP_LIST//BCC/root@DEV
16:54:21.05119/EXECUTE/SELECT UTIL.CONFIG LIKE siena_data...list TO 1/20210221-165421861-bae021216e574/SELECT UTIL.CONFIG LIKE siena_data...list TO 1//U_TEST/root@DEV
16:54:21.05120/TIMING/W_SERVICE.DATAMAP_LIST/20210221-165421861-396ee0c12a024//00.00.00/U_TEST/root@DEV
16:54:21.05121/TIMING/W_SERVICE.DATAMAP/20210221-165421861-9dac8773641b4//00.00.00/U_TEST/root@DEV
16:54:21.05124/TIMING/W_SERVICE.DATAMAP_VIEW/20210221-165421861-c68c817618d14//00.00.00/U_TEST/root@DEV
16:54:21.05125/TIMING/W_SERVICE.DATAMAP/20210221-165421861-86a2a6e622084//00.00.00/U_TEST/root@DEV
16:54:21.05128/TIMING/W_SERVICE.DATAMAP_VIEW/20210221-165421861-d6386adbb72f4//00.00.00/U_TEST/root@DEV
16:54:21.05129/TIMING/W_SERVICE.DATAMAP/20210221-165421861-e39be31b74ce4//00.00.00/U_TEST/root@DEV
16:55:03.05131/EXECUTE/FORMAT UTIL.BP W_SERVICE.DATAMAP_LIST/20210221-165503903-ca49a247bc824/FORMAT UTIL.BP W_SERVICE.DATAMAP_LIST//BCC/root@DEV
16:55:03.05132/EXECUTE/BASIC UTIL.BP W_SERVICE.DATAMAP_LIST/20210221-165503903-ebd9e339d8724/BASIC UTIL.BP W_SERVICE.DATAMAP_LIST//BCC/root@DEV
16:55:03.05133/EXECUTE/CATALOG UTIL.BP W_SERVICE.DATAMAP_LIST/20210221-165503903-5ee44ff68db54/CATALOG UTIL.BP W_SERVICE.DATAMAP_LIST//BCC/root@DEV
16:55:05.05137/EXECUTE/SELECT UTIL.CONFIG LIKE siena_data...list TO 1/20210221-165505905-beb8efdd06884/SELECT UTIL.CONFIG LIKE siena_data...list TO 1//U_TEST/root@DEV
16:55:05.05138/TIMING/W_SERVICE.DATAMAP_LIST/20210221-165505905-f9b7f7f4f2624//00.00.00/U_TEST/root@DEV
16:55:05.05139/TIMING/W_SERVICE.DATAMAP/20210221-165505905-e20e8c15e0214//00.00.00/U_TEST/root@DEV
16:55:05.05142/TIMING/W_SERVICE.DATAMAP_VIEW/20210221-165505905-c04ade691be54//00.00.00/U_TEST/root@DEV
16:55:05.05143/TIMING/W_SERVICE.DATAMAP/20210221-165505905-b6f10e5499474//00.00.00/U_TEST/root@DEV
16:55:05.05146/TIMING/W_SERVICE.DATAMAP_VIEW/20210221-165505905-c18b7fb29fc34//00.00.00/U_TEST/root@DEV
16:55:05.05147/TIMING/W_SERVICE.DATAMAP/20210221-165505905-5dbdf26d86134//00.00.00/U_TEST/root@DEV
16:56:10.05149/EXECUTE/FORMAT UTIL.BP W_SERVICE.DATAMAP_LIST/20210221-165610970-cd9b965346b04/FORMAT UTIL.BP W_SERVICE.DATAMAP_LIST//BCC/root@DEV
16:56:10.05150/EXECUTE/BASIC UTIL.BP W_SERVICE.DATAMAP_LIST/20210221-165610970-f3e40f9ad4ea4/BASIC UTIL.BP W_SERVICE.DATAMAP_LIST//BCC/root@DEV
16:56:10.05151/EXECUTE/CATALOG UTIL.BP W_SERVICE.DATAMAP_LIST/20210221-165610970-75bcf4e4bccf4/CATALOG UTIL.BP W_SERVICE.DATAMAP_LIST//BCC/root@DEV
16:56:13.05155/EXECUTE/SELECT UTIL.CONFIG LIKE siena_data....list TO 1/20210221-165613973-7bcb3d3720cd4/SELECT UTIL.CONFIG LIKE siena_data....list TO 1//U_TEST/root@DEV
16:56:13.05156/TIMING/W_SERVICE.DATAMAP_LIST/20210221-165613973-f9be4da3233d4//00.00.01/U_TEST/root@DEV
16:56:13.05157/TIMING/W_SERVICE.DATAMAP/20210221-165613973-691d31ca03514//00.00.01/U_TEST/root@DEV
16:56:13.05160/TIMING/W_SERVICE.DATAMAP_VIEW/20210221-165613973-e3fd96dbd5d44//00.00.00/U_TEST/root@DEV
16:56:13.05161/TIMING/W_SERVICE.DATAMAP/20210221-165613973-9e19d82a3f374//00.00.00/U_TEST/root@DEV
16:56:13.05164/TIMING/W_SERVICE.DATAMAP_VIEW/20210221-165613973-4b37e393b9314//00.00.00/U_TEST/root@DEV
16:56:13.05165/TIMING/W_SERVICE.DATAMAP/20210221-165613973-e5b3eb8418544//00.00.00/U_TEST/root@DEV
16:57:10.05167/EXECUTE/FORMAT UTIL.BP W_SERVICE.DATAMAP_LIST/20210221-165710030-dca3c42ef4864/FORMAT UTIL.BP W_SERVICE.DATAMAP_LIST//BCC/root@DEV
16:57:10.05168/EXECUTE/BASIC UTIL.BP W_SERVICE.DATAMAP_LIST/20210221-165710030-07a57adc4f234/BASIC UTIL.BP W_SERVICE.DATAMAP_LIST//BCC/root@DEV
16:57:10.05169/EXECUTE/CATALOG UTIL.BP W_SERVICE.DATAMAP_LIST/20210221-165710030-c52927ee28434/CATALOG UTIL.BP W_SERVICE.DATAMAP_LIST//BCC/root@DEV
16:57:12.05173/EXECUTE/SELECT UTIL.CONFIG LIKE siena_data....list TO 1/20210221-165712032-f18ebe071b494/SELECT UTIL.CONFIG LIKE siena_data....list TO 1//U_TEST/root@DEV
16:57:12.05174/TIMING/W_SERVICE.DATAMAP_LIST/20210221-165712032-48298a65c2984//00.00.00/U_TEST/root@DEV
16:57:12.05175/TIMING/W_SERVICE.DATAMAP/20210221-165712032-4b8a3f3441924//00.00.00/U_TEST/root@DEV
16:57:13.05178/TIMING/W_SERVICE.DATAMAP_VIEW/20210221-165713033-bc44b3c145c94//00.00.01/U_TEST/root@DEV
16:57:13.05179/TIMING/W_SERVICE.DATAMAP/20210221-165713033-0149adb144404//00.00.01/U_TEST/root@DEV
16:57:13.05182/TIMING/W_SERVICE.DATAMAP_VIEW/20210221-165713033-3d2c08a663a24//00.00.00/U_TEST/root@DEV
16:57:13.05183/TIMING/W_SERVICE.DATAMAP/20210221-165713033-8b3691ce5d174//00.00.00/U_TEST/root@DEV
17:03:41.05185/EXECUTE/FORMAT UTIL.BP W_SERVICE.DATAMAP_LIST/20210221-170341421-2e7ada1150664/FORMAT UTIL.BP W_SERVICE.DATAMAP_LIST//BCC/root@DEV
17:03:41.05186/EXECUTE/BASIC UTIL.BP W_SERVICE.DATAMAP_LIST/20210221-170341421-1b599de18b7e4/BASIC UTIL.BP W_SERVICE.DATAMAP_LIST//BCC/root@DEV
17:03:41.05187/EXECUTE/CATALOG UTIL.BP W_SERVICE.DATAMAP_LIST/20210221-170341421-c37948b64ec34/CATALOG UTIL.BP W_SERVICE.DATAMAP_LIST//BCC/root@DEV
17:03:43.05191/EXECUTE/SELECT UTIL.CONFIG LIKE siena_data....list TO 1/20210221-170343423-c12f19f9276e4/SELECT UTIL.CONFIG LIKE siena_data....list TO 1//U_TEST/root@DEV
17:03:43.05192/TIMING/W_SERVICE.DATAMAP_LIST/20210221-170343423-2d21ac032a754//00.00.00/U_TEST/root@DEV
17:03:43.05193/TIMING/W_SERVICE.DATAMAP/20210221-170343423-2f55f98c34ae4//00.00.00/U_TEST/root@DEV
17:03:44.05196/TIMING/W_SERVICE.DATAMAP_VIEW/20210221-170344424-dd17a6cd72014//00.00.01/U_TEST/root@DEV
17:03:44.05197/TIMING/W_SERVICE.DATAMAP/20210221-170344424-4063925136ae4//00.00.01/U_TEST/root@DEV
17:03:44.05200/TIMING/W_SERVICE.DATAMAP_VIEW/20210221-170344424-189c42137fc64//00.00.00/U_TEST/root@DEV
17:03:44.05201/TIMING/W_SERVICE.DATAMAP/20210221-170344424-fe0201de85f24//00.00.00/U_TEST/root@DEV
17:04:17.05205/EXECUTE/SELECT UTIL.CONFIG LIKE siena_data....list TO 1/20210221-170417457-ccbadf240ac54/SELECT UTIL.CONFIG LIKE siena_data....list TO 1//U_TEST/root@DEV
17:04:17.05206/TIMING/W_SERVICE.DATAMAP_LIST/20210221-170417457-0174e527173e4//00.00.00/U_TEST/root@DEV
17:04:17.05207/TIMING/W_SERVICE.DATAMAP/20210221-170417457-08eb9714798b4//00.00.00/U_TEST/root@DEV
17:04:17.05210/TIMING/W_SERVICE.DATAMAP_VIEW/20210221-170417457-8107a40ba5264//00.00.00/U_TEST/root@DEV
17:04:17.05211/TIMING/W_SERVICE.DATAMAP/20210221-170417457-3beb7b7c7b1c4//00.00.00/U_TEST/root@DEV
17:04:17.05214/TIMING/W_SERVICE.DATAMAP_VIEW/20210221-170417457-27c3767368b34//00.00.00/U_TEST/root@DEV
17:04:17.05215/TIMING/W_SERVICE.DATAMAP/20210221-170417457-3aeb7da5968d4//00.00.00/U_TEST/root@DEV
17:05:56.05217/EXECUTE/FORMAT UTIL.BP W_SERVICE.DATAMAP_LIST/20210221-170556556-8364d6b99efb4/FORMAT UTIL.BP W_SERVICE.DATAMAP_LIST//BCC/root@DEV
17:05:56.05218/EXECUTE/BASIC UTIL.BP W_SERVICE.DATAMAP_LIST/20210221-170556556-f3a3721cd6474/BASIC UTIL.BP W_SERVICE.DATAMAP_LIST//BCC/root@DEV
17:05:56.05219/EXECUTE/CATALOG UTIL.BP W_SERVICE.DATAMAP_LIST/20210221-170556556-bb6d282e49af4/CATALOG UTIL.BP W_SERVICE.DATAMAP_LIST//BCC/root@DEV
17:05:58.05223/EXECUTE/SELECT UTIL.CONFIG LIKE siena_data....list TO 1/20210221-170558558-6712cf7c4cba4/SELECT UTIL.CONFIG LIKE siena_data....list TO 1//U_TEST/root@DEV
17:05:58.05224/TIMING/W_SERVICE.DATAMAP_LIST/20210221-170558558-71bd5baa6eb64//00.00.00/U_TEST/root@DEV
17:05:58.05225/TIMING/W_SERVICE.DATAMAP/20210221-170558558-6cc09b97cb864//00.00.00/U_TEST/root@DEV
17:05:58.05228/TIMING/W_SERVICE.DATAMAP_VIEW/20210221-170558558-56091ca4a2534//00.00.00/U_TEST/root@DEV
17:05:58.05229/TIMING/W_SERVICE.DATAMAP/20210221-170558558-e51b19a54e9c4//00.00.00/U_TEST/root@DEV
17:05:58.05232/TIMING/W_SERVICE.DATAMAP_VIEW/20210221-170558558-40ca120022a14//00.00.00/U_TEST/root@DEV
17:05:58.05233/TIMING/W_SERVICE.DATAMAP/20210221-170558558-fcae075807a04//00.00.00/U_TEST/root@DEV
17:06:34.05235/EXECUTE/FORMAT UTIL.BP W_SERVICE.DATAMAP_LIST/20210221-170634594-c46fc72bb8af4/FORMAT UTIL.BP W_SERVICE.DATAMAP_LIST//BCC/root@DEV
17:06:34.05236/EXECUTE/BASIC UTIL.BP W_SERVICE.DATAMAP_LIST/20210221-170634594-42a50d410c874/BASIC UTIL.BP W_SERVICE.DATAMAP_LIST//BCC/root@DEV
17:06:34.05237/EXECUTE/CATALOG UTIL.BP W_SERVICE.DATAMAP_LIST/20210221-170634594-1c02d4a6809f4/CATALOG UTIL.BP W_SERVICE.DATAMAP_LIST//BCC/root@DEV
17:06:37.05241/EXECUTE/SELECT UTIL.CONFIG LIKE siena_data....list TO 1/20210221-170637597-b75fa6ae4ea34/SELECT UTIL.CONFIG LIKE siena_data....list TO 1//U_TEST/root@DEV
17:06:37.05242/TIMING/W_SERVICE.DATAMAP_LIST/20210221-170637597-934a6abaff0b4//00.00.00/U_TEST/root@DEV
17:06:37.05243/TIMING/W_SERVICE.DATAMAP/20210221-170637597-62e1d9412bba4//00.00.00/U_TEST/root@DEV
17:06:37.05246/TIMING/W_SERVICE.DATAMAP_VIEW/20210221-170637597-3f464e24b94c4//00.00.00/U_TEST/root@DEV
17:06:37.05247/TIMING/W_SERVICE.DATAMAP/20210221-170637597-40292f682f294//00.00.00/U_TEST/root@DEV
17:06:37.05250/TIMING/W_SERVICE.DATAMAP_VIEW/20210221-170637597-c195cfe9021e4//00.00.00/U_TEST/root@DEV
17:06:37.05251/TIMING/W_SERVICE.DATAMAP/20210221-170637597-0f1a7389d4864//00.00.00/U_TEST/root@DEV
17:07:33.05253/EXECUTE/FORMAT UTIL.BP W_SERVICE.DATAMAP_LIST/20210221-170733653-cb0c8e9a2d264/FORMAT UTIL.BP W_SERVICE.DATAMAP_LIST//BCC/root@DEV
17:07:33.05254/EXECUTE/BASIC UTIL.BP W_SERVICE.DATAMAP_LIST/20210221-170733653-9d269534b2324/BASIC UTIL.BP W_SERVICE.DATAMAP_LIST//BCC/root@DEV
17:07:33.05255/EXECUTE/CATALOG UTIL.BP W_SERVICE.DATAMAP_LIST/20210221-170733653-aa11a8263a494/CATALOG UTIL.BP W_SERVICE.DATAMAP_LIST//BCC/root@DEV
17:07:34.05259/EXECUTE/SELECT UTIL.CONFIG LIKE siena_data....list TO 1/20210221-170734654-13d49d1189cd4/SELECT UTIL.CONFIG LIKE siena_data....list TO 1//U_TEST/root@DEV
17:07:34.05260/TIMING/W_SERVICE.DATAMAP_LIST/20210221-170734654-06ec4c9f530a4//00.00.00/U_TEST/root@DEV
17:07:34.05261/TIMING/W_SERVICE.DATAMAP/20210221-170734654-cc141a8ecde74//00.00.00/U_TEST/root@DEV
17:07:34.05264/TIMING/W_SERVICE.DATAMAP_VIEW/20210221-170734654-db4f1a838bca4//00.00.00/U_TEST/root@DEV
17:07:34.05265/TIMING/W_SERVICE.DATAMAP/20210221-170734654-5ae3d8e0c15d4//00.00.00/U_TEST/root@DEV
17:07:34.05268/TIMING/W_SERVICE.DATAMAP_VIEW/20210221-170734654-6cc0d6f3854b4//00.00.00/U_TEST/root@DEV
17:07:34.05269/TIMING/W_SERVICE.DATAMAP/20210221-170734654-75fab80b47b64//00.00.00/U_TEST/root@DEV
17:08:33.05273/EXECUTE/SELECT UTIL.CONFIG LIKE siena_data....list TO 1/20210221-170833713-2fb158b978364/SELECT UTIL.CONFIG LIKE siena_data....list TO 1//U_TEST/root@DEV
17:08:33.05274/TIMING/W_SERVICE.DATAMAP_LIST/20210221-170833713-120691c017c94//00.00.00/U_TEST/root@DEV
17:08:33.05275/TIMING/W_SERVICE.DATAMAP/20210221-170833713-8b49d6a212234//00.00.00/U_TEST/root@DEV
17:08:33.05278/TIMING/W_SERVICE.DATAMAP_VIEW/20210221-170833713-9aa81904c0074//00.00.00/U_TEST/root@DEV
17:08:33.05279/TIMING/W_SERVICE.DATAMAP/20210221-170833713-24cdce91979a4//00.00.00/U_TEST/root@DEV
17:08:33.05282/TIMING/W_SERVICE.DATAMAP_VIEW/20210221-170833713-fdf72a9eeb614//00.00.00/U_TEST/root@DEV
17:08:33.05283/TIMING/W_SERVICE.DATAMAP/20210221-170833713-b7eff27114014//00.00.00/U_TEST/root@DEV
17:09:36.05287/EXECUTE/SELECT UTIL.CONFIG LIKE siena_data....list TO 1/20210221-170936776-b6398f83c0674/SELECT UTIL.CONFIG LIKE siena_data....list TO 1//U_TEST/root@DEV
17:09:36.05288/TIMING/W_SERVICE.DATAMAP_LIST/20210221-170936776-cef9de9fff624//00.00.00/U_TEST/root@DEV
17:09:36.05289/TIMING/W_SERVICE.DATAMAP/20210221-170936776-c581730af7e34//00.00.00/U_TEST/root@DEV
17:09:36.05292/TIMING/W_SERVICE.DATAMAP_VIEW/20210221-170936776-d8b62e03628d4//00.00.00/U_TEST/root@DEV
17:09:36.05293/TIMING/W_SERVICE.DATAMAP/20210221-170936776-7f911edf80074//00.00.00/U_TEST/root@DEV
17:09:36.05296/TIMING/W_SERVICE.DATAMAP_VIEW/20210221-170936776-cf35990672314//00.00.00/U_TEST/root@DEV
17:09:36.05297/TIMING/W_SERVICE.DATAMAP/20210221-170936776-b6f0a12a445c4//00.00.00/U_TEST/root@DEV
17:09:39.05299/EXECUTE/FORMAT UTIL.BP W_SERVICE.DATAMAP_LIST/20210221-170939779-745115850d1b4/FORMAT UTIL.BP W_SERVICE.DATAMAP_LIST//BCC/root@DEV
17:09:39.05300/EXECUTE/BASIC UTIL.BP W_SERVICE.DATAMAP_LIST/20210221-170939779-4cd2fca4ef704/BASIC UTIL.BP W_SERVICE.DATAMAP_LIST//BCC/root@DEV
17:09:39.05301/EXECUTE/CATALOG UTIL.BP W_SERVICE.DATAMAP_LIST/20210221-170939779-d9745d8c66884/CATALOG UTIL.BP W_SERVICE.DATAMAP_LIST//BCC/root@DEV
17:09:41.05305/EXECUTE/SELECT UTIL.CONFIG LIKE siena_data....list TO 1/20210221-170941781-b619233eeb564/SELECT UTIL.CONFIG LIKE siena_data....list TO 1//U_TEST/root@DEV
17:09:41.05306/TIMING/W_SERVICE.DATAMAP_LIST/20210221-170941781-5d4216facd314//00.00.00/U_TEST/root@DEV
17:09:41.05307/TIMING/W_SERVICE.DATAMAP/20210221-170941781-417dc296ad324//00.00.00/U_TEST/root@DEV
17:09:41.05310/TIMING/W_SERVICE.DATAMAP_VIEW/20210221-170941781-593f4712e6d84//00.00.00/U_TEST/root@DEV
17:09:41.05311/TIMING/W_SERVICE.DATAMAP/20210221-170941781-f51d5439da8e4//00.00.00/U_TEST/root@DEV
17:09:41.05314/TIMING/W_SERVICE.DATAMAP_VIEW/20210221-170941781-ead6fb0333224//00.00.00/U_TEST/root@DEV
17:09:41.05315/TIMING/W_SERVICE.DATAMAP/20210221-170941781-678c7f7763dd4//00.00.00/U_TEST/root@DEV
17:10:38.05317/EXECUTE/FORMAT UTIL.BP W_SERVICE.DATAMAP_LIST/20210221-171038838-600149ef574d4/FORMAT UTIL.BP W_SERVICE.DATAMAP_LIST//BCC/root@DEV
17:10:38.05318/EXECUTE/BASIC UTIL.BP W_SERVICE.DATAMAP_LIST/20210221-171038838-47807d0290fa4/BASIC UTIL.BP W_SERVICE.DATAMAP_LIST//BCC/root@DEV
17:10:38.05319/EXECUTE/CATALOG UTIL.BP W_SERVICE.DATAMAP_LIST/20210221-171038838-30d7053b6a694/CATALOG UTIL.BP W_SERVICE.DATAMAP_LIST//BCC/root@DEV
17:10:41.05323/EXECUTE/SELECT UTIL.CONFIG LIKE siena_data....list TO 1/20210221-171041841-97da1db68a544/SELECT UTIL.CONFIG LIKE siena_data....list TO 1//U_TEST/root@DEV
17:10:41.05324/TIMING/W_SERVICE.DATAMAP_LIST/20210221-171041841-31a180a5390e4//00.00.00/U_TEST/root@DEV
17:10:41.05325/TIMING/W_SERVICE.DATAMAP/20210221-171041841-24a097dcaa454//00.00.00/U_TEST/root@DEV
17:10:41.05328/TIMING/W_SERVICE.DATAMAP_VIEW/20210221-171041841-fbce32ba9a474//00.00.00/U_TEST/root@DEV
17:10:41.05329/TIMING/W_SERVICE.DATAMAP/20210221-171041841-4990a8b330024//00.00.00/U_TEST/root@DEV
17:10:41.05332/TIMING/W_SERVICE.DATAMAP_VIEW/20210221-171041841-5f36103c24634//00.00.00/U_TEST/root@DEV
17:10:41.05333/TIMING/W_SERVICE.DATAMAP/20210221-171041841-2de3a596d1bc4//00.00.00/U_TEST/root@DEV
17:17:13.05335/EXECUTE/FORMAT UTIL.BP W_SERVICE.DATAMAP_LIST/20210221-171713233-820c853326224/FORMAT UTIL.BP W_SERVICE.DATAMAP_LIST//BCC/root@DEV
17:17:13.05336/EXECUTE/BASIC UTIL.BP W_SERVICE.DATAMAP_LIST/20210221-171713233-76ce06032e754/BASIC UTIL.BP W_SERVICE.DATAMAP_LIST//BCC/root@DEV
17:17:13.05337/EXECUTE/CATALOG UTIL.BP W_SERVICE.DATAMAP_LIST/20210221-171713233-33767c5058674/CATALOG UTIL.BP W_SERVICE.DATAMAP_LIST//BCC/root@DEV
17:17:15.05341/EXECUTE/SELECT UTIL.CONFIG LIKE siena_data....list TO 1/20210221-171715235-e88e4354e0ed4/SELECT UTIL.CONFIG LIKE siena_data....list TO 1//U_TEST/root@DEV
17:17:15.05342/TIMING/W_SERVICE.DATAMAP_LIST/20210221-171715235-037cee4536644//00.00.00/U_TEST/root@DEV
17:17:15.05343/TIMING/W_SERVICE.DATAMAP/20210221-171715235-3f690e28f1214//00.00.00/U_TEST/root@DEV
17:17:16.05346/TIMING/W_SERVICE.DATAMAP_VIEW/20210221-171716236-d8f921347e464//00.00.01/U_TEST/root@DEV
17:17:16.05347/TIMING/W_SERVICE.DATAMAP/20210221-171716236-2496c19d39374//00.00.01/U_TEST/root@DEV
17:17:16.05350/TIMING/W_SERVICE.DATAMAP_VIEW/20210221-171716236-1131954040e04//00.00.00/U_TEST/root@DEV
17:17:16.05351/TIMING/W_SERVICE.DATAMAP/20210221-171716236-d5f9ffae403b4//00.00.00/U_TEST/root@DEV
17:18:02.05353/EXECUTE/FORMAT UTIL.BP W_SERVICE.DATAMAP_LIST/20210221-171802282-6ac4ec361aa04/FORMAT UTIL.BP W_SERVICE.DATAMAP_LIST//BCC/root@DEV
17:18:02.05354/EXECUTE/BASIC UTIL.BP W_SERVICE.DATAMAP_LIST/20210221-171802282-902b43a929bb4/BASIC UTIL.BP W_SERVICE.DATAMAP_LIST//BCC/root@DEV
17:18:02.05355/EXECUTE/CATALOG UTIL.BP W_SERVICE.DATAMAP_LIST/20210221-171802282-60809995d43c4/CATALOG UTIL.BP W_SERVICE.DATAMAP_LIST//BCC/root@DEV
17:18:04.05359/EXECUTE/SELECT UTIL.CONFIG LIKE siena_data....list TO 1/20210221-171804284-831f10f10c954/SELECT UTIL.CONFIG LIKE siena_data....list TO 1//U_TEST/root@DEV
17:18:04.05360/TIMING/W_SERVICE.DATAMAP_LIST/20210221-171804284-12724b44ff0b4//00.00.00/U_TEST/root@DEV
17:18:04.05361/TIMING/W_SERVICE.DATAMAP/20210221-171804284-d997812830b34//00.00.00/U_TEST/root@DEV
17:18:04.05364/TIMING/W_SERVICE.DATAMAP_VIEW/20210221-171804284-2cc7ee13f1a54//00.00.00/U_TEST/root@DEV
17:18:04.05365/TIMING/W_SERVICE.DATAMAP/20210221-171804284-9262c22321714//00.00.00/U_TEST/root@DEV
17:18:04.05368/TIMING/W_SERVICE.DATAMAP_VIEW/20210221-171804284-0877fe49b5a34//00.00.00/U_TEST/root@DEV
17:18:04.05369/TIMING/W_SERVICE.DATAMAP/20210221-171804284-b87a4c51ca894//00.00.00/U_TEST/root@DEV
17:19:04.05371/EXECUTE/FORMAT UTIL.BP W_SERVICE.DATAMAP_LIST/20210221-171904344-3369eebd6e7a4/FORMAT UTIL.BP W_SERVICE.DATAMAP_LIST//BCC/root@DEV
17:19:04.05372/EXECUTE/BASIC UTIL.BP W_SERVICE.DATAMAP_LIST/20210221-171904344-a1032e8e77454/BASIC UTIL.BP W_SERVICE.DATAMAP_LIST//BCC/root@DEV
17:19:04.05373/EXECUTE/CATALOG UTIL.BP W_SERVICE.DATAMAP_LIST/20210221-171904344-79d44f27c8424/CATALOG UTIL.BP W_SERVICE.DATAMAP_LIST//BCC/root@DEV
17:19:06.05377/EXECUTE/SELECT UTIL.CONFIG LIKE siena_data....list TO 1/20210221-171906346-67ba05a0be9d4/SELECT UTIL.CONFIG LIKE siena_data....list TO 1//U_TEST/root@DEV
17:19:06.05378/TIMING/W_SERVICE.DATAMAP_LIST/20210221-171906346-74a4484144654//00.00.00/U_TEST/root@DEV
17:19:06.05379/TIMING/W_SERVICE.DATAMAP/20210221-171906346-d18a3e0f92de4//00.00.00/U_TEST/root@DEV
17:19:06.05382/TIMING/W_SERVICE.DATAMAP_VIEW/20210221-171906346-52347ca9694d4//00.00.00/U_TEST/root@DEV
17:19:06.05383/TIMING/W_SERVICE.DATAMAP/20210221-171906346-c15d4033388b4//00.00.00/U_TEST/root@DEV
17:19:06.05386/TIMING/W_SERVICE.DATAMAP_VIEW/20210221-171906346-cdb06b5cf0a14//00.00.00/U_TEST/root@DEV
17:19:06.05387/TIMING/W_SERVICE.DATAMAP/20210221-171906346-be619a6126f14//00.00.00/U_TEST/root@DEV
17:19:53.05389/EXECUTE/FORMAT UTIL.BP W_SERVICE.DATAMAP_LIST/20210221-171953393-91729f477fff4/FORMAT UTIL.BP W_SERVICE.DATAMAP_LIST//BCC/root@DEV
17:19:53.05390/EXECUTE/BASIC UTIL.BP W_SERVICE.DATAMAP_LIST/20210221-171953393-567fb6b33a2d4/BASIC UTIL.BP W_SERVICE.DATAMAP_LIST//BCC/root@DEV
17:19:53.05391/EXECUTE/CATALOG UTIL.BP W_SERVICE.DATAMAP_LIST/20210221-171953393-15d41cd1d1fc4/CATALOG UTIL.BP W_SERVICE.DATAMAP_LIST//BCC/root@DEV
17:19:56.05395/EXECUTE/SELECT UTIL.CONFIG LIKE siena_data....list TO 1/20210221-171956396-b1c6e78265934/SELECT UTIL.CONFIG LIKE siena_data....list TO 1//U_TEST/root@DEV
17:19:56.05396/TIMING/W_SERVICE.DATAMAP_LIST/20210221-171956396-c3948b5fc05d4//00.00.01/U_TEST/root@DEV
17:19:56.05397/TIMING/W_SERVICE.DATAMAP/20210221-171956396-2017d4b8c9ee4//00.00.01/U_TEST/root@DEV
17:19:56.05400/TIMING/W_SERVICE.DATAMAP_VIEW/20210221-171956396-0e151ab8658a4//00.00.00/U_TEST/root@DEV
17:19:56.05401/TIMING/W_SERVICE.DATAMAP/20210221-171956396-5786628966cf4//00.00.00/U_TEST/root@DEV
17:19:56.05404/TIMING/W_SERVICE.DATAMAP_VIEW/20210221-171956396-2c569e792f5c4//00.00.00/U_TEST/root@DEV
17:19:56.05405/TIMING/W_SERVICE.DATAMAP/20210221-171956396-117e8267cba44//00.00.00/U_TEST/root@DEV
17:21:09.05407/EXECUTE/FORMAT UTIL.BP U_TEST NOPAGE/20210221-172109469-3554dbba4f654/FORMAT UTIL.BP U_TEST NOPAGE//BCC/root@DEV
17:21:09.05408/EXECUTE/BASIC UTIL.BP U_TEST NOPAGE/20210221-172109469-e9b4c7b742454/BASIC UTIL.BP U_TEST NOPAGE//BCC/root@DEV
17:21:09.05409/EXECUTE/CATALOG UTIL.BP U_TEST NOPAGE/20210221-172109469-e49aaa28f7094/CATALOG UTIL.BP U_TEST NOPAGE//BCC/root@DEV
17:21:13.05413/EXECUTE/SELECT UTIL.CONFIG LIKE siena_data....list TO 1/20210221-172113473-5fd1fccb76aa4/SELECT UTIL.CONFIG LIKE siena_data....list TO 1//U_TEST/root@DEV
17:21:13.05414/TIMING/W_SERVICE.DATAMAP_LIST/20210221-172113473-95940fad0bce4//00.00.00/U_TEST/root@DEV
17:21:13.05415/TIMING/W_SERVICE.DATAMAP/20210221-172113473-c5deacec74b34//00.00.00/U_TEST/root@DEV
17:21:13.05418/TIMING/W_SERVICE.DATAMAP_VIEW/20210221-172113473-58eb3ab5727b4//00.00.00/U_TEST/root@DEV
17:21:13.05419/TIMING/W_SERVICE.DATAMAP/20210221-172113473-ea4f89a2eb274//00.00.00/U_TEST/root@DEV
17:21:13.05422/TIMING/W_SERVICE.DATAMAP_VIEW/20210221-172113473-219f14be4c2e4//00.00.00/U_TEST/root@DEV
17:21:13.05423/TIMING/W_SERVICE.DATAMAP/20210221-172113473-5e51bb5944cc4//00.00.00/U_TEST/root@DEV
17:23:08.05425/EXECUTE/FORMAT UTIL.BP U_TEST NOPAGE/20210221-172308588-69fa86d442374/FORMAT UTIL.BP U_TEST NOPAGE//BCC/root@DEV
17:23:08.05426/EXECUTE/BASIC UTIL.BP U_TEST NOPAGE/20210221-172308588-9c13da2e63e34/BASIC UTIL.BP U_TEST NOPAGE//BCC/root@DEV
17:23:08.05427/EXECUTE/CATALOG UTIL.BP U_TEST NOPAGE/20210221-172308588-3d3527ab35e64/CATALOG UTIL.BP U_TEST NOPAGE//BCC/root@DEV
17:23:10.05431/EXECUTE/SELECT UTIL.CONFIG LIKE siena_data....list TO 1/20210221-172310590-9744183b7d9c4/SELECT UTIL.CONFIG LIKE siena_data....list TO 1//U_TEST/root@DEV
17:23:10.05432/TIMING/W_SERVICE.DATAMAP_LIST/20210221-172310590-2b38d4b34bb14//00.00.01/U_TEST/root@DEV
17:23:10.05433/TIMING/W_SERVICE.DATAMAP/20210221-172310590-06bba9f4985b4//00.00.01/U_TEST/root@DEV
17:23:10.05436/TIMING/W_SERVICE.DATAMAP_VIEW/20210221-172310590-2b95e0a13d754//00.00.00/U_TEST/root@DEV
17:23:10.05437/TIMING/W_SERVICE.DATAMAP/20210221-172310590-68bab850b54d4//00.00.00/U_TEST/root@DEV
17:23:10.05440/TIMING/W_SERVICE.DATAMAP_VIEW/20210221-172310590-606cace1854a4//00.00.00/U_TEST/root@DEV
17:23:10.05441/TIMING/W_SERVICE.DATAMAP/20210221-172310590-343766ccbfb24//00.00.00/U_TEST/root@DEV
17:23:10.05444/TIMING/W_SERVICE.DATAMAP_VIEW/20210221-172310590-d35ac4d3caf84//00.00.00/U_TEST/root@DEV
17:23:10.05445/TIMING/W_SERVICE.DATAMAP/20210221-172310590-9770bcb6ff4c4//00.00.00/U_TEST/root@DEV
17:23:10.05448/TIMING/W_SERVICE.DATAMAP_VIEW/20210221-172310590-20b0296496624//00.00.00/U_TEST/root@DEV
17:23:10.05449/TIMING/W_SERVICE.DATAMAP/20210221-172310590-b0b9fa2b87384//00.00.00/U_TEST/root@DEV
17:23:10.05452/TIMING/W_SERVICE.DATAMAP_VIEW/20210221-172310590-2a42798921bd4//00.00.00/U_TEST/root@DEV
17:23:10.05453/TIMING/W_SERVICE.DATAMAP/20210221-172310590-3974526691e54//00.00.00/U_TEST/root@DEV
17:24:56.05457/EXECUTE/SELECT UTIL.CONFIG LIKE siena_data....list TO 1/20210221-172456696-cc3eee7518e34/SELECT UTIL.CONFIG LIKE siena_data....list TO 1//U_TEST/root@DEV
17:24:56.05458/TIMING/W_SERVICE.DATAMAP_LIST/20210221-172456696-c8b70a74ec294//00.00.00/U_TEST/root@DEV
17:24:56.05459/TIMING/W_SERVICE.DATAMAP/20210221-172456696-c4053e6d4d264//00.00.00/U_TEST/root@DEV
17:24:56.05462/TIMING/W_SERVICE.DATAMAP_VIEW/20210221-172456696-0d8766be65c94//00.00.00/U_TEST/root@DEV
17:24:56.05463/TIMING/W_SERVICE.DATAMAP/20210221-172456696-e676e21eb19e4//00.00.00/U_TEST/root@DEV
17:24:57.05466/TIMING/W_SERVICE.DATAMAP_VIEW/20210221-172457697-eecef29c80db4//00.00.01/U_TEST/root@DEV
17:24:57.05467/TIMING/W_SERVICE.DATAMAP/20210221-172457697-9c3517ba35c74//00.00.01/U_TEST/root@DEV
17:24:57.05470/TIMING/W_SERVICE.DATAMAP_VIEW/20210221-172457697-0ed6d04f9e614//00.00.00/U_TEST/root@DEV
17:24:57.05471/TIMING/W_SERVICE.DATAMAP/20210221-172457697-a091cf88ebf04//00.00.00/U_TEST/root@DEV
17:24:57.05474/TIMING/W_SERVICE.DATAMAP_VIEW/20210221-172457697-f579b92b9a764//00.00.00/U_TEST/root@DEV
17:24:57.05475/TIMING/W_SERVICE.DATAMAP/20210221-172457697-2096838debb14//00.00.00/U_TEST/root@DEV
17:24:57.05478/TIMING/W_SERVICE.DATAMAP_VIEW/20210221-172457697-207441040b524//00.00.00/U_TEST/root@DEV
17:24:57.05479/TIMING/W_SERVICE.DATAMAP/20210221-172457697-8e45a6ae361d4//00.00.00/U_TEST/root@DEV
17:26:54.05482/EXECUTE/"SORT UTIL.LOG.EVENT BY TIME TIME CMD ELAPSED SESSIONTOKEN SESSIONUSER CSV CMD WITH 1 EQ ""WCT_REQUEST"" ID-SUPP"/20210221-172654814-56d5dd66d28a4/"SORT UTIL.LOG.EVENT BY TIME TIME CMD ELAPSED SESSIONTOKEN SESSIONUSER CSV CMD WITH 1 EQ ""WCT_REQUEST"" ID-SUPP"//REPORT.DO/root@DEV
17:26:54.05483/TIMING/U_REPORT.DO.HELPER/20210221-172654814-8c39ae33a7fe4//00.00.00/REPORT.DO/root@DEV
17:26:54.05484/TIMING/REPORT.DO/20210221-172654814-779e54074c6b4//00.00.00/REPORT.DO/root@DEV
17:27:22.05487/EXECUTE/"SORT UTIL.LOG.EVENT BY TIME TIME CMD ELAPSED SESSIONTOKEN SESSIONUSER CSV CMD WITH 1 EQ ""WCT_REQUEST"" ID-SUPP"/20210221-172722842-521d17558f714/"SORT UTIL.LOG.EVENT BY TIME TIME CMD ELAPSED SESSIONTOKEN SESSIONUSER CSV CMD WITH 1 EQ ""WCT_REQUEST"" ID-SUPP"//REPORT.DO/root@DEV
17:27:22.05488/TIMING/U_REPORT.DO.HELPER/20210221-172722842-3ac6f74ac5a14//00.00.00/REPORT.DO/root@DEV
17:27:22.05489/TIMING/REPORT.DO/20210221-172722842-f141066f7d964//00.00.00/REPORT.DO/root@DEV
17:29:04.05492/EXECUTE/SORT UTIL.LOG.EVENT BY DATE BY TIME EVENT SUBR MSG CMD ELAPSED ID-SUPP CSV //20210221-172904944-23c63c6992614/SORT UTIL.LOG.EVENT BY DATE BY TIME EVENT SUBR MSG CMD ELAPSED ID-SUPP CSV ///REPORT.DO/root@DEV
17:29:07.05493/TIMING/U_REPORT.DO.HELPER/20210221-172907947-cdebe760a8384//00.00.03/REPORT.DO/root@DEV
17:29:07.05494/TIMING/REPORT.DO/20210221-172907947-2f5e3785eee04//00.00.03/REPORT.DO/root@DEV
17:29:30.05497/EXECUTE/SORT UTIL.LOG.EVENT BY TIME TIME CMD ELAPSED SESSIONTOKEN SESSIONUSER CSV CMD ID-SUPP NOPAGE/20210221-172930970-fd158b0425c24/SORT UTIL.LOG.EVENT BY TIME TIME CMD ELAPSED SESSIONTOKEN SESSIONUSER CSV CMD ID-SUPP NOPAGE//REPORT.DO/root@DEV
17:29:33.05498/TIMING/U_REPORT.DO.HELPER/20210221-172933973-b5b4311086634//00.00.04/REPORT.DO/root@DEV
17:29:33.05499/TIMING/REPORT.DO/20210221-172933973-a1941553ce664//00.00.04/REPORT.DO/root@DEV
17:29:59.05502/EXECUTE/SORT UTIL.LOG.EVENT BY TIME TIME 2 CMD ELAPSED SESSIONTOKEN SESSIONUSER CSV CMD ID-SUPP NOPAGE/20210221-172959999-6350e7299db84/SORT UTIL.LOG.EVENT BY TIME TIME 2 CMD ELAPSED SESSIONTOKEN SESSIONUSER CSV CMD ID-SUPP NOPAGE//REPORT.DO/root@DEV
17:30:13.05505/EXECUTE/SORT UTIL.LOG.EVENT BY TIME TIME 4 CMD ELAPSED SESSIONTOKEN SESSIONUSER CSV CMD ID-SUPP NOPAGE/20210221-173013013-2e237d606de64/SORT UTIL.LOG.EVENT BY TIME TIME 4 CMD ELAPSED SESSIONTOKEN SESSIONUSER CSV CMD ID-SUPP NOPAGE//REPORT.DO/root@DEV
17:31:06.05508/EXECUTE/SORT UTIL.LOG.EVENT BY TIME TIME EVENT MSG ID CMD ELAPSED SESSIONTOKEN SESSIONUSER CSV ID-SUPP NOPAGE/20210221-173106066-1bde7682c4824/SORT UTIL.LOG.EVENT BY TIME TIME EVENT MSG ID CMD ELAPSED SESSIONTOKEN SESSIONUSER CSV ID-SUPP NOPAGE//REPORT.DO/root@DEV
17:31:35.05509/TIMING/U_REPORT.DO.HELPER/20210221-173135095-0e3529d687ca4//00.00.29/REPORT.DO/root@DEV
17:31:35.05510/TIMING/REPORT.DO/20210221-173135095-40fbb2798e5c4//00.00.29/REPORT.DO/root@DEV
17:32:09.05513/EXECUTE/SORT UTIL.LOG.EVENT BY TIME TIME EVENT MSG ID CMD ELAPSED SESSIONTOKEN SESSIONUSER CSV / ID-SUPP NOPAGE/20210221-173209129-bc858e4b838f4/SORT UTIL.LOG.EVENT BY TIME TIME EVENT MSG ID CMD ELAPSED SESSIONTOKEN SESSIONUSER CSV / ID-SUPP NOPAGE//REPORT.DO/root@DEV
364 record(s) listed
'.keep' not found
